-341.499026, 0.499958, 0.000000
-341.500000, 0.499958, 0.000000
-341.000000, 0.499958, 0.000000
-340.500000, 0.499958, 0.000000
-340.000000, 0.499958, 0.000000
-339.500000, 0.499958, 0.000000
-339.000000, 0.499958, 0.000000
-338.500000, 0.499958, 0.000000
-338.000000, 0.499959, 0.000000
-337.500000, 0.499959, 0.000000
-337.000000, 0.499959, 0.000000
-336.500000, 0.499960, 0.000000
-336.000000, 0.499960, 0.000000
-335.500000, 0.499960, 0.000000
-335.000000, 0.499961, 0.000000
-334.500000, 0.499961, 0.000000
-334.000000, 0.499962, 0.000000
-333.500000, 0.499962, 0.000000
-333.000000, 0.499963, 0.000000
-332.500000, 0.499964, 0.000000
-332.000000, 0.499964, 0.000000
-331.500000, 0.499965, 0.000000
-331.000000, 0.499966, 0.000000
-330.500000, 0.499967, 0.000000
-330.000000, 0.499968, 0.000000
-329.500000, 0.499968, 0.000000
-329.000000, 0.499969, 0.000000
-328.500000, 0.499970, 0.000000
-328.000000, 0.499971, 0.000000
-327.500000, 0.499972, 0.000000
-327.000000, 0.499973, 0.000000
-326.500000, 0.499974, 0.000000
-326.000000, 0.499976, 0.000000
-325.500000, 0.499977, 0.000000
-325.000000, 0.499978, 0.000000
-324.500000, 0.499979, 0.000000
-324.000000, 0.499980, 0.000000
-323.500000, 0.499982, 0.000000
-323.000000, 0.499983, 0.000000
-322.500000, 0.499985, 0.000000
-322.000000, 0.499986, 0.000000
-321.500000, 0.499987, 0.000000
-321.000000, 0.499989, 0.000000
-320.500000, 0.499991, 0.000000
-320.000000, 0.499992, 0.000000
-319.500000, 0.499994, 0.000000
-319.000000, 0.499995, 0.000000
-318.500000, 0.499997, 0.000000
-318.000000, 0.499999, 0.000000
-317.500000, 0.500001, 0.000000
-317.000000, 0.500003, 0.000000
-316.500000, 0.500004, 0.000000
-316.000000, 0.500006, 0.000000
-315.500000, 0.500008, 0.000000
-315.000000, 0.500010, 0.000000
-314.500000, 0.500013, 0.000000
-314.000000, 0.500015, 0.000000
-313.500000, 0.500017, 0.000000
-313.000000, 0.500019, 0.000000
-312.500000, 0.500021, 0.000000
-312.000000, 0.500024, 0.000000
-311.500000, 0.500026, 0.000000
-311.000000, 0.500029, 0.000000
-310.500000, 0.500031, 0.000000
-310.000000, 0.500034, 0.000000
-309.500000, 0.500036, 0.000000
-309.000000, 0.500039, 0.000000
-308.500000, 0.500042, 0.000000
-308.000000, 0.500045, 0.000000
-307.500000, 0.500048, 0.000000
-307.000000, 0.500051, 0.000000
-306.500000, 0.500054, 0.000000
-306.000000, 0.500057, 0.000000
-305.500000, 0.500060, 0.000000
-305.000000, 0.500064, 0.000000
-304.500000, 0.500067, 0.000000
-304.000000, 0.500071, 0.000000
-303.500000, 0.500074, 0.000000
-303.000000, 0.500078, 0.000000
-302.500000, 0.500082, 0.000000
-302.000000, 0.500086, 0.000000
-301.500000, 0.500090, 0.000000
-301.000000, 0.500094, 0.000000
-300.500000, 0.500098, 0.000000
-300.000000, 0.500102, 0.000000
-299.500000, 0.500107, 0.000000
-299.000000, 0.500112, 0.000000
-298.500000, 0.500116, 0.000000
-298.000000, 0.500121, 0.000000
-297.500000, 0.500126, 0.000000
-297.000000, 0.500131, 0.000000
-296.500000, 0.500137, 0.000000
-296.000000, 0.500142, 0.000000
-295.500000, 0.500148, 0.000000
-295.000000, 0.500153, 0.000000
-294.500000, 0.500159, 0.000000
-294.000000, 0.500165, 0.000000
-293.500000, 0.500171, 0.000000
-293.000000, 0.500178, 0.000000
-292.500000, 0.500184, 0.000000
-292.000000, 0.500191, 0.000000
-291.500000, 0.500198, 0.000000
-291.000000, 0.500205, 0.000000
-290.500000, 0.500213, 0.000000
-290.000000, 0.500220, 0.000000
-289.500000, 0.500228, 0.000000
-289.000000, 0.500236, 0.000000
-288.500000, 0.500244, 0.000000
-288.000000, 0.500252, 0.000000
-287.500000, 0.500261, 0.000000
-287.000000, 0.500270, 0.000000
-286.500000, 0.500279, 0.000000
-286.000000, 0.500288, 0.000000
-285.500000, 0.500298, 0.000000
-285.000000, 0.500308, 0.000000
-284.500000, 0.500318, 0.000000
-284.000000, 0.500329, 0.000000
-283.500000, 0.500339, 0.000000
-283.000000, 0.500350, 0.000000
-282.500000, 0.500362, 0.000000
-282.000000, 0.500373, 0.000000
-281.500000, 0.500385, 0.000000
-281.000000, 0.500397, 0.000000
-280.500000, 0.500410, 0.000000
-280.000000, 0.500423, 0.000000
-279.500000, 0.500436, 0.000000
-279.000000, 0.500450, 0.000000
-278.500000, 0.500464, 0.000000
-278.000000, 0.500478, 0.000000
-277.500000, 0.500493, 0.000000
-277.000000, 0.500508, 0.000000
-276.500000, 0.500524, 0.000000
-276.000000, 0.500540, 0.000000
-275.500000, 0.500556, 0.000000
-275.000000, 0.500573, 0.000000
-274.500000, 0.500590, 0.000000
-274.000000, 0.500608, 0.000000
-273.500000, 0.500626, 0.000000
-273.000000, 0.500645, 0.000000
-272.500000, 0.500664, 0.000000
-272.000000, 0.500684, 0.000000
-271.500000, 0.500704, 0.000000
-271.000000, 0.500725, 0.000000
-270.500000, 0.500746, 0.000000
-270.000000, 0.500768, 0.000000
-269.500000, 0.500790, 0.000000
-269.000000, 0.500813, 0.000000
-268.500000, 0.500837, 0.000000
-268.000000, 0.500861, 0.000000
-267.500000, 0.500886, 0.000000
-267.000000, 0.500911, 0.000000
-266.500000, 0.500937, 0.000000
-266.000000, 0.500964, 0.000000
-265.500000, 0.500991, 0.000000
-265.000000, 0.501019, 0.000000
-264.500000, 0.501048, 0.000000
-264.000000, 0.501078, 0.000000
-263.500000, 0.501108, 0.000000
-263.000000, 0.501139, 0.000000
-262.500000, 0.501171, 0.000000
-262.000000, 0.501203, 0.000000
-261.500000, 0.501237, 0.000000
-261.000000, 0.501271, 0.000000
-260.500000, 0.501306, 0.000000
-260.000000, 0.501342, 0.000000
-259.500000, 0.501379, 0.000000
-259.000000, 0.501416, 0.000000
-258.500000, 0.501455, 0.000000
-258.000000, 0.501495, 0.000000
-257.500000, 0.501535, 0.000000
-257.000000, 0.501577, 0.000000
-256.500000, 0.501619, 0.000000
-256.000000, 0.501663, 0.000000
-255.500000, 0.501708, 0.000000
-255.000000, 0.501753, 0.000000
-254.500000, 0.501800, 0.000000
-254.000000, 0.501848, 0.000000
-253.500000, 0.501897, 0.000000
-253.000000, 0.501948, 0.000000
-252.500000, 0.501999, 0.000000
-252.000000, 0.502052, 0.000000
-251.500000, 0.502106, 0.000000
-251.000000, 0.502161, 0.000000
-250.500000, 0.502218, 0.000000
-250.000000, 0.502275, 0.000000
-249.500000, 0.502335, 0.000000
-249.000000, 0.502395, 0.000000
-248.500000, 0.502458, 0.000000
-248.000000, 0.502521, 0.000000
-247.500000, 0.502586, 0.000000
-247.000000, 0.502653, 0.000000
-246.500000, 0.502721, 0.000000
-246.000000, 0.502790, 0.000000
-245.500000, 0.502862, 0.000000
-245.000000, 0.502935, 0.000000
-244.500000, 0.503009, 0.000000
-244.000000, 0.503086, 0.000000
-243.500000, 0.503164, 0.000000
-243.000000, 0.503244, 0.000000
-242.500000, 0.503325, 0.000000
-242.000000, 0.503409, 0.000000
-241.500000, 0.503494, 0.000000
-241.000000, 0.503582, 0.000000
-240.500000, 0.503671, 0.000000
-240.000000, 0.503763, 0.000000
-239.500000, 0.503856, 0.000000
-239.000000, 0.503952, 0.000000
-238.500000, 0.504050, 0.000000
-238.000000, 0.504150, 0.000000
-237.500000, 0.504252, 0.000000
-237.000000, 0.504356, 0.000000
-236.500000, 0.504463, 0.000000
-236.000000, 0.504572, 0.000000
-235.500000, 0.504684, 0.000000
-235.000000, 0.504798, 0.000000
-234.500000, 0.504915, 0.000000
-234.000000, 0.505034, 0.000000
-233.500000, 0.505156, 0.000000
-233.000000, 0.505280, 0.000000
-232.500000, 0.505408, 0.000000
-232.000000, 0.505538, 0.000000
-231.500000, 0.505671, 0.000000
-231.000000, 0.505806, 0.000000
-230.500000, 0.505945, 0.000000
-230.000000, 0.506087, 0.000000
-229.500000, 0.506232, 0.000000
-229.000000, 0.506379, 0.000000
-228.500000, 0.506531, 0.000000
-228.000000, 0.506685, 0.000000
-227.500000, 0.506843, 0.000000
-227.000000, 0.507004, 0.000000
-226.500000, 0.507168, 0.000000
-226.000000, 0.507336, 0.000000
-225.500000, 0.507508, 0.000000
-225.000000, 0.507683, 0.000000
-224.500000, 0.507862, 0.000000
-224.000000, 0.508044, 0.000000
-223.500000, 0.508231, 0.000000
-223.000000, 0.508421, 0.000000
-222.500000, 0.508615, 0.000000
-222.000000, 0.508814, 0.000000
-221.500000, 0.509016, 0.000000
-221.000000, 0.509223, 0.000000
-220.500000, 0.509434, 0.000000
-220.000000, 0.509649, 0.000000
-219.500000, 0.509869, 0.000000
-219.000000, 0.510093, 0.000000
-218.500000, 0.510322, 0.000000
-218.000000, 0.510556, 0.000000
-217.500000, 0.510794, 0.000000
-217.000000, 0.511037, 0.000000
-216.500000, 0.511285, 0.000000
-216.000000, 0.511538, 0.000000
-215.500000, 0.511796, 0.000000
-215.000000, 0.512060, 0.000000
-214.500000, 0.512328, 0.000000
-214.000000, 0.512602, 0.000000
-213.500000, 0.512882, 0.000000
-213.000000, 0.513167, 0.000000
-212.500000, 0.513458, 0.000000
-212.000000, 0.513754, 0.000000
-211.500000, 0.514056, 0.000000
-211.000000, 0.514364, 0.000000
-210.500000, 0.514679, 0.000000
-210.000000, 0.514999, 0.000000
-209.500000, 0.515326, 0.000000
-209.000000, 0.515659, 0.000000
-208.500000, 0.515998, 0.000000
-208.000000, 0.516344, 0.000000
-207.500000, 0.516697, 0.000000
-207.000000, 0.517056, 0.000000
-206.500000, 0.517422, 0.000000
-206.000000, 0.517795, 0.000000
-205.500000, 0.518176, 0.000000
-205.000000, 0.518563, 0.000000
-204.500000, 0.518958, 0.000000
-204.000000, 0.519360, 0.000000
-203.500000, 0.519770, 0.000000
-203.000000, 0.520188, 0.000000
-202.500000, 0.520613, 0.000000
-202.000000, 0.521046, 0.000000
-201.500000, 0.521487, 0.000000
-201.000000, 0.521936, 0.000000
-200.500000, 0.522394, 0.000000
-200.000000, 0.522860, 0.000000
-199.500000, 0.523335, 0.000000
-199.000000, 0.523818, 0.000000
-198.500000, 0.524310, 0.000000
-198.000000, 0.524810, 0.000000
-197.500000, 0.525320, 0.000000
-197.000000, 0.525839, 0.000000
-196.500000, 0.526367, 0.000000
-196.000000, 0.526905, 0.000000
-195.500000, 0.527452, 0.000000
-195.000000, 0.528009, 0.000000
-194.500000, 0.528576, 0.000257
-194.000000, 0.529152, 0.000291
-193.500000, 0.529739, 0.000325
-193.000000, 0.530336, 0.000360
-192.500000, 0.530943, 0.000394
-192.000000, 0.531561, 0.000428
-191.500000, 0.532189, 0.000462
-191.000000, 0.532828, 0.000496
-190.500000, 0.533478, 0.000530
-190.000000, 0.534139, 0.000564
-189.500000, 0.534811, 0.000598
-189.000000, 0.535494, 0.000593
-188.500000, 0.536189, 0.000573
-188.000000, 0.536896, 0.000553
-187.500000, 0.537614, 0.000533
-187.000000, 0.538344, 0.000513
-186.500000, 0.539086, 0.000492
-186.000000, 0.539840, 0.000472
-185.500000, 0.540606, 0.000452
-185.000000, 0.541384, 0.000432
-184.500000, 0.542176, 0.000412
-184.000000, 0.542979, 0.000394
-183.500000, 0.543796, 0.000416
-183.000000, 0.544625, 0.000439
-182.500000, 0.545468, 0.000461
-182.000000, 0.546323, 0.000483
-181.500000, 0.547192, 0.000505
-181.000000, 0.548074, 0.000527
-180.500000, 0.548970, 0.000549
-180.000000, 0.549879, 0.000571
-179.500000, 0.550803, 0.000593
-179.000000, 0.551740, 0.000615
-178.500000, 0.552691, 0.000617
-178.000000, 0.553656, 0.000585
-177.500000, 0.554635, 0.000553
-177.000000, 0.555628, 0.000521
-176.500000, 0.556636, 0.000489
-176.000000, 0.557659, 0.000457
-175.500000, 0.558695, 0.000424
-175.000000, 0.559747, 0.000392
-174.500000, 0.560813, 0.000360
-174.000000, 0.561894, 0.000328
-173.500000, 0.562990, 0.000296
-173.000000, 0.564101, 0.000377
-172.500000, 0.565227, 0.000507
-172.000000, 0.566368, 0.000637
-171.500000, 0.567523, 0.000767
-171.000000, 0.568694, 0.000897
-170.500000, 0.569881, 0.001026
-170.000000, 0.571082, 0.001156
-169.500000, 0.572298, 0.001286
-169.000000, 0.573530, 0.001416
-168.500000, 0.574777, 0.001546
-168.000000, 0.576039, 0.001684
-167.500000, 0.577316, 0.002148
-167.000000, 0.578608, 0.002613
-166.500000, 0.579916, 0.003077
-166.000000, 0.581238, 0.003541
-165.500000, 0.582576, 0.004005
-165.000000, 0.583928, 0.004469
-164.500000, 0.585295, 0.004933
-164.000000, 0.586677, 0.005398
-163.500000, 0.588073, 0.005862
-163.000000, 0.589484, 0.006326
-162.500000, 0.590909, 0.007095
-162.000000, 0.592348, 0.008426
-161.500000, 0.593801, 0.009757
-161.000000, 0.595268, 0.011088
-160.500000, 0.596749, 0.012419
-160.000000, 0.598243, 0.013750
-159.500000, 0.599750, 0.015081
-159.000000, 0.601270, 0.016412
-158.500000, 0.602803, 0.017742
-158.000000, 0.604348, 0.019073
-157.500000, 0.605905, 0.020404
-157.000000, 0.607474, 0.022268
-156.500000, 0.609055, 0.024385
-156.000000, 0.610646, 0.026502
-155.500000, 0.612248, 0.028619
-155.000000, 0.613860, 0.030736
-154.500000, 0.615483, 0.032854
-154.000000, 0.617114, 0.034971
-153.500000, 0.618755, 0.037088
-153.000000, 0.620404, 0.039205
-152.500000, 0.622061, 0.041322
-152.000000, 0.623725, 0.043436
-151.500000, 0.625397, 0.044800
-151.000000, 0.627075, 0.046165
-150.500000, 0.628759, 0.047529
-150.000000, 0.630448, 0.048893
-149.500000, 0.632141, 0.050257
-149.000000, 0.633839, 0.051621
-148.500000, 0.635539, 0.052986
-148.000000, 0.637243, 0.054350
-147.500000, 0.638949, 0.055714
-147.000000, 0.640655, 0.057078
-146.500000, 0.642363, 0.058287
-146.000000, 0.644070, 0.059180
-145.500000, 0.645776, 0.060072
-145.000000, 0.647481, 0.060965
-144.500000, 0.649184, 0.061858
-144.000000, 0.650883, 0.062750
-143.500000, 0.652578, 0.063643
-143.000000, 0.654269, 0.064536
-142.500000, 0.655954, 0.065429
-142.000000, 0.657633, 0.066321
-141.500000, 0.659305, 0.067214
-141.000000, 0.660969, 0.068662
-140.500000, 0.662625, 0.070402
-140.000000, 0.664271, 0.072141
-139.500000, 0.665908, 0.073880
-139.000000, 0.667533, 0.075619
-138.500000, 0.669147, 0.077359
-138.000000, 0.670749, 0.079098
-137.500000, 0.672338, 0.080837
-137.000000, 0.673914, 0.082577
-136.500000, 0.675476, 0.084316
-136.000000, 0.677023, 0.086055
-135.500000, 0.678555, 0.087150
-135.000000, 0.680072, 0.088232
-134.500000, 0.681573, 0.089315
-134.000000, 0.683057, 0.090398
-133.500000, 0.684524, 0.091480
-133.000000, 0.685975, 0.092563
-132.500000, 0.687409, 0.093646
-132.000000, 0.688825, 0.094728
-131.500000, 0.690224, 0.095811
-131.000000, 0.691606, 0.096894
-130.500000, 0.692971, 0.098094
-130.000000, 0.694318, 0.099558
-129.500000, 0.695649, 0.101022
-129.000000, 0.696964, 0.102487
-128.500000, 0.698263, 0.103951
-128.000000, 0.699546, 0.105415
-127.500000, 0.700814, 0.106879
-127.000000, 0.702068, 0.108344
-126.500000, 0.703309, 0.109808
-126.000000, 0.704538, 0.111272
-125.500000, 0.705755, 0.112736
-125.000000, 0.706961, 0.114165
-124.500000, 0.708158, 0.115573
-124.000000, 0.709348, 0.116981
-123.500000, 0.710530, 0.118389
-123.000000, 0.711707, 0.119797
-122.500000, 0.712880, 0.121206
-122.000000, 0.714051, 0.122614
-121.500000, 0.715221, 0.124022
-121.000000, 0.716391, 0.125430
-120.500000, 0.717564, 0.126838
-120.000000, 0.718740, 0.128246
-119.500000, 0.719922, 0.132138
-119.000000, 0.721112, 0.136132
-118.500000, 0.722310, 0.140126
-118.000000, 0.723519, 0.144121
-117.500000, 0.724739, 0.148115
-117.000000, 0.725973, 0.152109
-116.500000, 0.727222, 0.156103
-116.000000, 0.728487, 0.160098
-115.500000, 0.729770, 0.164092
-115.000000, 0.731071, 0.168086
-114.500000, 0.732391, 0.170959
-114.000000, 0.733732, 0.171029
-113.500000, 0.735093, 0.171099
-113.000000, 0.736476, 0.171170
-112.500000, 0.737880, 0.171240
-112.000000, 0.739305, 0.171311
-111.500000, 0.740752, 0.171381
-111.000000, 0.742219, 0.171452
-110.500000, 0.743706, 0.171522
-110.000000, 0.745213, 0.171593
-109.500000, 0.746737, 0.171663
-109.000000, 0.748277, 0.173955
-108.500000, 0.749831, 0.177655
-108.000000, 0.751398, 0.181354
-107.500000, 0.752975, 0.185053
-107.000000, 0.754559, 0.188753
-106.500000, 0.756149, 0.192452
-106.000000, 0.757740, 0.196152
-105.500000, 0.759330, 0.199851
-105.000000, 0.760915, 0.203550
-104.500000, 0.762492, 0.207250
-104.000000, 0.764057, 0.210949
-103.500000, 0.765607, 0.213980
-103.000000, 0.767137, 0.216967
-102.500000, 0.768645, 0.219953
-102.000000, 0.770127, 0.222940
-101.500000, 0.771579, 0.225927
-101.000000, 0.772997, 0.228913
-100.500000, 0.774378, 0.231900
-100.000000, 0.775720, 0.234886
-99.500000, 0.777018, 0.237873
-99.000000, 0.778272, 0.240860
-98.500000, 0.779478, 0.243231
-98.000000, 0.780634, 0.243883
-97.500000, 0.781740, 0.244534
-97.000000, 0.782794, 0.245186
-96.500000, 0.783796, 0.245838
-96.000000, 0.784745, 0.246490
-95.500000, 0.785642, 0.247141
-95.000000, 0.786488, 0.247793
-94.500000, 0.787284, 0.248445
-94.000000, 0.788031, 0.249097
-93.500000, 0.788733, 0.249748
-93.000000, 0.789392, 0.252199
-92.500000, 0.790011, 0.255902
-92.000000, 0.790594, 0.259606
-91.500000, 0.791144, 0.263309
-91.000000, 0.791666, 0.267013
-90.500000, 0.792164, 0.270716
-90.000000, 0.792643, 0.274419
-89.500000, 0.793107, 0.278123
-89.000000, 0.793561, 0.281826
-88.500000, 0.794010, 0.285530
-88.000000, 0.794458, 0.289233
-87.500000, 0.794910, 0.288881
-87.000000, 0.795371, 0.288154
-86.500000, 0.795844, 0.287427
-86.000000, 0.796333, 0.286700
-85.500000, 0.796841, 0.285973
-85.000000, 0.797372, 0.285247
-84.500000, 0.797928, 0.284520
-84.000000, 0.798510, 0.283793
-83.500000, 0.799122, 0.283066
-83.000000, 0.799763, 0.282340
-82.500000, 0.800435, 0.283291
-82.000000, 0.801137, 0.289538
-81.500000, 0.801869, 0.295785
-81.000000, 0.802631, 0.302032
-80.500000, 0.803421, 0.308278
-80.000000, 0.804237, 0.314525
-79.500000, 0.805077, 0.320772
-79.000000, 0.805939, 0.327019
-78.500000, 0.806821, 0.333266
-78.000000, 0.807719, 0.339513
-77.500000, 0.808631, 0.345759
-77.000000, 0.809552, 0.348402
-76.500000, 0.810480, 0.348283
-76.000000, 0.811412, 0.348164
-75.500000, 0.812343, 0.348045
-75.000000, 0.813271, 0.347926
-74.500000, 0.814191, 0.347807
-74.000000, 0.815101, 0.347688
-73.500000, 0.815998, 0.347569
-73.000000, 0.816877, 0.347450
-72.500000, 0.817737, 0.347331
-72.000000, 0.818574, 0.347212
-71.500000, 0.819387, 0.347555
-71.000000, 0.820173, 0.347953
-70.500000, 0.820930, 0.348352
-70.000000, 0.821657, 0.348750
-69.500000, 0.822353, 0.349149
-69.000000, 0.823017, 0.349547
-68.500000, 0.823649, 0.349945
-68.000000, 0.824249, 0.350344
-67.500000, 0.824818, 0.350742
-67.000000, 0.825357, 0.351141
-66.500000, 0.825868, 0.352859
-66.000000, 0.826353, 0.359304
-65.500000, 0.826815, 0.365749
-65.000000, 0.827257, 0.372194
-64.500000, 0.827681, 0.378639
-64.000000, 0.828092, 0.385084
-63.500000, 0.828494, 0.391529
-63.000000, 0.828891, 0.397974
-62.500000, 0.829286, 0.404419
-62.000000, 0.829684, 0.410864
-61.500000, 0.830088, 0.417309
-61.000000, 0.830502, 0.421113
-60.500000, 0.830929, 0.422707
-60.000000, 0.831372, 0.424301
-59.500000, 0.831832, 0.425895
-59.000000, 0.832310, 0.427489
-58.500000, 0.832809, 0.429084
-58.000000, 0.833327, 0.430678
-57.500000, 0.833863, 0.432272
-57.000000, 0.834416, 0.433866
-56.500000, 0.834983, 0.435460
-56.000000, 0.835562, 0.437055
-55.500000, 0.836149, 0.438620
-55.000000, 0.836738, 0.440180
-54.500000, 0.837327, 0.441741
-54.000000, 0.837910, 0.443302
-53.500000, 0.838483, 0.444863
-53.000000, 0.839039, 0.446424
-52.500000, 0.839575, 0.447984
-52.000000, 0.840087, 0.449545
-51.500000, 0.840569, 0.451106
-51.000000, 0.841019, 0.452667
-50.500000, 0.841434, 0.456209
-50.000000, 0.841811, 0.467887
-49.500000, 0.842150, 0.479565
-49.000000, 0.842449, 0.491243
-48.500000, 0.842710, 0.502922
-48.000000, 0.842933, 0.514600
-47.500000, 0.843121, 0.526278
-47.000000, 0.843277, 0.537956
-46.500000, 0.843404, 0.549634
-46.000000, 0.843508, 0.561312
-45.500000, 0.843592, 0.572990
-45.000000, 0.843664, 0.579043
-44.500000, 0.843729, 0.579944
-44.000000, 0.843794, 0.580845
-43.500000, 0.843865, 0.581746
-43.000000, 0.843950, 0.582647
-42.500000, 0.844056, 0.583549
-42.000000, 0.844188, 0.584450
-41.500000, 0.844353, 0.585351
-41.000000, 0.844557, 0.586252
-40.500000, 0.844804, 0.587153
-40.000000, 0.845098, 0.588054
-39.500000, 0.845442, 0.594843
-39.000000, 0.845838, 0.602683
-38.500000, 0.846286, 0.610523
-38.000000, 0.846784, 0.618363
-37.500000, 0.847332, 0.626203
-37.000000, 0.847923, 0.634043
-36.500000, 0.848554, 0.641883
-36.000000, 0.849217, 0.649724
-35.500000, 0.849904, 0.657564
-35.000000, 0.850606, 0.665404
-34.500000, 0.851314, 0.673189
-34.000000, 0.852016, 0.680708
-33.500000, 0.852701, 0.688227
-33.000000, 0.853358, 0.695745
-32.500000, 0.853976, 0.703264
-32.000000, 0.854544, 0.710783
-31.500000, 0.855052, 0.718302
-31.000000, 0.855492, 0.725821
-30.500000, 0.855857, 0.733340
-30.000000, 0.856140, 0.740859
-29.500000, 0.856337, 0.748378
-29.000000, 0.856446, 0.753245
-28.500000, 0.856468, 0.755436
-28.000000, 0.856404, 0.757626
-27.500000, 0.856258, 0.759816
-27.000000, 0.856037, 0.762006
-26.500000, 0.855748, 0.764197
-26.000000, 0.855401, 0.766387
-25.500000, 0.855008, 0.768577
-25.000000, 0.854580, 0.770767
-24.500000, 0.854133, 0.772958
-24.000000, 0.853679, 0.775148
-23.500000, 0.853233, 0.774679
-23.000000, 0.852812, 0.773643
-22.500000, 0.852428, 0.772607
-22.000000, 0.852096, 0.771570
-21.500000, 0.851830, 0.770534
-21.000000, 0.851640, 0.769498
-20.500000, 0.851537, 0.768461
-20.000000, 0.851530, 0.767425
-19.500000, 0.851624, 0.766389
-19.000000, 0.851824, 0.765352
-18.500000, 0.852131, 0.766553
-18.000000, 0.852543, 0.780399
-17.500000, 0.853058, 0.794246
-17.000000, 0.853667, 0.808092
-16.500000, 0.854362, 0.821938
-16.000000, 0.855131, 0.835785
-15.500000, 0.855960, 0.849631
-15.000000, 0.856833, 0.863478
-14.500000, 0.857731, 0.877324
-14.000000, 0.858638, 0.891171
-13.500000, 0.859531, 0.905017
-13.000000, 0.860393, 0.914722
-12.500000, 0.861203, 0.919887
-12.000000, 0.861942, 0.925052
-11.500000, 0.862593, 0.930218
-11.000000, 0.863141, 0.935383
-10.500000, 0.863572, 0.940549
-10.000000, 0.863876, 0.945714
-9.500000, 0.864045, 0.950879
-9.000000, 0.864074, 0.956045
-8.500000, 0.863962, 0.961210
-8.000000, 0.863713, 0.966375
-7.500000, 0.863330, 0.966008
-7.000000, 0.862824, 0.964265
-6.500000, 0.862206, 0.962522
-6.000000, 0.861491, 0.960779
-5.500000, 0.860695, 0.959036
-5.000000, 0.859838, 0.957292
-4.500000, 0.858940, 0.955549
-4.000000, 0.858023, 0.953806
-3.500000, 0.857108, 0.952063
-3.000000, 0.856219, 0.950320
-2.500000, 0.855376, 0.949398
-2.000000, 0.854601, 0.954195
-1.500000, 0.853912, 0.958993
-1.000000, 0.853329, 0.963790
-0.500000, 0.852865, 0.968587
0.000000, 0.852533, 0.973385
0.500000, 0.852344, 0.978182
1.000000, 0.852303, 0.982979
1.500000, 0.852413, 0.987777
2.000000, 0.852674, 0.992574
2.500000, 0.853082, 0.997371
3.000000, 0.853627, 0.993870
3.500000, 0.854299, 0.980309
4.000000, 0.855082, 0.966748
4.500000, 0.855959, 0.953187
5.000000, 0.856909, 0.939626
5.500000, 0.857908, 0.926065
6.000000, 0.858934, 0.912505
6.500000, 0.859959, 0.898944
7.000000, 0.860959, 0.885383
7.500000, 0.861907, 0.871822
8.000000, 0.862779, 0.858261
8.500000, 0.863552, 0.864130
9.000000, 0.864205, 0.875512
9.500000, 0.864721, 0.886894
10.000000, 0.865085, 0.898276
10.500000, 0.865286, 0.909658
11.000000, 0.865317, 0.921040
11.500000, 0.865176, 0.932422
12.000000, 0.864864, 0.943804
12.500000, 0.864386, 0.955186
13.000000, 0.863753, 0.966568
13.500000, 0.862977, 0.974778
14.000000, 0.862074, 0.956208
14.500000, 0.861064, 0.937638
15.000000, 0.859968, 0.919067
15.500000, 0.858810, 0.900497
16.000000, 0.857613, 0.881927
16.500000, 0.856403, 0.863357
17.000000, 0.855204, 0.844787
17.500000, 0.854040, 0.826217
18.000000, 0.852936, 0.807647
18.500000, 0.851912, 0.789077
19.000000, 0.850989, 0.784653
19.500000, 0.850183, 0.799138
20.000000, 0.849509, 0.813622
20.500000, 0.848979, 0.828107
21.000000, 0.848601, 0.842592
21.500000, 0.848379, 0.857077
22.000000, 0.848315, 0.871562
22.500000, 0.848406, 0.886046
23.000000, 0.848648, 0.900531
23.500000, 0.849031, 0.915016
24.000000, 0.849543, 0.929501
24.500000, 0.850169, 0.930547
25.000000, 0.850891, 0.927161
25.500000, 0.851688, 0.923775
26.000000, 0.852541, 0.920389
26.500000, 0.853424, 0.917003
27.000000, 0.854315, 0.913618
27.500000, 0.855189, 0.910232
28.000000, 0.856023, 0.906846
28.500000, 0.856794, 0.903460
29.000000, 0.857480, 0.900074
29.500000, 0.858062, 0.896887
30.000000, 0.858523, 0.896037
30.500000, 0.858848, 0.895187
31.000000, 0.859026, 0.894337
31.500000, 0.859050, 0.893487
32.000000, 0.858914, 0.892637
32.500000, 0.858619, 0.891787
33.000000, 0.858167, 0.890937
33.500000, 0.857565, 0.890087
34.000000, 0.856821, 0.889236
34.500000, 0.855948, 0.888386
35.000000, 0.854960, 0.891205
35.500000, 0.853875, 0.899439
36.000000, 0.852712, 0.907673
36.500000, 0.851490, 0.915907
37.000000, 0.850231, 0.924141
37.500000, 0.848954, 0.932374
38.000000, 0.847682, 0.940608
38.500000, 0.846434, 0.948842
39.000000, 0.845230, 0.957076
39.500000, 0.844088, 0.965310
40.000000, 0.843023, 0.973544
40.500000, 0.842051, 0.973348
41.000000, 0.841183, 0.970030
41.500000, 0.840429, 0.966711
42.000000, 0.839795, 0.963393
42.500000, 0.839288, 0.960075
43.000000, 0.838908, 0.956757
43.500000, 0.838655, 0.953439
44.000000, 0.838526, 0.950120
44.500000, 0.838515, 0.946802
45.000000, 0.838614, 0.943484
45.500000, 0.838814, 0.940627
46.000000, 0.839103, 0.945257
46.500000, 0.839467, 0.949887
47.000000, 0.839892, 0.954517
47.500000, 0.840362, 0.959147
48.000000, 0.840859, 0.963777
48.500000, 0.841368, 0.968407
49.000000, 0.841872, 0.973037
49.500000, 0.842353, 0.977667
50.000000, 0.842795, 0.982297
50.500000, 0.843184, 0.986928
51.000000, 0.843505, 0.981478
51.500000, 0.843745, 0.959848
52.000000, 0.843894, 0.938218
52.500000, 0.843942, 0.916588
53.000000, 0.843882, 0.894958
53.500000, 0.843709, 0.873328
54.000000, 0.843421, 0.851698
54.500000, 0.843016, 0.830068
55.000000, 0.842496, 0.808439
55.500000, 0.841864, 0.786809
56.000000, 0.841126, 0.765179
56.500000, 0.840289, 0.758873
57.000000, 0.839362, 0.758825
57.500000, 0.838353, 0.758777
58.000000, 0.837275, 0.758729
58.500000, 0.836140, 0.758681
59.000000, 0.834959, 0.758633
59.500000, 0.833746, 0.758585
60.000000, 0.832514, 0.758537
60.500000, 0.831276, 0.758489
61.000000, 0.830043, 0.758441
61.500000, 0.828828, 0.758046
62.000000, 0.827643, 0.748536
62.500000, 0.826496, 0.739025
63.000000, 0.825398, 0.729515
63.500000, 0.824356, 0.720004
64.000000, 0.823376, 0.710494
64.500000, 0.822465, 0.700983
65.000000, 0.821626, 0.691473
65.500000, 0.820861, 0.681963
66.000000, 0.820173, 0.672452
66.500000, 0.819560, 0.662942
67.000000, 0.819022, 0.660759
67.500000, 0.818556, 0.671486
68.000000, 0.818159, 0.682214
68.500000, 0.817825, 0.692941
69.000000, 0.817549, 0.703669
69.500000, 0.817324, 0.714396
70.000000, 0.817144, 0.725124
70.500000, 0.817001, 0.735851
71.000000, 0.816886, 0.746579
71.500000, 0.816792, 0.757306
72.000000, 0.816709, 0.768034
72.500000, 0.816629, 0.776019
73.000000, 0.816544, 0.782757
73.500000, 0.816446, 0.789496
74.000000, 0.816325, 0.796234
74.500000, 0.816176, 0.802973
75.000000, 0.815991, 0.809711
75.500000, 0.815763, 0.816450
76.000000, 0.815487, 0.823189
76.500000, 0.815158, 0.829927
77.000000, 0.814773, 0.836666
77.500000, 0.814327, 0.843065
78.000000, 0.813819, 0.821347
78.500000, 0.813247, 0.799629
79.000000, 0.812611, 0.777911
79.500000, 0.811910, 0.756194
80.000000, 0.811147, 0.734476
80.500000, 0.810322, 0.712758
81.000000, 0.809438, 0.691040
81.500000, 0.808500, 0.669323
82.000000, 0.807509, 0.647605
82.500000, 0.806472, 0.625887
83.000000, 0.805391, 0.614212
83.500000, 0.804274, 0.622245
84.000000, 0.803124, 0.630278
84.500000, 0.801947, 0.638311
85.000000, 0.800749, 0.646345
85.500000, 0.799536, 0.654378
86.000000, 0.798312, 0.662411
86.500000, 0.797082, 0.670444
87.000000, 0.795853, 0.678477
87.500000, 0.794628, 0.686510
88.000000, 0.793412, 0.694543
88.500000, 0.792208, 0.697870
89.000000, 0.791022, 0.698830
89.500000, 0.789854, 0.699790
90.000000, 0.788709, 0.700750
90.500000, 0.787588, 0.701710
91.000000, 0.786493, 0.702670
91.500000, 0.785425, 0.703630
92.000000, 0.784385, 0.704590
92.500000, 0.783372, 0.705550
93.000000, 0.782388, 0.706510
93.500000, 0.781431, 0.707470
94.000000, 0.780500, 0.694855
94.500000, 0.779594, 0.682127
95.000000, 0.778711, 0.669400
95.500000, 0.777849, 0.656672
96.000000, 0.777005, 0.643944
96.500000, 0.776179, 0.631216
97.000000, 0.775365, 0.618489
97.500000, 0.774563, 0.605761
98.000000, 0.773769, 0.593033
98.500000, 0.772980, 0.580305
99.000000, 0.772193, 0.569406
99.500000, 0.771404, 0.562434
100.000000, 0.770612, 0.555462
100.500000, 0.769812, 0.548490
101.000000, 0.769003, 0.541518
101.500000, 0.768181, 0.534545
102.000000, 0.767344, 0.527573
102.500000, 0.766489, 0.520601
103.000000, 0.765614, 0.513629
103.500000, 0.764717, 0.506657
104.000000, 0.763796, 0.499685
104.500000, 0.762849, 0.502090
105.000000, 0.761875, 0.509707
105.500000, 0.760872, 0.517324
106.000000, 0.759840, 0.524941
106.500000, 0.758777, 0.532558
107.000000, 0.757684, 0.540175
107.500000, 0.756559, 0.547792
108.000000, 0.755403, 0.555409
108.500000, 0.754215, 0.563026
109.000000, 0.752997, 0.570643
109.500000, 0.751748, 0.578259
110.000000, 0.750470, 0.572552
110.500000, 0.749162, 0.566392
111.000000, 0.747827, 0.560231
111.500000, 0.746466, 0.554071
112.000000, 0.745079, 0.547911
112.500000, 0.743668, 0.541750
113.000000, 0.742235, 0.535590
113.500000, 0.740781, 0.529430
114.000000, 0.739308, 0.523270
114.500000, 0.737819, 0.517109
115.000000, 0.736313, 0.508423
115.500000, 0.734795, 0.493720
116.000000, 0.733265, 0.479017
116.500000, 0.731725, 0.464314
117.000000, 0.730177, 0.449611
117.500000, 0.728623, 0.434908
118.000000, 0.727064, 0.420205
118.500000, 0.725503, 0.405502
119.000000, 0.723941, 0.390799
119.500000, 0.722379, 0.376096
120.000000, 0.720819, 0.361393
120.500000, 0.719263, 0.363244
121.000000, 0.717711, 0.375154
121.500000, 0.716165, 0.387064
122.000000, 0.714627, 0.398975
122.500000, 0.713096, 0.410885
123.000000, 0.711574, 0.422795
123.500000, 0.710061, 0.434706
124.000000, 0.708559, 0.446616
124.500000, 0.707068, 0.458526
125.000000, 0.705587, 0.470437
125.500000, 0.704118, 0.482347
126.000000, 0.702661, 0.465400
126.500000, 0.701216, 0.446874
127.000000, 0.699782, 0.428348
127.500000, 0.698360, 0.409822
128.000000, 0.696950, 0.391296
128.500000, 0.695550, 0.372770
129.000000, 0.694161, 0.354244
129.500000, 0.692783, 0.335719
130.000000, 0.691415, 0.317193
130.500000, 0.690056, 0.298667
131.000000, 0.688706, 0.286003
131.500000, 0.687364, 0.288862
132.000000, 0.686029, 0.291721
132.500000, 0.684701, 0.294579
133.000000, 0.683380, 0.297438
133.500000, 0.682063, 0.300297
134.000000, 0.680751, 0.303156
134.500000, 0.679443, 0.306015
135.000000, 0.678139, 0.308874
135.500000, 0.676836, 0.311733
136.000000, 0.675535, 0.314592
136.500000, 0.674236, 0.316700
137.000000, 0.672937, 0.318308
137.500000, 0.671637, 0.319915
138.000000, 0.670337, 0.321523
138.500000, 0.669036, 0.323130
139.000000, 0.667733, 0.324738
139.500000, 0.666427, 0.326345
140.000000, 0.665120, 0.327953
140.500000, 0.663809, 0.329561
141.000000, 0.662494, 0.331168
141.500000, 0.661177, 0.332776
142.000000, 0.659855, 0.330752
142.500000, 0.658529, 0.328436
143.000000, 0.657200, 0.326120
143.500000, 0.655866, 0.323804
144.000000, 0.654528, 0.321488
144.500000, 0.653185, 0.319172
145.000000, 0.651839, 0.316856
145.500000, 0.650488, 0.314540
146.000000, 0.649133, 0.312223
146.500000, 0.647775, 0.309907
147.000000, 0.646412, 0.307792
147.500000, 0.645046, 0.306275
148.000000, 0.643676, 0.304758
148.500000, 0.642303, 0.303242
149.000000, 0.640927, 0.301725
149.500000, 0.639549, 0.300208
150.000000, 0.638167, 0.298692
150.500000, 0.636784, 0.297175
151.000000, 0.635399, 0.295658
151.500000, 0.634012, 0.294142
152.000000, 0.632623, 0.292625
152.500000, 0.631234, 0.285610
153.000000, 0.629844, 0.274551
153.500000, 0.628453, 0.263493
154.000000, 0.627062, 0.252434
154.500000, 0.625672, 0.241375
155.000000, 0.624282, 0.230317
155.500000, 0.622893, 0.219258
156.000000, 0.621505, 0.208199
156.500000, 0.620118, 0.197141
157.000000, 0.618733, 0.186082
157.500000, 0.617351, 0.175023
158.000000, 0.615971, 0.172002
158.500000, 0.614594, 0.169857
159.000000, 0.613220, 0.167711
159.500000, 0.611850, 0.165566
160.000000, 0.610484, 0.163420
160.500000, 0.609121, 0.161274
161.000000, 0.607764, 0.159129
161.500000, 0.606412, 0.156983
162.000000, 0.605065, 0.154838
162.500000, 0.603723, 0.152692
163.000000, 0.602388, 0.151953
163.500000, 0.601060, 0.155935
164.000000, 0.599738, 0.159916
164.500000, 0.598424, 0.163897
165.000000, 0.597117, 0.167879
165.500000, 0.595819, 0.171860
166.000000, 0.594529, 0.175841
166.500000, 0.593248, 0.179822
167.000000, 0.591977, 0.183804
167.500000, 0.590715, 0.187785
168.000000, 0.589464, 0.191766
168.500000, 0.588223, 0.187003
169.000000, 0.586993, 0.175367
169.500000, 0.585775, 0.163731
170.000000, 0.584569, 0.152095
170.500000, 0.583374, 0.140459
171.000000, 0.582192, 0.128823
171.500000, 0.581023, 0.117187
172.000000, 0.579868, 0.105551
172.500000, 0.578726, 0.093915
173.000000, 0.577598, 0.082279
173.500000, 0.576484, 0.070643
174.000000, 0.575384, 0.069203
174.500000, 0.574299, 0.069073
175.000000, 0.573229, 0.068944
175.500000, 0.572175, 0.068814
176.000000, 0.571135, 0.068685
176.500000, 0.570111, 0.068555
177.000000, 0.569103, 0.068426
177.500000, 0.568110, 0.068297
178.000000, 0.567133, 0.068167
178.500000, 0.566172, 0.068038
179.000000, 0.565226, 0.067094
179.500000, 0.564297, 0.063128
180.000000, 0.563382, 0.059161
180.500000, 0.562484, 0.055195
181.000000, 0.561600, 0.051229
181.500000, 0.560732, 0.047262
182.000000, 0.559879, 0.043296
182.500000, 0.559040, 0.039330
183.000000, 0.558216, 0.035363
183.500000, 0.557406, 0.031397
184.000000, 0.556609, 0.027431
184.500000, 0.555826, 0.024794
185.000000, 0.555055, 0.023297
185.500000, 0.554297, 0.021801
186.000000, 0.553551, 0.020304
186.500000, 0.552816, 0.018808
187.000000, 0.552091, 0.017311
187.500000, 0.551377, 0.015815
188.000000, 0.550671, 0.014318
188.500000, 0.549975, 0.012822
189.000000, 0.549287, 0.011325
189.500000, 0.548606, 0.009829
190.000000, 0.547931, 0.009357
190.500000, 0.547263, 0.009047
191.000000, 0.546599, 0.008737
191.500000, 0.545940, 0.008427
192.000000, 0.545284, 0.008117
192.500000, 0.544631, 0.007806
193.000000, 0.543980, 0.007496
193.500000, 0.543330, 0.007186
194.000000, 0.542680, 0.006876
194.500000, 0.542030, 0.006566
195.000000, 0.541378, 0.006265
195.500000, 0.540724, 0.006005
196.000000, 0.540068, 0.005744
196.500000, 0.539408, 0.005484
197.000000, 0.538744, 0.005224
197.500000, 0.538075, 0.004963
198.000000, 0.537401, 0.004703
198.500000, 0.536720, 0.004443
199.000000, 0.536032, 0.004183
199.500000, 0.535338, 0.003922
200.000000, 0.534635, 0.003662
200.500000, 0.533924, 0.003468
201.000000, 0.533205, 0.003336
201.500000, 0.532476, 0.003204
202.000000, 0.531738, 0.003072
202.500000, 0.530991, 0.002940
203.000000, 0.530234, 0.002809
203.500000, 0.529467, 0.002677
204.000000, 0.528690, 0.002545
204.500000, 0.527903, 0.002413
205.000000, 0.527106, 0.002281
205.500000, 0.526299, 0.002149
206.000000, 0.525482, 0.002056
206.500000, 0.524656, 0.001969
207.000000, 0.523821, 0.001883
207.500000, 0.522977, 0.001797
208.000000, 0.522125, 0.001710
208.500000, 0.521265, 0.001624
209.000000, 0.520397, 0.001538
209.500000, 0.519522, 0.001452
210.000000, 0.518642, 0.001365
210.500000, 0.517756, 0.001279
211.000000, 0.516865, 0.001210
211.500000, 0.515970, 0.001232
212.000000, 0.515071, 0.001253
212.500000, 0.514171, 0.001274
213.000000, 0.513269, 0.001296
213.500000, 0.512367, 0.001317
214.000000, 0.511465, 0.001338
214.500000, 0.510565, 0.001359
215.000000, 0.509667, 0.001381
215.500000, 0.508773, 0.001402
216.000000, 0.507883, 0.001423
216.500000, 0.506999, 0.001430
217.000000, 0.506122, 0.001421
217.500000, 0.505252, 0.001412
218.000000, 0.504391, 0.001403
218.500000, 0.503541, 0.001394
219.000000, 0.502701, 0.001385
219.500000, 0.501873, 0.001376
220.000000, 0.501058, 0.001367
220.500000, 0.500258, 0.001358
221.000000, 0.499472, 0.001349
221.500000, 0.498702, 0.001340
222.000000, 0.497950, 0.001264
222.500000, 0.497214, 0.001172
223.000000, 0.496498, 0.001081
223.500000, 0.495801, 0.000989
224.000000, 0.495124, 0.000898
224.500000, 0.494468, 0.000806
225.000000, 0.493833, 0.000715
225.500000, 0.493220, 0.000624
226.000000, 0.492631, 0.000532
226.500000, 0.492064, 0.000441
227.000000, 0.491521, 0.000358
227.500000, 0.491001, 0.000324
228.000000, 0.490506, 0.000290
228.500000, 0.490036, 0.000256
229.000000, 0.489590, 0.000222
229.500000, 0.489169, 0.000188
230.000000, 0.488773, 0.000154
230.500000, 0.488402, 0.000120
231.000000, 0.488056, 0.000086
231.500000, 0.487735, 0.000052
232.000000, 0.487438, 0.000018
232.500000, 0.487165, 0.000014
233.000000, 0.486917, 0.000045
233.500000, 0.486692, 0.000076
234.000000, 0.486490, 0.000106
234.500000, 0.486312, 0.000137
235.000000, 0.486155, 0.000167
235.500000, 0.486021, 0.000198
236.000000, 0.485907, 0.000229
236.500000, 0.485814, 0.000259
237.000000, 0.485741, 0.000290
237.500000, 0.485686, 0.000320
238.000000, 0.485650, 0.000378
238.500000, 0.485632, 0.000443
239.000000, 0.485630, 0.000507
239.500000, 0.485643, 0.000572
240.000000, 0.485672, 0.000637
240.500000, 0.485714, 0.000701
241.000000, 0.485769, 0.000766
241.500000, 0.485836, 0.000830
242.000000, 0.485915, 0.000895
242.500000, 0.486003, 0.000960
243.000000, 0.486100, 0.001007
243.500000, 0.486205, 0.000930
244.000000, 0.486317, 0.000853
244.500000, 0.486435, 0.000777
245.000000, 0.486557, 0.000700
245.500000, 0.486684, 0.000623
246.000000, 0.486814, 0.000546
246.500000, 0.486946, 0.000469
247.000000, 0.487079, 0.000392
247.500000, 0.487212, 0.000315
248.000000, 0.487344, 0.000238
248.500000, 0.487474, 0.000000
249.000000, 0.487602, 0.000000
249.500000, 0.487726, 0.000000
250.000000, 0.487846, 0.000000
250.500000, 0.487961, 0.000000
251.000000, 0.488071, 0.000000
251.500000, 0.488173, 0.000000
252.000000, 0.488269, 0.000000
252.500000, 0.488357, 0.000000
253.000000, 0.488436, 0.000000
253.500000, 0.488506, 0.000000
254.000000, 0.488567, 0.000000
254.500000, 0.488618, 0.000000
255.000000, 0.488658, 0.000000
255.500000, 0.488687, 0.000000
256.000000, 0.488705, 0.000000
256.500000, 0.488712, 0.000000
257.000000, 0.488706, 0.000000
257.500000, 0.488689, 0.000000
258.000000, 0.488659, 0.000000
258.500000, 0.488617, 0.000000
259.000000, 0.488562, 0.000000
259.500000, 0.488495, 0.000000
260.000000, 0.488415, 0.000000
260.500000, 0.488322, 0.000000
261.000000, 0.488217, 0.000000
261.500000, 0.488100, 0.000000
262.000000, 0.487971, 0.000000
262.500000, 0.487829, 0.000000
263.000000, 0.487675, 0.000000
263.500000, 0.487510, 0.000000
264.000000, 0.487334, 0.000000
264.500000, 0.487147, 0.000000
265.000000, 0.486949, 0.000000
265.500000, 0.486741, 0.000000
266.000000, 0.486523, 0.000000
266.500000, 0.486296, 0.000000
267.000000, 0.486060, 0.000000
267.500000, 0.485816, 0.000000
268.000000, 0.485564, 0.000000
268.500000, 0.485305, 0.000000
269.000000, 0.485040, 0.000000
269.500000, 0.484768, 0.000000
270.000000, 0.484492, 0.000000
270.500000, 0.484211, 0.000000
271.000000, 0.483926, 0.000000
271.500000, 0.483638, 0.000000
272.000000, 0.483348, 0.000000
272.500000, 0.483056, 0.000000
273.000000, 0.482763, 0.000000
273.500000, 0.482470, 0.000000
274.000000, 0.482177, 0.000000
274.500000, 0.481887, 0.000000
275.000000, 0.481598, 0.000000
275.500000, 0.481312, 0.000000
276.000000, 0.481031, 0.000000
276.500000, 0.480754, 0.000000
277.000000, 0.480482, 0.000000
277.500000, 0.480217, 0.000000
278.000000, 0.479959, 0.000000
278.500000, 0.479710, 0.000000
279.000000, 0.479468, 0.000000
279.500000, 0.479237, 0.000000
280.000000, 0.479016, 0.000000
280.500000, 0.478806, 0.000000
281.000000, 0.478608, 0.000000
281.500000, 0.478423, 0.000000
282.000000, 0.478251, 0.000000
282.500000, 0.478093, 0.000000
283.000000, 0.477950, 0.000000
283.500000, 0.477823, 0.000000
284.000000, 0.477712, 0.000000
284.500000, 0.477618, 0.000000
285.000000, 0.477541, 0.000000
285.500000, 0.477482, 0.000000
286.000000, 0.477442, 0.000000
286.500000, 0.477421, 0.000000
287.000000, 0.477420, 0.000000
287.500000, 0.477438, 0.000000
288.000000, 0.477477, 0.000000
288.500000, 0.477537, 0.000000
289.000000, 0.477618, 0.000000
289.500000, 0.477721, 0.000000
290.000000, 0.477846, 0.000000
290.500000, 0.477992, 0.000000
291.000000, 0.478161, 0.000000
291.500000, 0.478352, 0.000000
292.000000, 0.478566, 0.000000
292.500000, 0.478802, 0.000000
293.000000, 0.479060, 0.000000
293.500000, 0.479341, 0.000000
294.000000, 0.479645, 0.000000
294.500000, 0.479970, 0.000000
295.000000, 0.480318, 0.000000
295.500000, 0.480688, 0.000000
296.000000, 0.481079, 0.000000
296.500000, 0.481492, 0.000000
297.000000, 0.481926, 0.000000
297.500000, 0.482381, 0.000000
298.000000, 0.482855, 0.000000
298.500000, 0.483350, 0.000000
299.000000, 0.483864, 0.000000
299.500000, 0.484397, 0.000000
300.000000, 0.484948, 0.000000
300.500000, 0.485516, 0.000000
301.000000, 0.486102, 0.000000
301.500000, 0.486704, 0.000000
302.000000, 0.487321, 0.000000
302.500000, 0.487954, 0.000000
303.000000, 0.488600, 0.000000
303.500000, 0.489260, 0.000000
304.000000, 0.489933, 0.000000
304.500000, 0.490617, 0.000000
305.000000, 0.491313, 0.000000
305.500000, 0.492018, 0.000000
306.000000, 0.492733, 0.000000
306.500000, 0.493457, 0.000000
307.000000, 0.494188, 0.000000
307.500000, 0.494925, 0.000000
308.000000, 0.495669, 0.000000
308.500000, 0.496417, 0.000000
309.000000, 0.497170, 0.000000
309.500000, 0.497926, 0.000000
310.000000, 0.498684, 0.000000
310.500000, 0.499444, 0.000000
311.000000, 0.500204, 0.000000
311.500000, 0.500964, 0.000000
312.000000, 0.501724, 0.000000
312.500000, 0.502481, 0.000000
313.000000, 0.503236, 0.000000
313.500000, 0.503988, 0.000000
314.000000, 0.504735, 0.000000
314.500000, 0.505478, 0.000000
315.000000, 0.506215, 0.000000
315.500000, 0.506946, 0.000000
316.000000, 0.507670, 0.000000
316.500000, 0.508387, 0.000000
317.000000, 0.509095, 0.000000
317.500000, 0.509795, 0.000000
318.000000, 0.510486, 0.000000
318.500000, 0.511167, 0.000000
319.000000, 0.511837, 0.000000
319.500000, 0.512497, 0.000000
320.000000, 0.513145, 0.000000
320.500000, 0.513782, 0.000000
321.000000, 0.514407, 0.000000
321.500000, 0.515020, 0.000000
322.000000, 0.515619, 0.000000
322.500000, 0.516206, 0.000000
323.000000, 0.516779, 0.000000
323.500000, 0.517339, 0.000000
324.000000, 0.517884, 0.000000
324.500000, 0.518416, 0.000000
325.000000, 0.518933, 0.000000
325.500000, 0.519436, 0.000000
326.000000, 0.519923, 0.000000
326.500000, 0.520396, 0.000000
327.000000, 0.520855, 0.000000
327.500000, 0.521298, 0.000000
328.000000, 0.521725, 0.000000
328.500000, 0.522138, 0.000000
329.000000, 0.522535, 0.000000
329.500000, 0.522917, 0.000000
330.000000, 0.523283, 0.000000
330.500000, 0.523634, 0.000000
331.000000, 0.523969, 0.000000
331.500000, 0.524289, 0.000000
332.000000, 0.524594, 0.000000
332.500000, 0.524883, 0.000000
333.000000, 0.525156, 0.000000
333.500000, 0.525414, 0.000000
334.000000, 0.525657, 0.000000
334.500000, 0.525884, 0.000000
335.000000, 0.526097, 0.000000
335.500000, 0.526294, 0.000000
336.000000, 0.526475, 0.000000
336.500000, 0.526642, 0.000000
337.000000, 0.526794, 0.000000
337.500000, 0.526931, 0.000000
338.000000, 0.527054, 0.000000
338.500000, 0.527162, 0.000000
339.000000, 0.527255, 0.000000
339.500000, 0.527334, 0.000000
340.000000, 0.527399, 0.000000
340.500000, 0.527450, 0.000000
341.000000, 0.527487, 0.000000
341.500000, 0.527510, 0.000000
342.000000, 0.527520, 0.000000
342.500000, 0.527517, 0.000000
343.000000, 0.527501, 0.000000
343.500000, 0.527472, 0.000000
344.000000, 0.527430, 0.000000
344.500000, 0.527376, 0.000000
345.000000, 0.527310, 0.000000
345.500000, 0.527232, 0.000000
346.000000, 0.527143, 0.000000
346.500000, 0.527043, 0.000000
347.000000, 0.526933, 0.000000
347.500000, 0.526812, 0.000000
348.000000, 0.526681, 0.000000
348.500000, 0.526541, 0.000000
349.000000, 0.526391, 0.000000
349.500000, 0.526234, 0.000000
350.000000, 0.526068, 0.000000
350.500000, 0.525894, 0.000000
351.000000, 0.525713, 0.000000
351.500000, 0.525525, 0.000000
352.000000, 0.525332, 0.000000
352.500000, 0.525132, 0.000000
353.000000, 0.524927, 0.000000
353.500000, 0.524718, 0.000000
354.000000, 0.524505, 0.000000
354.500000, 0.524288, 0.000000
355.000000, 0.524068, 0.000000
355.500000, 0.523846, 0.000000
356.000000, 0.523622, 0.000000
356.500000, 0.523397, 0.000000
357.000000, 0.523171, 0.000000
357.500000, 0.522944, 0.000000
358.000000, 0.522718, 0.000000
358.500000, 0.522493, 0.000000
359.000000, 0.522269, 0.000000
359.500000, 0.522047, 0.000000
360.000000, 0.521827, 0.000000
360.500000, 0.521611, 0.000000
361.000000, 0.521397, 0.000000
361.500000, 0.521187, 0.000000
362.000000, 0.520981, 0.000000
362.500000, 0.520779, 0.000000
363.000000, 0.520582, 0.000000
363.500000, 0.520390, 0.000000
364.000000, 0.520203, 0.000000
364.500000, 0.520022, 0.000000
365.000000, 0.519847, 0.000000
365.500000, 0.519677, 0.000000
366.000000, 0.519514, 0.000000
366.500000, 0.519356, 0.000000
367.000000, 0.519205, 0.000000
367.500000, 0.519059, 0.000000
368.000000, 0.518920, 0.000000
368.500000, 0.518787, 0.000000
369.000000, 0.518659, 0.000000
369.500000, 0.518538, 0.000000
370.000000, 0.518421, 0.000000
370.500000, 0.518310, 0.000000
371.000000, 0.518204, 0.000000
371.500000, 0.518102, 0.000000
372.000000, 0.518005, 0.000000
372.500000, 0.517911, 0.000000
373.000000, 0.517820, 0.000000
373.500000, 0.517732, 0.000000
374.000000, 0.517647, 0.000000
374.500000, 0.517563, 0.000000
375.000000, 0.517480, 0.000000
375.500000, 0.517398, 0.000000
376.000000, 0.517315, 0.000000
376.500000, 0.517232, 0.000000
377.000000, 0.517147, 0.000000
377.500000, 0.517060, 0.000000
378.000000, 0.516970, 0.000000
378.500000, 0.516876, 0.000000
379.000000, 0.516778, 0.000000
379.500000, 0.516675, 0.000000
380.000000, 0.516565, 0.000000
380.500000, 0.516450, 0.000000
381.000000, 0.516326, 0.000000
381.500000, 0.516195, 0.000000
382.000000, 0.516055, 0.000000
382.500000, 0.515905, 0.000000
383.000000, 0.515746, 0.000000
383.500000, 0.515575, 0.000000
384.000000, 0.515393, 0.000000
384.500000, 0.515199, 0.000000
385.000000, 0.514992, 0.000000
385.500000, 0.514772, 0.000000
386.000000, 0.514539, 0.000000
386.500000, 0.514291, 0.000000
387.000000, 0.514029, 0.000000
387.500000, 0.513753, 0.000000
388.000000, 0.513461, 0.000000
388.500000, 0.513153, 0.000000
389.000000, 0.512831, 0.000000
389.500000, 0.512492, 0.000000
390.000000, 0.512137, 0.000000
390.500000, 0.511767, 0.000000
391.000000, 0.511380, 0.000000
391.500000, 0.510978, 0.000000
392.000000, 0.510560, 0.000000
392.500000, 0.510127, 0.000000
393.000000, 0.509678, 0.000000
393.500000, 0.509215, 0.000000
394.000000, 0.508736, 0.000000
394.500000, 0.508244, 0.000000
395.000000, 0.507737, 0.000000
395.500000, 0.507218, 0.000000
396.000000, 0.506686, 0.000000
396.500000, 0.506141, 0.000000
397.000000, 0.505586, 0.000000
397.500000, 0.505019, 0.000000
398.000000, 0.504443, 0.000000
398.500000, 0.503858, 0.000000
399.000000, 0.503264, 0.000000
399.500000, 0.502663, 0.000000
400.000000, 0.502055, 0.000000
400.500000, 0.501442, 0.000000
401.000000, 0.500824, 0.000000
401.500000, 0.500203, 0.000000
402.000000, 0.499579, 0.000000
402.500000, 0.498953, 0.000000
403.000000, 0.498327, 0.000000
403.500000, 0.497701, 0.000000
404.000000, 0.497077, 0.000000
404.500000, 0.496455, 0.000000
405.000000, 0.495836, 0.000000
405.500000, 0.495223, 0.000000
406.000000, 0.494615, 0.000000
406.500000, 0.494013, 0.000000
407.000000, 0.493419, 0.000000
407.500000, 0.492834, 0.000000
408.000000, 0.492258, 0.000000
408.500000, 0.491693, 0.000000
409.000000, 0.491139, 0.000000
409.500000, 0.490597, 0.000000
410.000000, 0.490069, 0.000000
410.500000, 0.489554, 0.000000
411.000000, 0.489053, 0.000000
411.500000, 0.488568, 0.000000
412.000000, 0.488099, 0.000000
412.500000, 0.487646, 0.000000
413.000000, 0.487211, 0.000000
413.500000, 0.486793, 0.000000
414.000000, 0.486393, 0.000000
414.500000, 0.486011, 0.000000
415.000000, 0.485649, 0.000000
415.500000, 0.485305, 0.000000
416.000000, 0.484981, 0.000000
416.500000, 0.484676, 0.000000
417.000000, 0.484391, 0.000000
417.500000, 0.484125, 0.000000
418.000000, 0.483879, 0.000000
418.500000, 0.483653, 0.000000
419.000000, 0.483447, 0.000000
419.500000, 0.483260, 0.000000
420.000000, 0.483093, 0.000000
420.500000, 0.482944, 0.000000
421.000000, 0.482814, 0.000000
421.500000, 0.482703, 0.000000
422.000000, 0.482609, 0.000000
422.500000, 0.482533, 0.000000
423.000000, 0.482474, 0.000000
423.500000, 0.482432, 0.000000
424.000000, 0.482406, 0.000000
424.500000, 0.482395, 0.000000
425.000000, 0.482399, 0.000000
425.500000, 0.482417, 0.000000
426.000000, 0.482449, 0.000000
426.500000, 0.482494, 0.000000
427.000000, 0.482550, 0.000000
427.500000, 0.482618, 0.000000
428.000000, 0.482696, 0.000000
428.500000, 0.482784, 0.000000
429.000000, 0.482881, 0.000000
429.500000, 0.482987, 0.000000
430.000000, 0.483099, 0.000000
430.500000, 0.483218, 0.000000
431.000000, 0.483343, 0.000000
431.500000, 0.483472, 0.000000
432.000000, 0.483606, 0.000000
432.500000, 0.483743, 0.000000
433.000000, 0.483882, 0.000000
433.500000, 0.484023, 0.000000
434.000000, 0.484165, 0.000000
434.500000, 0.484307, 0.000000
435.000000, 0.484448, 0.000000
435.500000, 0.484588, 0.000000
436.000000, 0.484725, 0.000000
436.500000, 0.484860, 0.000000
437.000000, 0.484992, 0.000000
437.500000, 0.485119, 0.000000
438.000000, 0.485242, 0.000000
438.500000, 0.485359, 0.000000
439.000000, 0.485471, 0.000000
439.500000, 0.485576, 0.000000
440.000000, 0.485674, 0.000000
440.500000, 0.485765, 0.000000
441.000000, 0.485848, 0.000000
441.500000, 0.485922, 0.000000
442.000000, 0.485989, 0.000000
442.500000, 0.486046, 0.000000
443.000000, 0.486094, 0.000000
443.500000, 0.486133, 0.000000
444.000000, 0.486163, 0.000000
444.500000, 0.486182, 0.000000
445.000000, 0.486192, 0.000000
445.500000, 0.486191, 0.000000
446.000000, 0.486180, 0.000000
446.500000, 0.486159, 0.000000
447.000000, 0.486128, 0.000000
447.500000, 0.486087, 0.000000
448.000000, 0.486036, 0.000000
448.500000, 0.485974, 0.000000
449.000000, 0.485903, 0.000000
449.500000, 0.485822, 0.000000
450.000000, 0.485732, 0.000000
450.500000, 0.485633, 0.000000
451.000000, 0.485524, 0.000000
451.500000, 0.485407, 0.000000
452.000000, 0.485282, 0.000000
452.500000, 0.485148, 0.000000
453.000000, 0.485007, 0.000000
453.500000, 0.484859, 0.000000
454.000000, 0.484703, 0.000000
454.500000, 0.484542, 0.000000
455.000000, 0.484375, 0.000000
455.500000, 0.484202, 0.000000
456.000000, 0.484024, 0.000000
456.500000, 0.483843, 0.000000
457.000000, 0.483657, 0.000000
457.500000, 0.483468, 0.000000
458.000000, 0.483277, 0.000000
458.500000, 0.483084, 0.000000
459.000000, 0.482889, 0.000000
459.500000, 0.482694, 0.000000
460.000000, 0.482498, 0.000000
460.500000, 0.482303, 0.000000
461.000000, 0.482109, 0.000000
461.500000, 0.481917, 0.000000
462.000000, 0.481727, 0.000000
462.500000, 0.481541, 0.000000
463.000000, 0.481358, 0.000000
463.500000, 0.481180, 0.000000
464.000000, 0.481006, 0.000000
464.500000, 0.480839, 0.000000
465.000000, 0.480678, 0.000000
465.500000, 0.480523, 0.000000
466.000000, 0.480377, 0.000000
466.500000, 0.480238, 0.000000
467.000000, 0.480109, 0.000000
467.500000, 0.479989, 0.000000
468.000000, 0.479879, 0.000000
468.500000, 0.479779, 0.000000
469.000000, 0.479691, 0.000000
469.500000, 0.479614, 0.000000
470.000000, 0.479549, 0.000000
470.500000, 0.479497, 0.000000
471.000000, 0.479458, 0.000000
471.500000, 0.479433, 0.000000
472.000000, 0.479421, 0.000000
472.500000, 0.479424, 0.000000
473.000000, 0.479441, 0.000000
473.500000, 0.479474, 0.000000
474.000000, 0.479522, 0.000000
474.500000, 0.479586, 0.000000
475.000000, 0.479665, 0.000000
475.500000, 0.479761, 0.000000
476.000000, 0.479873, 0.000000
476.500000, 0.480001, 0.000000
477.000000, 0.480147, 0.000000
477.500000, 0.480309, 0.000000
478.000000, 0.480487, 0.000000
478.500000, 0.480683, 0.000000
479.000000, 0.480896, 0.000000
479.500000, 0.481125, 0.000000
480.000000, 0.481372, 0.000000
480.500000, 0.481635, 0.000000
481.000000, 0.481915, 0.000000
481.500000, 0.482212, 0.000000
482.000000, 0.482524, 0.000000
482.500000, 0.482854, 0.000000
483.000000, 0.483199, 0.000000
483.500000, 0.483560, 0.000000
484.000000, 0.483936, 0.000000
484.500000, 0.484328, 0.000000
485.000000, 0.484734, 0.000000
485.500000, 0.485156, 0.000000
486.000000, 0.485591, 0.000000
486.500000, 0.486040, 0.000000
487.000000, 0.486502, 0.000000
487.500000, 0.486978, 0.000000
488.000000, 0.487466, 0.000000
488.500000, 0.487966, 0.000000
489.000000, 0.488477, 0.000000
489.500000, 0.489000, 0.000000
490.000000, 0.489533, 0.000000
490.500000, 0.490077, 0.000000
491.000000, 0.490629, 0.000000
491.500000, 0.491191, 0.000000
492.000000, 0.491761, 0.000000
492.500000, 0.492339, 0.000000
493.000000, 0.492924, 0.000000
493.500000, 0.493516, 0.000000
494.000000, 0.494114, 0.000000
494.500000, 0.494717, 0.000000
495.000000, 0.495326, 0.000000
495.500000, 0.495938, 0.000000
496.000000, 0.496555, 0.000000
496.500000, 0.497175, 0.000000
497.000000, 0.497797, 0.000000
497.500000, 0.498421, 0.000000
498.000000, 0.499047, 0.000000
498.500000, 0.499673, 0.000000
499.000000, 0.500300, 0.000000
499.500000, 0.500926, 0.000000
500.000000, 0.501552, 0.000000
500.500000, 0.502176, 0.000000
501.000000, 0.502799, 0.000000
501.500000, 0.503419, 0.000000
502.000000, 0.504035, 0.000000
502.500000, 0.504649, 0.000000
503.000000, 0.505258, 0.000000
503.500000, 0.505863, 0.000000
504.000000, 0.506463, 0.000000
504.500000, 0.507058, 0.000000
505.000000, 0.507647, 0.000000
505.500000, 0.508230, 0.000000
506.000000, 0.508806, 0.000000
506.500000, 0.509375, 0.000000
507.000000, 0.509936, 0.000000
507.500000, 0.510490, 0.000000
508.000000, 0.511035, 0.000000
508.500000, 0.511572, 0.000000
509.000000, 0.512100, 0.000000
509.500000, 0.512619, 0.000000
510.000000, 0.513129, 0.000000
510.500000, 0.513629, 0.000000
511.000000, 0.514118, 0.000000
511.500000, 0.514598, 0.000000
512.000000, 0.515067, 0.000000
512.500000, 0.515525, 0.000000
513.000000, 0.515972, 0.000000
513.500000, 0.516409, 0.000000
514.000000, 0.516834, 0.000000
514.500000, 0.517247, 0.000000
515.000000, 0.517649, 0.000000
515.500000, 0.518039, 0.000000
516.000000, 0.518418, 0.000000
516.500000, 0.518784, 0.000000
517.000000, 0.519139, 0.000000
517.500000, 0.519481, 0.000000
518.000000, 0.519812, 0.000000
518.500000, 0.520130, 0.000000
519.000000, 0.520436, 0.000000
519.500000, 0.520730, 0.000000
520.000000, 0.521011, 0.000000
520.500000, 0.521281, 0.000000
521.000000, 0.521538, 0.000000
521.500000, 0.521783, 0.000000
522.000000, 0.522016, 0.000000
522.500000, 0.522237, 0.000000
523.000000, 0.522446, 0.000000
523.500000, 0.522644, 0.000000
524.000000, 0.522829, 0.000000
524.500000, 0.523003, 0.000000
525.000000, 0.523166, 0.000000
525.500000, 0.523317, 0.000000
526.000000, 0.523457, 0.000000
526.500000, 0.523585, 0.000000
527.000000, 0.523703, 0.000000
527.500000, 0.523811, 0.000000
528.000000, 0.523907, 0.000000
528.500000, 0.523994, 0.000000
529.000000, 0.524070, 0.000000
529.500000, 0.524136, 0.000000
530.000000, 0.524193, 0.000000
530.500000, 0.524240, 0.000000
531.000000, 0.524277, 0.000000
531.500000, 0.524306, 0.000000
532.000000, 0.524326, 0.000000
532.500000, 0.524337, 0.000000
533.000000, 0.524340, 0.000000
533.500000, 0.524335, 0.000000
534.000000, 0.524322, 0.000000
534.500000, 0.524302, 0.000000
535.000000, 0.524274, 0.000000
535.500000, 0.524239, 0.000000
536.000000, 0.524197, 0.000000
536.500000, 0.524149, 0.000000
537.000000, 0.524095, 0.000000
537.500000, 0.524034, 0.000000
538.000000, 0.523968, 0.000000
538.500000, 0.523896, 0.000000
539.000000, 0.523819, 0.000000
539.500000, 0.523737, 0.000000
540.000000, 0.523650, 0.000000
540.500000, 0.523558, 0.000000
541.000000, 0.523462, 0.000000
541.500000, 0.523362, 0.000000
542.000000, 0.523258, 0.000000
542.500000, 0.523150, 0.000000
543.000000, 0.523039, 0.000000
543.500000, 0.522925, 0.000000
544.000000, 0.522807, 0.000000
544.500000, 0.522686, 0.000000
545.000000, 0.522563, 0.000000
545.500000, 0.522436, 0.000000
546.000000, 0.522307, 0.000000
546.500000, 0.522176, 0.000000
547.000000, 0.522043, 0.000000
547.500000, 0.521907, 0.000000
548.000000, 0.521769, 0.000000
548.500000, 0.521629, 0.000000
549.000000, 0.521488, 0.000000
549.500000, 0.521344, 0.000000
550.000000, 0.521199, 0.000000
550.500000, 0.521052, 0.000000
551.000000, 0.520903, 0.000000
551.500000, 0.520752, 0.000000
552.000000, 0.520599, 0.000000
552.500000, 0.520445, 0.000000
553.000000, 0.520289, 0.000000
553.500000, 0.520132, 0.000000
554.000000, 0.519972, 0.000000
554.500000, 0.519811, 0.000000
555.000000, 0.519647, 0.000000
555.500000, 0.519482, 0.000000
556.000000, 0.519314, 0.000000
556.500000, 0.519145, 0.000000
557.000000, 0.518973, 0.000000
557.500000, 0.518799, 0.000000
558.000000, 0.518622, 0.000000
558.500000, 0.518443, 0.000000
559.000000, 0.518261, 0.000000
559.500000, 0.518077, 0.000000
560.000000, 0.517889, 0.000000
560.500000, 0.517699, 0.000000
561.000000, 0.517505, 0.000000
561.500000, 0.517308, 0.000000
562.000000, 0.517108, 0.000000
562.500000, 0.516904, 0.000000
563.000000, 0.516696, 0.000000
563.500000, 0.516485, 0.000000
564.000000, 0.516270, 0.000000
564.500000, 0.516051, 0.000000
565.000000, 0.515827, 0.000000
565.500000, 0.515600, 0.000000
566.000000, 0.515368, 0.000000
566.500000, 0.515132, 0.000000
567.000000, 0.514891, 0.000000
567.500000, 0.514646, 0.000000
568.000000, 0.514396, 0.000000
568.500000, 0.514141, 0.000000
569.000000, 0.513881, 0.000000
569.500000, 0.513617, 0.000000
570.000000, 0.513347, 0.000000
570.500000, 0.513073, 0.000000
571.000000, 0.512793, 0.000000
571.500000, 0.512509, 0.000000
572.000000, 0.512220, 0.000000
572.500000, 0.511926, 0.000000
573.000000, 0.511627, 0.000000
573.500000, 0.511323, 0.000000
574.000000, 0.511014, 0.000000
574.500000, 0.510700, 0.000000
575.000000, 0.510382, 0.000000
575.500000, 0.510059, 0.000000
576.000000, 0.509731, 0.000000
576.500000, 0.509400, 0.000000
577.000000, 0.509063, 0.000000
577.500000, 0.508723, 0.000000
578.000000, 0.508379, 0.000000
578.500000, 0.508031, 0.000000
579.000000, 0.507679, 0.000000
579.500000, 0.507324, 0.000000
580.000000, 0.506965, 0.000000
580.500000, 0.506603, 0.000000
581.000000, 0.506238, 0.000000
581.500000, 0.505871, 0.000000
582.000000, 0.505501, 0.000000
582.500000, 0.505129, 0.000000
583.000000, 0.504755, 0.000000
583.500000, 0.504379, 0.000000
584.000000, 0.504002, 0.000000
584.500000, 0.503623, 0.000000
585.000000, 0.503244, 0.000000
585.500000, 0.502863, 0.000000
586.000000, 0.502482, 0.000000
586.500000, 0.502102, 0.000000
587.000000, 0.501721, 0.000000
587.500000, 0.501340, 0.000000
588.000000, 0.500960, 0.000000
588.500000, 0.500581, 0.000000
589.000000, 0.500204, 0.000000
589.500000, 0.499827, 0.000000
590.000000, 0.499453, 0.000000
590.500000, 0.499080, 0.000000
591.000000, 0.498710, 0.000000
591.500000, 0.498342, 0.000000
592.000000, 0.497978, 0.000000
592.500000, 0.497616, 0.000000
593.000000, 0.497257, 0.000000
593.500000, 0.496902, 0.000000
594.000000, 0.496551, 0.000000
594.500000, 0.496203, 0.000000
595.000000, 0.495860, 0.000000
595.500000, 0.495522, 0.000000
596.000000, 0.495188, 0.000000
596.500000, 0.494858, 0.000000
597.000000, 0.494534, 0.000000
597.500000, 0.494215, 0.000000
598.000000, 0.493901, 0.000000
598.500000, 0.493593, 0.000000
599.000000, 0.493290, 0.000000
599.500000, 0.492993, 0.000000
600.000000, 0.492701, 0.000000
600.500000, 0.492416, 0.000000
601.000000, 0.492137, 0.000000
601.500000, 0.491863, 0.000000
602.000000, 0.491596, 0.000000
602.500000, 0.491335, 0.000000
603.000000, 0.491081, 0.000000
603.500000, 0.490833, 0.000000
604.000000, 0.490591, 0.000000
604.500000, 0.490355, 0.000000
605.000000, 0.490126, 0.000000
605.500000, 0.489903, 0.000000
606.000000, 0.489686, 0.000000
606.500000, 0.489476, 0.000000
607.000000, 0.489272, 0.000000
607.500000, 0.489074, 0.000000
608.000000, 0.488882, 0.000000
608.500000, 0.488696, 0.000000
609.000000, 0.488516, 0.000000
609.500000, 0.488342, 0.000000
610.000000, 0.488174, 0.000000
610.500000, 0.488011, 0.000000
611.000000, 0.487854, 0.000000
611.500000, 0.487702, 0.000000
612.000000, 0.487556, 0.000000
612.500000, 0.487415, 0.000000
613.000000, 0.487279, 0.000000
613.500000, 0.487148, 0.000000
614.000000, 0.487021, 0.000000
614.500000, 0.486899, 0.000000
615.000000, 0.486782, 0.000000
615.500000, 0.486669, 0.000000
616.000000, 0.486560, 0.000000
616.500000, 0.486455, 0.000000
617.000000, 0.486354, 0.000000
617.500000, 0.486256, 0.000000
618.000000, 0.486162, 0.000000
618.500000, 0.486072, 0.000000
619.000000, 0.485984, 0.000000
619.500000, 0.485900, 0.000000
620.000000, 0.485818, 0.000000
620.500000, 0.485740, 0.000000
621.000000, 0.485663, 0.000000
621.500000, 0.485590, 0.000000
622.000000, 0.485518, 0.000000
622.500000, 0.485449, 0.000000
623.000000, 0.485382, 0.000000
623.500000, 0.485316, 0.000000
624.000000, 0.485253, 0.000000
624.500000, 0.485191, 0.000000
625.000000, 0.485130, 0.000000
625.500000, 0.485071, 0.000000
626.000000, 0.485014, 0.000000
626.500000, 0.484957, 0.000000
627.000000, 0.484902, 0.000000
627.500000, 0.484848, 0.000000
628.000000, 0.484795, 0.000000
628.500000, 0.484743, 0.000000
629.000000, 0.484692, 0.000000
629.500000, 0.484641, 0.000000
630.000000, 0.484592, 0.000000
630.500000, 0.484543, 0.000000
631.000000, 0.484495, 0.000000
631.500000, 0.484448, 0.000000
632.000000, 0.484401, 0.000000
632.500000, 0.484355, 0.000000
633.000000, 0.484310, 0.000000
633.500000, 0.484266, 0.000000
634.000000, 0.484223, 0.000000
634.500000, 0.484180, 0.000000
635.000000, 0.484138, 0.000000
635.500000, 0.484098, 0.000000
636.000000, 0.484058, 0.000000
636.500000, 0.484019, 0.000000
637.000000, 0.483981, 0.000000
637.500000, 0.483945, 0.000000
638.000000, 0.483909, 0.000000
638.500000, 0.483876, 0.000000
639.000000, 0.483843, 0.000000
639.500000, 0.483812, 0.000000
640.000000, 0.483783, 0.000000
640.500000, 0.483756, 0.000000
641.000000, 0.483730, 0.000000
641.500000, 0.483707, 0.000000
642.000000, 0.483685, 0.000000
642.500000, 0.483666, 0.000000
643.000000, 0.483649, 0.000000
643.500000, 0.483635, 0.000000
644.000000, 0.483624, 0.000000
644.500000, 0.483615, 0.000000
645.000000, 0.483609, 0.000000
645.500000, 0.483606, 0.000000
646.000000, 0.483607, 0.000000
646.500000, 0.483611, 0.000000
647.000000, 0.483618, 0.000000
647.500000, 0.483629, 0.000000
648.000000, 0.483644, 0.000000
648.500000, 0.483663, 0.000000
649.000000, 0.483686, 0.000000
649.500000, 0.483713, 0.000000
650.000000, 0.483745, 0.000000
650.500000, 0.483781, 0.000000
651.000000, 0.483822, 0.000000
651.500000, 0.483867, 0.000000
652.000000, 0.483918, 0.000000
652.500000, 0.483973, 0.000000
653.000000, 0.484034, 0.000000
653.500000, 0.484100, 0.000000
654.000000, 0.484172, 0.000000
654.500000, 0.484249, 0.000000
655.000000, 0.484331, 0.000000
655.500000, 0.484420, 0.000000
656.000000, 0.484514, 0.000000
656.500000, 0.484614, 0.000000
657.000000, 0.484720, 0.000000
657.500000, 0.484832, 0.000000
658.000000, 0.484950, 0.000000
658.500000, 0.485075, 0.000000
659.000000, 0.485206, 0.000000
659.500000, 0.485343, 0.000000
660.000000, 0.485486, 0.000000
660.500000, 0.485636, 0.000000
661.000000, 0.485792, 0.000000
661.500000, 0.485955, 0.000000
662.000000, 0.486124, 0.000000
662.500000, 0.486300, 0.000000
663.000000, 0.486482, 0.000000
663.500000, 0.486671, 0.000000
664.000000, 0.486866, 0.000000
664.500000, 0.487068, 0.000000
665.000000, 0.487276, 0.000000
665.500000, 0.487490, 0.000000
666.000000, 0.487710, 0.000000
666.500000, 0.487937, 0.000000
667.000000, 0.488171, 0.000000
667.500000, 0.488410, 0.000000
668.000000, 0.488655, 0.000000
668.500000, 0.488907, 0.000000
669.000000, 0.489164, 0.000000
669.500000, 0.489427, 0.000000
670.000000, 0.489696, 0.000000
670.500000, 0.489971, 0.000000
671.000000, 0.490251, 0.000000
671.500000, 0.490536, 0.000000
672.000000, 0.490827, 0.000000
672.500000, 0.491123, 0.000000
673.000000, 0.491423, 0.000000
673.500000, 0.491729, 0.000000
674.000000, 0.492040, 0.000000
674.500000, 0.492355, 0.000000
675.000000, 0.492674, 0.000000
675.500000, 0.492998, 0.000000
676.000000, 0.493326, 0.000000
676.500000, 0.493657, 0.000000
677.000000, 0.493993, 0.000000
677.500000, 0.494332, 0.000000
678.000000, 0.494674, 0.000000
678.500000, 0.495020, 0.000000
679.000000, 0.495369, 0.000000
679.500000, 0.495720, 0.000000
680.000000, 0.496074, 0.000000
680.500000, 0.496431, 0.000000
681.000000, 0.496790, 0.000000
681.500000, 0.497151, 0.000000
682.000000, 0.497514, 0.000000
682.500000, 0.497878, 0.000000
683.000000, 0.498244, 0.000000
683.500000, 0.498611, 0.000000
684.000000, 0.498980, 0.000000
684.500000, 0.499349, 0.000000
685.000000, 0.499719, 0.000000
685.500000, 0.500089, 0.000000
686.000000, 0.500460, 0.000000
686.500000, 0.500831, 0.000000
687.000000, 0.501202, 0.000000
687.500000, 0.501572, 0.000000
688.000000, 0.501942, 0.000000
688.500000, 0.502311, 0.000000
689.000000, 0.502679, 0.000000
689.500000, 0.503046, 0.000000
690.000000, 0.503412, 0.000000
690.500000, 0.503776, 0.000000
691.000000, 0.504139, 0.000000
691.500000, 0.504500, 0.000000
692.000000, 0.504859, 0.000000
692.500000, 0.505216, 0.000000
693.000000, 0.505570, 0.000000
693.500000, 0.505922, 0.000000
694.000000, 0.506271, 0.000000
694.500000, 0.506617, 0.000000
695.000000, 0.506961, 0.000000
695.500000, 0.507301, 0.000000
696.000000, 0.507638, 0.000000
696.500000, 0.507971, 0.000000
697.000000, 0.508301, 0.000000
697.500000, 0.508627, 0.000000
698.000000, 0.508949, 0.000000
698.500000, 0.509268, 0.000000
699.000000, 0.509582, 0.000000
699.500000, 0.509892, 0.000000
700.000000, 0.510197, 0.000000
700.500000, 0.510498, 0.000000
701.000000, 0.510795, 0.000000
701.500000, 0.511086, 0.000000
702.000000, 0.511373, 0.000000
702.500000, 0.511655, 0.000000
703.000000, 0.511933, 0.000000
703.500000, 0.512205, 0.000000
704.000000, 0.512472, 0.000000
704.500000, 0.512733, 0.000000
705.000000, 0.512990, 0.000000
705.500000, 0.513241, 0.000000
706.000000, 0.513486, 0.000000
706.500000, 0.513726, 0.000000
707.000000, 0.513961, 0.000000
707.500000, 0.514190, 0.000000
708.000000, 0.514413, 0.000000
708.500000, 0.514631, 0.000000
709.000000, 0.514843, 0.000000
709.500000, 0.515049, 0.000000
710.000000, 0.515250, 0.000000
710.500000, 0.515444, 0.000000
711.000000, 0.515633, 0.000000
711.500000, 0.515816, 0.000000
712.000000, 0.515993, 0.000000
712.500000, 0.516164, 0.000000
713.000000, 0.516329, 0.000000
713.500000, 0.516488, 0.000000
714.000000, 0.516641, 0.000000
714.500000, 0.516788, 0.000000
715.000000, 0.516930, 0.000000
715.500000, 0.517065, 0.000000
716.000000, 0.517195, 0.000000
716.500000, 0.517318, 0.000000
717.000000, 0.517436, 0.000000
717.500000, 0.517547, 0.000000
718.000000, 0.517653, 0.000000
718.500000, 0.517753, 0.000000
719.000000, 0.517847, 0.000000
719.500000, 0.517936, 0.000000
720.000000, 0.518018, 0.000000
720.500000, 0.518095, 0.000000
721.000000, 0.518165, 0.000000
721.500000, 0.518231, 0.000000
722.000000, 0.518290, 0.000000
722.500000, 0.518344, 0.000000
723.000000, 0.518392, 0.000000
723.500000, 0.518434, 0.000000
724.000000, 0.518471, 0.000000
724.500000, 0.518502, 0.000000
725.000000, 0.518528, 0.000000
725.500000, 0.518549, 0.000000
726.000000, 0.518563, 0.000000
726.500000, 0.518573, 0.000000
727.000000, 0.518577, 0.000000
727.500000, 0.518576, 0.000000
728.000000, 0.518569, 0.000000
728.500000, 0.518558, 0.000000
729.000000, 0.518541, 0.000000
729.500000, 0.518519, 0.000000
730.000000, 0.518491, 0.000000
730.500000, 0.518459, 0.000000
731.000000, 0.518422, 0.000000
731.500000, 0.518379, 0.000000
732.000000, 0.518332, 0.000000
732.500000, 0.518280, 0.000000
733.000000, 0.518223, 0.000000
733.500000, 0.518161, 0.000000
734.000000, 0.518095, 0.000000
734.500000, 0.518023, 0.000000
735.000000, 0.517947, 0.000000
735.500000, 0.517867, 0.000000
736.000000, 0.517782, 0.000000
736.500000, 0.517692, 0.000000
737.000000, 0.517598, 0.000000
737.500000, 0.517500, 0.000000
738.000000, 0.517397, 0.000000
738.500000, 0.517289, 0.000000
739.000000, 0.517178, 0.000000
739.500000, 0.517062, 0.000000
740.000000, 0.516942, 0.000000
740.500000, 0.516818, 0.000000
741.000000, 0.516690, 0.000000
741.500000, 0.516558, 0.000000
742.000000, 0.516422, 0.000000
742.500000, 0.516282, 0.000000
743.000000, 0.516139, 0.000000
743.500000, 0.515991, 0.000000
744.000000, 0.515840, 0.000000
744.500000, 0.515685, 0.000000
745.000000, 0.515526, 0.000000
745.500000, 0.515364, 0.000000
746.000000, 0.515198, 0.000000
746.500000, 0.515029, 0.000000
747.000000, 0.514856, 0.000000
747.500000, 0.514680, 0.000000
748.000000, 0.514501, 0.000000
748.500000, 0.514319, 0.000000
749.000000, 0.514133, 0.000000
749.500000, 0.513944, 0.000000
750.000000, 0.513753, 0.000000
750.500000, 0.513558, 0.000000
751.000000, 0.513361, 0.000000
751.500000, 0.513160, 0.000000
752.000000, 0.512957, 0.000000
752.500000, 0.512751, 0.000000
753.000000, 0.512543, 0.000000
753.500000, 0.512332, 0.000000
754.000000, 0.512118, 0.000000
754.500000, 0.511902, 0.000000
755.000000, 0.511684, 0.000000
755.500000, 0.511464, 0.000000
756.000000, 0.511241, 0.000000
756.500000, 0.511016, 0.000000
757.000000, 0.510789, 0.000000
757.500000, 0.510560, 0.000000
758.000000, 0.510329, 0.000000
758.500000, 0.510096, 0.000000
759.000000, 0.509862, 0.000000
759.500000, 0.509626, 0.000000
760.000000, 0.509388, 0.000000
760.500000, 0.509149, 0.000000
761.000000, 0.508908, 0.000000
761.500000, 0.508666, 0.000000
762.000000, 0.508422, 0.000000
762.500000, 0.508178, 0.000000
763.000000, 0.507932, 0.000000
763.500000, 0.507685, 0.000000
764.000000, 0.507437, 0.000000
764.500000, 0.507188, 0.000000
765.000000, 0.506938, 0.000000
765.500000, 0.506688, 0.000000
766.000000, 0.506437, 0.000000
766.500000, 0.506185, 0.000000
767.000000, 0.505933, 0.000000
767.500000, 0.505680, 0.000000
768.000000, 0.505427, 0.000000
768.500000, 0.505174, 0.000000
769.000000, 0.504920, 0.000000
769.500000, 0.504667, 0.000000
770.000000, 0.504413, 0.000000
770.500000, 0.504159, 0.000000
771.000000, 0.503905, 0.000000
771.500000, 0.503652, 0.000000
772.000000, 0.503398, 0.000000
772.500000, 0.503145, 0.000000
773.000000, 0.502893, 0.000000
773.500000, 0.502640, 0.000000
774.000000, 0.502389, 0.000000
774.500000, 0.502137, 0.000000
775.000000, 0.501887, 0.000000
775.500000, 0.501637, 0.000000
776.000000, 0.501388, 0.000000
776.500000, 0.501140, 0.000000
777.000000, 0.500893, 0.000000
777.500000, 0.500646, 0.000000
778.000000, 0.500401, 0.000000
778.500000, 0.500157, 0.000000
779.000000, 0.499914, 0.000000
779.500000, 0.499672, 0.000000
780.000000, 0.499432, 0.000000
780.500000, 0.499192, 0.000000
781.000000, 0.498955, 0.000000
781.500000, 0.498718, 0.000000
782.000000, 0.498483, 0.000000
782.500000, 0.498250, 0.000000
783.000000, 0.498018, 0.000000
783.500000, 0.497788, 0.000000
784.000000, 0.497559, 0.000000
784.500000, 0.497333, 0.000000
785.000000, 0.497108, 0.000000
785.500000, 0.496885, 0.000000
786.000000, 0.496663, 0.000000
786.500000, 0.496444, 0.000000
787.000000, 0.496227, 0.000000
787.500000, 0.496011, 0.000000
788.000000, 0.495798, 0.000000
788.500000, 0.495587, 0.000000
789.000000, 0.495377, 0.000000
789.500000, 0.495170, 0.000000
790.000000, 0.494965, 0.000000
790.500000, 0.494763, 0.000000
791.000000, 0.494562, 0.000000
791.500000, 0.494364, 0.000000
792.000000, 0.494168, 0.000000
792.500000, 0.493974, 0.000000
793.000000, 0.493783, 0.000000
793.500000, 0.493594, 0.000000
794.000000, 0.493407, 0.000000
794.500000, 0.493223, 0.000000
795.000000, 0.493042, 0.000000
795.500000, 0.492863, 0.000000
796.000000, 0.492686, 0.000000
796.500000, 0.492512, 0.000000
797.000000, 0.492340, 0.000000
797.500000, 0.492171, 0.000000
798.000000, 0.492005, 0.000000
798.500000, 0.491841, 0.000000
799.000000, 0.491680, 0.000000
799.500000, 0.491521, 0.000000
800.000000, 0.491365, 0.000000
800.500000, 0.491212, 0.000000
801.000000, 0.491061, 0.000000
801.500000, 0.490913, 0.000000
802.000000, 0.490768, 0.000000
802.500000, 0.490626, 0.000000
803.000000, 0.490486, 0.000000
803.500000, 0.490350, 0.000000
804.000000, 0.490215, 0.000000
804.500000, 0.490084, 0.000000
805.000000, 0.489956, 0.000000
805.500000, 0.489830, 0.000000
806.000000, 0.489708, 0.000000
806.500000, 0.489588, 0.000000
807.000000, 0.489471, 0.000000
807.500000, 0.489357, 0.000000
808.000000, 0.489245, 0.000000
808.500000, 0.489137, 0.000000
809.000000, 0.489032, 0.000000
809.500000, 0.488930, 0.000000
810.000000, 0.488830, 0.000000
810.500000, 0.488734, 0.000000
811.000000, 0.488640, 0.000000
811.500000, 0.488550, 0.000000
812.000000, 0.488463, 0.000000
812.500000, 0.488378, 0.000000
813.000000, 0.488297, 0.000000
813.500000, 0.488219, 0.000000
814.000000, 0.488144, 0.000000
814.500000, 0.488072, 0.000000
815.000000, 0.488003, 0.000000
815.500000, 0.487937, 0.000000
816.000000, 0.487875, 0.000000
816.500000, 0.487815, 0.000000
817.000000, 0.487759, 0.000000
817.500000, 0.487706, 0.000000
818.000000, 0.487656, 0.000000
818.500000, 0.487609, 0.000000
819.000000, 0.487565, 0.000000
819.500000, 0.487525, 0.000000
820.000000, 0.487488, 0.000000
820.500000, 0.487454, 0.000000
821.000000, 0.487424, 0.000000
821.500000, 0.487397, 0.000000
822.000000, 0.487373, 0.000000
822.500000, 0.487352, 0.000000
823.000000, 0.487335, 0.000000
823.500000, 0.487321, 0.000000
824.000000, 0.487311, 0.000000
824.500000, 0.487303, 0.000000
825.000000, 0.487299, 0.000000
825.500000, 0.487299, 0.000000
826.000000, 0.487302, 0.000000
826.500000, 0.487308, 0.000000
827.000000, 0.487318, 0.000000
827.500000, 0.487331, 0.000000
828.000000, 0.487348, 0.000000
828.500000, 0.487368, 0.000000
829.000000, 0.487391, 0.000000
829.500000, 0.487418, 0.000000
830.000000, 0.487448, 0.000000
830.500000, 0.487482, 0.000000
831.000000, 0.487519, 0.000000
831.500000, 0.487560, 0.000000
832.000000, 0.487604, 0.000000
832.500000, 0.487652, 0.000000
833.000000, 0.487703, 0.000000
833.500000, 0.487757, 0.000000
834.000000, 0.487815, 0.000000
834.500000, 0.487877, 0.000000
835.000000, 0.487942, 0.000000
835.500000, 0.488010, 0.000000
836.000000, 0.488082, 0.000000
836.500000, 0.488157, 0.000000
837.000000, 0.488235, 0.000000
837.500000, 0.488317, 0.000000
838.000000, 0.488403, 0.000000
838.500000, 0.488492, 0.000000
839.000000, 0.488584, 0.000000
839.500000, 0.488679, 0.000000
840.000000, 0.488778, 0.000000
840.500000, 0.488880, 0.000000
841.000000, 0.488986, 0.000000
841.500000, 0.489094, 0.000000
842.000000, 0.489206, 0.000000
842.500000, 0.489321, 0.000000
843.000000, 0.489440, 0.000000
843.500000, 0.489561, 0.000000
844.000000, 0.489686, 0.000000
844.500000, 0.489814, 0.000000
845.000000, 0.489945, 0.000000
845.500000, 0.490079, 0.000000
846.000000, 0.490216, 0.000000
846.500000, 0.490356, 0.000000
847.000000, 0.490499, 0.000000
847.500000, 0.490645, 0.000000
848.000000, 0.490794, 0.000000
848.500000, 0.490945, 0.000000
849.000000, 0.491100, 0.000000
849.500000, 0.491257, 0.000000
850.000000, 0.491417, 0.000000
850.500000, 0.491579, 0.000000
851.000000, 0.491744, 0.000000
851.500000, 0.491912, 0.000000
852.000000, 0.492083, 0.000000
852.500000, 0.492255, 0.000000
853.000000, 0.492430, 0.000000
853.500000, 0.492608, 0.000000
854.000000, 0.492788, 0.000000
854.500000, 0.492970, 0.000000
855.000000, 0.493154, 0.000000
855.500000, 0.493341, 0.000000
856.000000, 0.493530, 0.000000
856.500000, 0.493720, 0.000000
857.000000, 0.493913, 0.000000
857.500000, 0.494107, 0.000000
858.000000, 0.494304, 0.000000
858.500000, 0.494502, 0.000000
859.000000, 0.494702, 0.000000
859.500000, 0.494903, 0.000000
860.000000, 0.495106, 0.000000
860.500000, 0.495311, 0.000000
861.000000, 0.495517, 0.000000
861.500000, 0.495724, 0.000000
862.000000, 0.495933, 0.000000
862.500000, 0.496143, 0.000000
863.000000, 0.496355, 0.000000
863.500000, 0.496567, 0.000000
864.000000, 0.496780, 0.000000
864.500000, 0.496995, 0.000000
865.000000, 0.497210, 0.000000
865.500000, 0.497426, 0.000000
866.000000, 0.497643, 0.000000
866.500000, 0.497860, 0.000000
867.000000, 0.498079, 0.000000
867.500000, 0.498297, 0.000000
868.000000, 0.498516, 0.000000
868.500000, 0.498736, 0.000000
869.000000, 0.498956, 0.000000
869.500000, 0.499176, 0.000000
870.000000, 0.499396, 0.000000
870.500000, 0.499616, 0.000000
871.000000, 0.499837, 0.000000
871.500000, 0.500057, 0.000000
872.000000, 0.500277, 0.000000
872.500000, 0.500497, 0.000000
873.000000, 0.500717, 0.000000
873.500000, 0.500936, 0.000000
874.000000, 0.501155, 0.000000
874.500000, 0.501374, 0.000000
875.000000, 0.501592, 0.000000
875.500000, 0.501809, 0.000000
876.000000, 0.502025, 0.000000
876.500000, 0.502241, 0.000000
877.000000, 0.502456, 0.000000
877.500000, 0.502670, 0.000000
878.000000, 0.502883, 0.000000
878.500000, 0.503095, 0.000000
879.000000, 0.503306, 0.000000
879.500000, 0.503515, 0.000000
880.000000, 0.503724, 0.000000
880.500000, 0.503931, 0.000000
881.000000, 0.504137, 0.000000
881.500000, 0.504341, 0.000000
882.000000, 0.504543, 0.000000
882.500000, 0.504744, 0.000000
883.000000, 0.504944, 0.000000
883.500000, 0.505142, 0.000000
884.000000, 0.505337, 0.000000
884.500000, 0.505532, 0.000000
885.000000, 0.505724, 0.000000
885.500000, 0.505914, 0.000000
886.000000, 0.506102, 0.000000
886.500000, 0.506288, 0.000000
887.000000, 0.506472, 0.000000
887.500000, 0.506654, 0.000000
888.000000, 0.506834, 0.000000
888.500000, 0.507011, 0.000000
889.000000, 0.507186, 0.000000
889.500000, 0.507359, 0.000000
890.000000, 0.507529, 0.000000
890.500000, 0.507697, 0.000000
891.000000, 0.507862, 0.000000
891.500000, 0.508024, 0.000000
892.000000, 0.508184, 0.000000
892.500000, 0.508341, 0.000000
893.000000, 0.508496, 0.000000
893.500000, 0.508648, 0.000000
894.000000, 0.508797, 0.000000
894.500000, 0.508943, 0.000000
895.000000, 0.509086, 0.000000
895.500000, 0.509226, 0.000000
896.000000, 0.509364, 0.000000
896.500000, 0.509498, 0.000000
897.000000, 0.509630, 0.000000
897.500000, 0.509758, 0.000000
898.000000, 0.509883, 0.000000
898.500000, 0.510005, 0.000000
899.000000, 0.510124, 0.000000
899.500000, 0.510240, 0.000000
900.000000, 0.510353, 0.000000
900.500000, 0.510462, 0.000000
901.000000, 0.510568, 0.000000
901.500000, 0.510671, 0.000000
902.000000, 0.510771, 0.000000
902.500000, 0.510867, 0.000000
903.000000, 0.510960, 0.000000
903.500000, 0.511050, 0.000000
904.000000, 0.511136, 0.000000
904.500000, 0.511219, 0.000000
905.000000, 0.511299, 0.000000
905.500000, 0.511375, 0.000000
906.000000, 0.511448, 0.000000
906.500000, 0.511517, 0.000000
907.000000, 0.511583, 0.000000
907.500000, 0.511645, 0.000000
908.000000, 0.511704, 0.000000
908.500000, 0.511760, 0.000000
909.000000, 0.511812, 0.000000
909.500000, 0.511861, 0.000000
910.000000, 0.511906, 0.000000
910.500000, 0.511948, 0.000000
911.000000, 0.511986, 0.000000
911.500000, 0.512021, 0.000000
912.000000, 0.512052, 0.000000
912.500000, 0.512080, 0.000000
913.000000, 0.512105, 0.000000
913.500000, 0.512126, 0.000000
914.000000, 0.512144, 0.000000
914.500000, 0.512158, 0.000000
915.000000, 0.512169, 0.000000
915.500000, 0.512176, 0.000000
916.000000, 0.512181, 0.000000
916.500000, 0.512181, 0.000000
917.000000, 0.512179, 0.000000
917.500000, 0.512173, 0.000000
918.000000, 0.512164, 0.000000
918.500000, 0.512151, 0.000000
919.000000, 0.512135, 0.000000
919.500000, 0.512116, 0.000000
920.000000, 0.512094, 0.000000
920.500000, 0.512068, 0.000000
921.000000, 0.512039, 0.000000
921.500000, 0.512007, 0.000000
922.000000, 0.511972, 0.000000
922.500000, 0.511934, 0.000000
923.000000, 0.511893, 0.000000
923.500000, 0.511848, 0.000000
924.000000, 0.511801, 0.000000
924.500000, 0.511750, 0.000000
925.000000, 0.511697, 0.000000
925.500000, 0.511640, 0.000000
926.000000, 0.511581, 0.000000
926.500000, 0.511519, 0.000000
927.000000, 0.511454, 0.000000
927.500000, 0.511386, 0.000000
928.000000, 0.511315, 0.000000
928.500000, 0.511241, 0.000000
929.000000, 0.511165, 0.000000
929.500000, 0.511086, 0.000000
930.000000, 0.511004, 0.000000
930.500000, 0.510920, 0.000000
931.000000, 0.510833, 0.000000
931.500000, 0.510743, 0.000000
932.000000, 0.510651, 0.000000
932.500000, 0.510557, 0.000000
933.000000, 0.510460, 0.000000
933.500000, 0.510361, 0.000000
934.000000, 0.510259, 0.000000
934.500000, 0.510155, 0.000000
935.000000, 0.510048, 0.000000
935.500000, 0.509940, 0.000000
936.000000, 0.509829, 0.000000
936.500000, 0.509716, 0.000000
937.000000, 0.509601, 0.000000
937.500000, 0.509484, 0.000000
938.000000, 0.509365, 0.000000
938.500000, 0.509244, 0.000000
939.000000, 0.509121, 0.000000
939.500000, 0.508996, 0.000000
940.000000, 0.508869, 0.000000
940.500000, 0.508740, 0.000000
941.000000, 0.508609, 0.000000
941.500000, 0.508477, 0.000000
942.000000, 0.508343, 0.000000
942.500000, 0.508208, 0.000000
943.000000, 0.508071, 0.000000
943.500000, 0.507932, 0.000000
944.000000, 0.507792, 0.000000
944.500000, 0.507650, 0.000000
945.000000, 0.507507, 0.000000
945.500000, 0.507363, 0.000000
946.000000, 0.507217, 0.000000
946.500000, 0.507070, 0.000000
947.000000, 0.506922, 0.000000
947.500000, 0.506773, 0.000000
948.000000, 0.506622, 0.000000
948.500000, 0.506471, 0.000000
949.000000, 0.506318, 0.000000
949.500000, 0.506164, 0.000000
950.000000, 0.506010, 0.000000
950.500000, 0.505854, 0.000000
951.000000, 0.505698, 0.000000
951.500000, 0.505541, 0.000000
952.000000, 0.505383, 0.000000
952.500000, 0.505224, 0.000000
953.000000, 0.505065, 0.000000
953.500000, 0.504905, 0.000000
954.000000, 0.504745, 0.000000
954.500000, 0.504584, 0.000000
955.000000, 0.504422, 0.000000
955.500000, 0.504260, 0.000000
956.000000, 0.504098, 0.000000
956.500000, 0.503935, 0.000000
957.000000, 0.503772, 0.000000
957.500000, 0.503609, 0.000000
958.000000, 0.503446, 0.000000
958.500000, 0.503282, 0.000000
959.000000, 0.503118, 0.000000
959.500000, 0.502954, 0.000000
960.000000, 0.502790, 0.000000
960.500000, 0.502627, 0.000000
961.000000, 0.502463, 0.000000
961.500000, 0.502299, 0.000000
962.000000, 0.502135, 0.000000
962.500000, 0.501972, 0.000000
963.000000, 0.501809, 0.000000
963.500000, 0.501646, 0.000000
964.000000, 0.501483, 0.000000
964.500000, 0.501321, 0.000000
965.000000, 0.501159, 0.000000
965.500000, 0.500998, 0.000000
966.000000, 0.500837, 0.000000
966.500000, 0.500676, 0.000000
967.000000, 0.500516, 0.000000
967.500000, 0.500357, 0.000000
968.000000, 0.500199, 0.000000
968.500000, 0.500041, 0.000000
969.000000, 0.499883, 0.000000
969.500000, 0.499727, 0.000000
970.000000, 0.499571, 0.000000
970.500000, 0.499416, 0.000000
971.000000, 0.499262, 0.000000
971.500000, 0.499109, 0.000000
972.000000, 0.498957, 0.000000
972.500000, 0.498805, 0.000000
973.000000, 0.498655, 0.000000
973.500000, 0.498506, 0.000000
974.000000, 0.498358, 0.000000
974.500000, 0.498211, 0.000000
975.000000, 0.498065, 0.000000
975.500000, 0.497921, 0.000000
976.000000, 0.497777, 0.000000
976.500000, 0.497635, 0.000000
977.000000, 0.497494, 0.000000
977.500000, 0.497355, 0.000000
978.000000, 0.497217, 0.000000
978.500000, 0.497080, 0.000000
979.000000, 0.496944, 0.000000
979.500000, 0.496811, 0.000000
980.000000, 0.496678, 0.000000
980.500000, 0.496547, 0.000000
981.000000, 0.496418, 0.000000
981.500000, 0.496290, 0.000000
982.000000, 0.496164, 0.000000
982.500000, 0.496039, 0.000000
983.000000, 0.495917, 0.000000
983.500000, 0.495795, 0.000000
984.000000, 0.495676, 0.000000
984.500000, 0.495558, 0.000000
985.000000, 0.495442, 0.000000
985.500000, 0.495328, 0.000000
986.000000, 0.495216, 0.000000
986.500000, 0.495105, 0.000000
987.000000, 0.494996, 0.000000
987.500000, 0.494890, 0.000000
988.000000, 0.494785, 0.000000
988.500000, 0.494682, 0.000000
989.000000, 0.494581, 0.000000
989.500000, 0.494482, 0.000000
990.000000, 0.494385, 0.000000
990.500000, 0.494290, 0.000000
991.000000, 0.494197, 0.000000
991.500000, 0.494106, 0.000000
992.000000, 0.494017, 0.000000
992.500000, 0.493931, 0.000000
993.000000, 0.493846, 0.000000
993.500000, 0.493764, 0.000000
994.000000, 0.493683, 0.000000
994.500000, 0.493605, 0.000000
995.000000, 0.493529, 0.000000
995.500000, 0.493456, 0.000000
996.000000, 0.493384, 0.000000
996.500000, 0.493315, 0.000000
997.000000, 0.493248, 0.000000
997.500000, 0.493183, 0.000000
998.000000, 0.493120, 0.000000
998.500000, 0.493060, 0.000000
999.000000, 0.493002, 0.000000
999.500000, 0.492947, 0.000000
1000.000000, 0.492893, 0.000000
1000.500000, 0.492842, 0.000000
1001.000000, 0.492793, 0.000000
1001.500000, 0.492747, 0.000000
1002.000000, 0.492703, 0.000000
1002.500000, 0.492661, 0.000000
1003.000000, 0.492622, 0.000000
1003.500000, 0.492585, 0.000000
1004.000000, 0.492550, 0.000000
1004.500000, 0.492518, 0.000000
1005.000000, 0.492488, 0.000000
1005.500000, 0.492460, 0.000000
1006.000000, 0.492435, 0.000000
1006.500000, 0.492412, 0.000000
1007.000000, 0.492391, 0.000000
1007.500000, 0.492373, 0.000000
1008.000000, 0.492357, 0.000000
1008.500000, 0.492344, 0.000000
1009.000000, 0.492333, 0.000000
1009.500000, 0.492324, 0.000000
1010.000000, 0.492318, 0.000000
1010.500000, 0.492314, 0.000000
1011.000000, 0.492312, 0.000000
1011.500000, 0.492313, 0.000000
1012.000000, 0.492316, 0.000000
1012.500000, 0.492321, 0.000000
1013.000000, 0.492329, 0.000000
1013.500000, 0.492339, 0.000000
1014.000000, 0.492352, 0.000000
1014.500000, 0.492366, 0.000000
1015.000000, 0.492383, 0.000000
1015.500000, 0.492402, 0.000000
1016.000000, 0.492424, 0.000000
1016.500000, 0.492448, 0.000000
1017.000000, 0.492474, 0.000000
1017.500000, 0.492502, 0.000000
1018.000000, 0.492533, 0.000000
1018.500000, 0.492565, 0.000000
1019.000000, 0.492600, 0.000000
1019.500000, 0.492637, 0.000000
1020.000000, 0.492677, 0.000000
1020.500000, 0.492718, 0.000000
1021.000000, 0.492762, 0.000000
1021.500000, 0.492807, 0.000000
1022.000000, 0.492855, 0.000000
1022.500000, 0.492905, 0.000000
1023.000000, 0.492957, 0.000000
1023.500000, 0.493011, 0.000000
1024.000000, 0.493067, 0.000000
1024.500000, 0.493125, 0.000000
1025.000000, 0.493185, 0.000000
1025.500000, 0.493247, 0.000000
1026.000000, 0.493311, 0.000000
1026.500000, 0.493377, 0.000000
1027.000000, 0.493445, 0.000000
1027.500000, 0.493515, 0.000000
1028.000000, 0.493587, 0.000000
1028.500000, 0.493660, 0.000000
1029.000000, 0.493735, 0.000000
1029.500000, 0.493812, 0.000000
1030.000000, 0.493891, 0.000000
1030.500000, 0.493972, 0.000000
1031.000000, 0.494054, 0.000000
1031.500000, 0.494138, 0.000000
1032.000000, 0.494223, 0.000000
1032.500000, 0.494311, 0.000000
1033.000000, 0.494399, 0.000000
1033.500000, 0.494490, 0.000000
1034.000000, 0.494582, 0.000000
1034.500000, 0.494675, 0.000000
1035.000000, 0.494770, 0.000000
1035.500000, 0.494866, 0.000000
1036.000000, 0.494964, 0.000000
1036.500000, 0.495063, 0.000000
1037.000000, 0.495164, 0.000000
1037.500000, 0.495266, 0.000000
1038.000000, 0.495369, 0.000000
1038.500000, 0.495473, 0.000000
1039.000000, 0.495579, 0.000000
1039.500000, 0.495686, 0.000000
1040.000000, 0.495794, 0.000000
1040.500000, 0.495903, 0.000000
1041.000000, 0.496013, 0.000000
1041.500000, 0.496124, 0.000000
1042.000000, 0.496236, 0.000000
1042.500000, 0.496350, 0.000000
1043.000000, 0.496464, 0.000000
1043.500000, 0.496579, 0.000000
1044.000000, 0.496695, 0.000000
1044.500000, 0.496812, 0.000000
1045.000000, 0.496929, 0.000000
1045.500000, 0.497048, 0.000000
1046.000000, 0.497167, 0.000000
1046.500000, 0.497287, 0.000000
1047.000000, 0.497407, 0.000000
1047.500000, 0.497528, 0.000000
1048.000000, 0.497650, 0.000000
1048.500000, 0.497772, 0.000000
1049.000000, 0.497895, 0.000000
1049.500000, 0.498018, 0.000000
1050.000000, 0.498142, 0.000000
1050.500000, 0.498266, 0.000000
1051.000000, 0.498390, 0.000000
1051.500000, 0.498515, 0.000000
1052.000000, 0.498640, 0.000000
1052.500000, 0.498765, 0.000000
1053.000000, 0.498891, 0.000000
1053.500000, 0.499016, 0.000000
1054.000000, 0.499142, 0.000000
1054.500000, 0.499268, 0.000000
1055.000000, 0.499394, 0.000000
1055.500000, 0.499520, 0.000000
1056.000000, 0.499645, 0.000000
1056.500000, 0.499771, 0.000000
1057.000000, 0.499897, 0.000000
1057.500000, 0.500023, 0.000000
1058.000000, 0.500148, 0.000000
1058.500000, 0.500273, 0.000000
1059.000000, 0.500398, 0.000000
1059.500000, 0.500523, 0.000000
1060.000000, 0.500647, 0.000000
1060.500000, 0.500771, 0.000000
1061.000000, 0.500895, 0.000000
1061.500000, 0.501018, 0.000000
1062.000000, 0.501141, 0.000000
1062.500000, 0.501263, 0.000000
1063.000000, 0.501385, 0.000000
1063.500000, 0.501506, 0.000000
1064.000000, 0.501627, 0.000000
1064.500000, 0.501747, 0.000000
1065.000000, 0.501866, 0.000000
1065.500000, 0.501985, 0.000000
1066.000000, 0.502102, 0.000000
1066.500000, 0.502220, 0.000000
1067.000000, 0.502336, 0.000000
1067.500000, 0.502451, 0.000000
1068.000000, 0.502566, 0.000000
1068.500000, 0.502680, 0.000000
1069.000000, 0.502793, 0.000000
1069.500000, 0.502905, 0.000000
1070.000000, 0.503015, 0.000000
1070.500000, 0.503125, 0.000000
1071.000000, 0.503234, 0.000000
1071.500000, 0.503342, 0.000000
1072.000000, 0.503449, 0.000000
1072.500000, 0.503554, 0.000000
1073.000000, 0.503659, 0.000000
1073.500000, 0.503762, 0.000000
1074.000000, 0.503864, 0.000000
1074.500000, 0.503965, 0.000000
1075.000000, 0.504064, 0.000000
1075.500000, 0.504163, 0.000000
1076.000000, 0.504260, 0.000000
1076.500000, 0.504355, 0.000000
1077.000000, 0.504450, 0.000000
1077.500000, 0.504543, 0.000000
1078.000000, 0.504634, 0.000000
1078.500000, 0.504724, 0.000000
1079.000000, 0.504813, 0.000000
1079.500000, 0.504900, 0.000000
1080.000000, 0.504986, 0.000000
1080.500000, 0.505070, 0.000000
1081.000000, 0.505153, 0.000000
1081.500000, 0.505234, 0.000000
1082.000000, 0.505314, 0.000000
1082.500000, 0.505392, 0.000000
1083.000000, 0.505469, 0.000000
1083.500000, 0.505543, 0.000000
1084.000000, 0.505617, 0.000000
1084.500000, 0.505688, 0.000000
1085.000000, 0.505758, 0.000000
1085.500000, 0.505827, 0.000000
1086.000000, 0.505893, 0.000000
1086.500000, 0.505958, 0.000000
1087.000000, 0.506022, 0.000000
1087.500000, 0.506083, 0.000000
1088.000000, 0.506143, 0.000000
1088.500000, 0.506201, 0.000000
1089.000000, 0.506257, 0.000000
1089.500000, 0.506312, 0.000000
1090.000000, 0.506365, 0.000000
1090.500000, 0.506416, 0.000000
1091.000000, 0.506465, 0.000000
1091.500000, 0.506512, 0.000000
1092.000000, 0.506558, 0.000000
1092.500000, 0.506602, 0.000000
1093.000000, 0.506644, 0.000000
1093.500000, 0.506684, 0.000000
1094.000000, 0.506723, 0.000000
1094.500000, 0.506759, 0.000000
1095.000000, 0.506794, 0.000000
1095.500000, 0.506827, 0.000000
1096.000000, 0.506858, 0.000000
1096.500000, 0.506887, 0.000000
1097.000000, 0.506914, 0.000000
1097.500000, 0.506940, 0.000000
1098.000000, 0.506963, 0.000000
1098.500000, 0.506985, 0.000000
1099.000000, 0.507005, 0.000000
1099.500000, 0.507023, 0.000000
1100.000000, 0.507040, 0.000000
1100.500000, 0.507054, 0.000000
1101.000000, 0.507067, 0.000000
1101.500000, 0.507078, 0.000000
1102.000000, 0.507086, 0.000000
1102.500000, 0.507094, 0.000000
1103.000000, 0.507099, 0.000000
1103.500000, 0.507102, 0.000000
1104.000000, 0.507104, 0.000000
1104.500000, 0.507104, 0.000000
1105.000000, 0.507102, 0.000000
1105.500000, 0.507098, 0.000000
1106.000000, 0.507093, 0.000000
1106.500000, 0.507086, 0.000000
1107.000000, 0.507077, 0.000000
1107.500000, 0.507066, 0.000000
1108.000000, 0.507053, 0.000000
1108.500000, 0.507039, 0.000000
1109.000000, 0.507023, 0.000000
1109.500000, 0.507006, 0.000000
1110.000000, 0.506986, 0.000000
1110.500000, 0.506965, 0.000000
1111.000000, 0.506942, 0.000000
1111.500000, 0.506918, 0.000000
1112.000000, 0.506892, 0.000000
1112.500000, 0.506864, 0.000000
1113.000000, 0.506835, 0.000000
1113.500000, 0.506804, 0.000000
1114.000000, 0.506771, 0.000000
1114.500000, 0.506737, 0.000000
1115.000000, 0.506702, 0.000000
1115.500000, 0.506664, 0.000000
1116.000000, 0.506626, 0.000000
1116.500000, 0.506585, 0.000000
1117.000000, 0.506544, 0.000000
1117.500000, 0.506500, 0.000000
1118.000000, 0.506456, 0.000000
1118.500000, 0.506410, 0.000000
1119.000000, 0.506362, 0.000000
1119.500000, 0.506313, 0.000000
1120.000000, 0.506263, 0.000000
1120.500000, 0.506211, 0.000000
1121.000000, 0.506158, 0.000000
1121.500000, 0.506104, 0.000000
1122.000000, 0.506048, 0.000000
1122.500000, 0.505991, 0.000000
1123.000000, 0.505933, 0.000000
1123.500000, 0.505873, 0.000000
1124.000000, 0.505813, 0.000000
1124.500000, 0.505751, 0.000000
1125.000000, 0.505688, 0.000000
1125.500000, 0.505623, 0.000000
1126.000000, 0.505558, 0.000000
1126.500000, 0.505492, 0.000000
1127.000000, 0.505424, 0.000000
1127.500000, 0.505355, 0.000000
1128.000000, 0.505286, 0.000000
1128.500000, 0.505215, 0.000000
1129.000000, 0.505143, 0.000000
1129.500000, 0.505071, 0.000000
1130.000000, 0.504997, 0.000000
1130.500000, 0.504923, 0.000000
1131.000000, 0.504847, 0.000000
1131.500000, 0.504771, 0.000000
1132.000000, 0.504694, 0.000000
1132.500000, 0.504616, 0.000000
1133.000000, 0.504538, 0.000000
1133.500000, 0.504458, 0.000000
1134.000000, 0.504378, 0.000000
1134.500000, 0.504297, 0.000000
1135.000000, 0.504215, 0.000000
1135.500000, 0.504133, 0.000000
1136.000000, 0.504050, 0.000000
1136.500000, 0.503967, 0.000000
1137.000000, 0.503883, 0.000000
1137.500000, 0.503798, 0.000000
1138.000000, 0.503713, 0.000000
1138.500000, 0.503627, 0.000000
1139.000000, 0.503541, 0.000000
1139.500000, 0.503454, 0.000000
1140.000000, 0.503367, 0.000000
1140.500000, 0.503280, 0.000000
1141.000000, 0.503192, 0.000000
1141.500000, 0.503104, 0.000000
1142.000000, 0.503016, 0.000000
1142.500000, 0.502927, 0.000000
1143.000000, 0.502838, 0.000000
1143.500000, 0.502749, 0.000000
1144.000000, 0.502659, 0.000000
1144.500000, 0.502569, 0.000000
1145.000000, 0.502480, 0.000000
1145.500000, 0.502390, 0.000000
1146.000000, 0.502300, 0.000000
1146.500000, 0.502210, 0.000000
1147.000000, 0.502119, 0.000000
1147.500000, 0.502029, 0.000000
1148.000000, 0.501939, 0.000000
1148.500000, 0.501849, 0.000000
1149.000000, 0.501759, 0.000000
1149.500000, 0.501668, 0.000000
1150.000000, 0.501578, 0.000000
1150.500000, 0.501489, 0.000000
1151.000000, 0.501399, 0.000000
1151.500000, 0.501309, 0.000000
1152.000000, 0.501220, 0.000000
1152.500000, 0.501131, 0.000000
1153.000000, 0.501042, 0.000000
1153.500000, 0.500953, 0.000000
1154.000000, 0.500865, 0.000000
1154.500000, 0.500777, 0.000000
1155.000000, 0.500689, 0.000000
1155.500000, 0.500602, 0.000000
1156.000000, 0.500515, 0.000000
1156.500000, 0.500428, 0.000000
1157.000000, 0.500342, 0.000000
1157.500000, 0.500257, 0.000000
1158.000000, 0.500172, 0.000000
1158.500000, 0.500087, 0.000000
1159.000000, 0.500003, 0.000000
1159.500000, 0.499919, 0.000000
1160.000000, 0.499836, 0.000000
1160.500000, 0.499753, 0.000000
1161.000000, 0.499672, 0.000000
1161.500000, 0.499590, 0.000000
1162.000000, 0.499510, 0.000000
1162.500000, 0.499430, 0.000000
1163.000000, 0.499350, 0.000000
1163.500000, 0.499272, 0.000000
1164.000000, 0.499194, 0.000000
1164.500000, 0.499117, 0.000000
1165.000000, 0.499041, 0.000000
1165.500000, 0.498965, 0.000000
1166.000000, 0.498890, 0.000000
1166.500000, 0.498816, 0.000000
1167.000000, 0.498743, 0.000000
1167.500000, 0.498671, 0.000000
1168.000000, 0.498599, 0.000000
1168.500000, 0.498529, 0.000000
1169.000000, 0.498459, 0.000000
1169.500000, 0.498390, 0.000000
1170.000000, 0.498323, 0.000000
1170.500000, 0.498256, 0.000000
1171.000000, 0.498190, 0.000000
1171.500000, 0.498125, 0.000000
1172.000000, 0.498061, 0.000000
1172.500000, 0.497998, 0.000000
1173.000000, 0.497936, 0.000000
1173.500000, 0.497875, 0.000000
1174.000000, 0.497815, 0.000000
1174.500000, 0.497757, 0.000000
1175.000000, 0.497699, 0.000000
1175.500000, 0.497642, 0.000000
1176.000000, 0.497587, 0.000000
1176.500000, 0.497532, 0.000000
1177.000000, 0.497479, 0.000000
1177.500000, 0.497427, 0.000000
1178.000000, 0.497376, 0.000000
1178.500000, 0.497326, 0.000000
1179.000000, 0.497277, 0.000000
1179.500000, 0.497230, 0.000000
1180.000000, 0.497183, 0.000000
1180.500000, 0.497138, 0.000000
1181.000000, 0.497094, 0.000000
1181.500000, 0.497052, 0.000000
1182.000000, 0.497010, 0.000000
1182.500000, 0.496970, 0.000000
1183.000000, 0.496931, 0.000000
1183.500000, 0.496893, 0.000000
1184.000000, 0.496856, 0.000000
1184.500000, 0.496821, 0.000000
1185.000000, 0.496787, 0.000000
1185.500000, 0.496754, 0.000000
1186.000000, 0.496723, 0.000000
1186.500000, 0.496692, 0.000000
1187.000000, 0.496663, 0.000000
1187.500000, 0.496636, 0.000000
1188.000000, 0.496609, 0.000000
1188.500000, 0.496584, 0.000000
1189.000000, 0.496560, 0.000000
1189.500000, 0.496538, 0.000000
1190.000000, 0.496516, 0.000000
1190.500000, 0.496496, 0.000000
1191.000000, 0.496478, 0.000000
1191.500000, 0.496460, 0.000000
1192.000000, 0.496444, 0.000000
1192.500000, 0.496430, 0.000000
1193.000000, 0.496416, 0.000000
1193.500000, 0.496404, 0.000000
1194.000000, 0.496393, 0.000000
1194.500000, 0.496383, 0.000000
1195.000000, 0.496375, 0.000000
1195.500000, 0.496368, 0.000000
1196.000000, 0.496362, 0.000000
1196.500000, 0.496358, 0.000000
1197.000000, 0.496355, 0.000000
1197.500000, 0.496353, 0.000000
1198.000000, 0.496352, 0.000000
1198.500000, 0.496353, 0.000000
1199.000000, 0.496354, 0.000000
1199.500000, 0.496358, 0.000000
1200.000000, 0.496362, 0.000000
1200.500000, 0.496368, 0.000000
1201.000000, 0.496374, 0.000000
1201.500000, 0.496382, 0.000000
1202.000000, 0.496392, 0.000000
1202.500000, 0.496402, 0.000000
1203.000000, 0.496414, 0.000000
1203.500000, 0.496427, 0.000000
1204.000000, 0.496441, 0.000000
1204.500000, 0.496456, 0.000000
1205.000000, 0.496473, 0.000000
1205.500000, 0.496490, 0.000000
1206.000000, 0.496509, 0.000000
1206.500000, 0.496529, 0.000000
1207.000000, 0.496550, 0.000000
1207.500000, 0.496572, 0.000000
1208.000000, 0.496595, 0.000000
1208.500000, 0.496620, 0.000000
1209.000000, 0.496645, 0.000000
1209.500000, 0.496672, 0.000000
1210.000000, 0.496699, 0.000000
1210.500000, 0.496728, 0.000000
1211.000000, 0.496758, 0.000000
1211.500000, 0.496788, 0.000000
1212.000000, 0.496820, 0.000000
1212.500000, 0.496853, 0.000000
1213.000000, 0.496886, 0.000000
1213.500000, 0.496921, 0.000000
1214.000000, 0.496957, 0.000000
1214.500000, 0.496993, 0.000000
1215.000000, 0.497031, 0.000000
1215.500000, 0.497069, 0.000000
1216.000000, 0.497108, 0.000000
1216.500000, 0.497149, 0.000000
1217.000000, 0.497190, 0.000000
1217.500000, 0.497232, 0.000000
1218.000000, 0.497274, 0.000000
1218.500000, 0.497318, 0.000000
1219.000000, 0.497362, 0.000000
1219.500000, 0.497408, 0.000000
1220.000000, 0.497453, 0.000000
1220.500000, 0.497500, 0.000000
1221.000000, 0.497548, 0.000000
1221.500000, 0.497596, 0.000000
1222.000000, 0.497645, 0.000000
1222.500000, 0.497694, 0.000000
1223.000000, 0.497745, 0.000000
1223.500000, 0.497796, 0.000000
1224.000000, 0.497847, 0.000000
1224.500000, 0.497899, 0.000000
1225.000000, 0.497952, 0.000000
1225.500000, 0.498006, 0.000000
1226.000000, 0.498060, 0.000000
1226.500000, 0.498114, 0.000000
1227.000000, 0.498169, 0.000000
1227.500000, 0.498225, 0.000000
1228.000000, 0.498281, 0.000000
1228.500000, 0.498338, 0.000000
1229.000000, 0.498395, 0.000000
1229.500000, 0.498452, 0.000000
1230.000000, 0.498510, 0.000000
1230.500000, 0.498568, 0.000000
1231.000000, 0.498627, 0.000000
1231.500000, 0.498686, 0.000000
1232.000000, 0.498746, 0.000000
1232.500000, 0.498806, 0.000000
1233.000000, 0.498866, 0.000000
1233.500000, 0.498926, 0.000000
1234.000000, 0.498987, 0.000000
1234.500000, 0.499048, 0.000000
1235.000000, 0.499109, 0.000000
1235.500000, 0.499171, 0.000000
1236.000000, 0.499233, 0.000000
1236.500000, 0.499295, 0.000000
1237.000000, 0.499357, 0.000000
1237.500000, 0.499419, 0.000000
1238.000000, 0.499481, 0.000000
1238.500000, 0.499544, 0.000000
1239.000000, 0.499606, 0.000000
1239.500000, 0.499669, 0.000000
1240.000000, 0.499732, 0.000000
1240.500000, 0.499795, 0.000000
1241.000000, 0.499858, 0.000000
1241.500000, 0.499920, 0.000000
1242.000000, 0.499983, 0.000000
1242.500000, 0.500046, 0.000000
1243.000000, 0.500109, 0.000000
1243.500000, 0.500172, 0.000000
1244.000000, 0.500234, 0.000000
1244.500000, 0.500297, 0.000000
1245.000000, 0.500360, 0.000000
1245.500000, 0.500422, 0.000000
1246.000000, 0.500484, 0.000000
1246.500000, 0.500546, 0.000000
1247.000000, 0.500608, 0.000000
1247.500000, 0.500670, 0.000000
1248.000000, 0.500731, 0.000000
1248.500000, 0.500792, 0.000000
1249.000000, 0.500853, 0.000000
1249.500000, 0.500914, 0.000000
