-0.314057, 0.499930, 0.970371
-0.575000, 0.499942, 0.967868
-0.325000, 0.500155, 0.970266
-0.075000, 0.501506, 0.972665
0.175000, 0.505299, 0.975064
0.425000, 0.511108, 0.977462
0.675000, 0.517542, 0.979861
0.925000, 0.524019, 0.982260
1.175000, 0.530462, 0.984658
1.425000, 0.536862, 0.987057
1.675000, 0.543210, 0.989456
1.925000, 0.549497, 0.991854
2.175000, 0.555714, 0.994253
2.425000, 0.561852, 0.996652
2.675000, 0.567903, 0.999050
2.925000, 0.573859, 0.995904
3.175000, 0.579712, 0.989123
3.425000, 0.585454, 0.982343
3.675000, 0.591077, 0.975562
3.925000, 0.596575, 0.968782
4.175000, 0.601940, 0.962002
4.425000, 0.607165, 0.955221
4.675000, 0.612246, 0.948441
4.925000, 0.617175, 0.941660
5.175000, 0.621948, 0.934880
5.425000, 0.626559, 0.928100
5.675000, 0.631003, 0.921319
5.925000, 0.635277, 0.914539
6.175000, 0.639376, 0.907758
6.425000, 0.643296, 0.900978
6.675000, 0.647035, 0.894198
6.925000, 0.650590, 0.887417
7.175000, 0.653958, 0.880637
7.425000, 0.657138, 0.873856
7.675000, 0.660128, 0.867076
7.925000, 0.662927, 0.860295
8.175000, 0.665534, 0.856731
8.425000, 0.667948, 0.862422
8.675000, 0.670171, 0.868113
8.925000, 0.672202, 0.873804
9.175000, 0.674042, 0.879496
9.425000, 0.675692, 0.885187
9.675000, 0.677154, 0.890878
9.925000, 0.678430, 0.896569
10.175000, 0.679521, 0.902260
10.425000, 0.680430, 0.907951
10.675000, 0.681161, 0.913642
10.925000, 0.681715, 0.919333
11.175000, 0.682097, 0.925024
11.425000, 0.682310, 0.930715
11.675000, 0.682357, 0.936406
11.925000, 0.682243, 0.942097
12.175000, 0.681972, 0.947788
12.425000, 0.681549, 0.953479
12.675000, 0.680977, 0.959170
12.925000, 0.680262, 0.964861
13.175000, 0.679409, 0.970552
13.425000, 0.678422, 0.976243
13.675000, 0.677307, 0.968278
13.925000, 0.676070, 0.958993
14.175000, 0.674714, 0.949708
14.425000, 0.673246, 0.940423
14.675000, 0.671671, 0.931138
14.925000, 0.669994, 0.921853
15.175000, 0.668222, 0.912568
15.425000, 0.666358, 0.903283
15.675000, 0.664410, 0.893998
15.925000, 0.662381, 0.884713
16.175000, 0.660278, 0.875428
16.425000, 0.658106, 0.866143
16.675000, 0.655870, 0.856858
16.925000, 0.653575, 0.847573
17.175000, 0.651227, 0.838287
17.425000, 0.648830, 0.829002
17.675000, 0.646389, 0.819717
17.925000, 0.643910, 0.810432
18.175000, 0.641396, 0.801147
18.425000, 0.638853, 0.791862
18.675000, 0.636284, 0.782577
18.925000, 0.633695, 0.782480
19.175000, 0.631089, 0.789723
19.425000, 0.628470, 0.796965
19.675000, 0.625843, 0.804207
19.925000, 0.623210, 0.811450
20.175000, 0.620577, 0.818692
20.425000, 0.617945, 0.825935
20.675000, 0.615319, 0.833177
20.925000, 0.612701, 0.840419
21.175000, 0.610094, 0.847662
21.425000, 0.607502, 0.854904
21.675000, 0.604927, 0.862147
21.925000, 0.602371, 0.869389
22.175000, 0.599837, 0.876631
22.425000, 0.597328, 0.883874
22.675000, 0.594844, 0.891116
22.925000, 0.592388, 0.898358
23.175000, 0.589962, 0.905601
23.425000, 0.587568, 0.912843
23.675000, 0.585207, 0.920086
23.925000, 0.582880, 0.927328
24.175000, 0.580588, 0.932748
24.425000, 0.578334, 0.931055
24.675000, 0.576117, 0.929362
24.925000, 0.573939, 0.927669
25.175000, 0.571800, 0.925976
25.425000, 0.569701, 0.924283
25.675000, 0.567643, 0.922590
25.925000, 0.565626, 0.920897
26.175000, 0.563650, 0.919204
26.425000, 0.561716, 0.917511
26.675000, 0.559824, 0.915818
26.925000, 0.557974, 0.914125
27.175000, 0.556166, 0.912433
27.425000, 0.554400, 0.910740
27.675000, 0.552676, 0.909047
27.925000, 0.550993, 0.907354
28.175000, 0.549352, 0.905661
28.425000, 0.547753, 0.903968
28.675000, 0.546194, 0.902275
28.925000, 0.544676, 0.900582
29.175000, 0.543197, 0.898889
29.425000, 0.541759, 0.897196
29.675000, 0.540359, 0.896589
29.925000, 0.538998, 0.896164
30.175000, 0.537675, 0.895739
30.425000, 0.536389, 0.895314
30.675000, 0.535140, 0.894889
30.925000, 0.533927, 0.894464
31.175000, 0.532749, 0.894039
31.425000, 0.531607, 0.893614
31.675000, 0.530498, 0.893189
31.925000, 0.529422, 0.892764
32.175000, 0.528380, 0.892339
32.425000, 0.527369, 0.891914
32.675000, 0.526389, 0.891489
32.925000, 0.525440, 0.891064
33.175000, 0.524521, 0.890639
33.425000, 0.523630, 0.890214
33.675000, 0.522768, 0.889789
33.925000, 0.521934, 0.889364
34.175000, 0.521126, 0.888939
34.425000, 0.520345, 0.888514
34.675000, 0.519589, 0.888089
34.925000, 0.518857, 0.889970
35.175000, 0.518150, 0.894087
35.425000, 0.517467, 0.898204
35.675000, 0.516806, 0.902321
35.925000, 0.516167, 0.906438
36.175000, 0.515549, 0.910555
36.425000, 0.514953, 0.914672
36.675000, 0.514376, 0.918788
36.925000, 0.513820, 0.922905
37.175000, 0.513282, 0.927022
37.425000, 0.512762, 0.931139
37.675000, 0.512261, 0.935256
37.925000, 0.511777, 0.939373
38.175000, 0.511310, 0.943490
38.425000, 0.510859, 0.947607
38.675000, 0.510423, 0.951724
38.925000, 0.510003, 0.955841
39.175000, 0.509598, 0.959958
39.425000, 0.509207, 0.964075
39.675000, 0.508830, 0.968192
39.925000, 0.508466, 0.972309
40.175000, 0.508116, 0.975505
40.425000, 0.507778, 0.973846
40.675000, 0.507452, 0.972187
40.925000, 0.507138, 0.970527
41.175000, 0.506835, 0.968868
41.425000, 0.506543, 0.967209
41.675000, 0.506262, 0.965550
41.925000, 0.505992, 0.963891
42.175000, 0.505731, 0.962232
42.425000, 0.505480, 0.960573
42.675000, 0.505239, 0.958914
42.925000, 0.505006, 0.957254
43.175000, 0.504783, 0.955595
43.425000, 0.504568, 0.953936
43.675000, 0.504361, 0.952277
43.925000, 0.504162, 0.950618
44.175000, 0.503970, 0.948959
44.425000, 0.503787, 0.947300
44.675000, 0.503610, 0.945641
44.925000, 0.503440, 0.943982
45.175000, 0.503277, 0.942322
45.425000, 0.503121, 0.940663
45.675000, 0.502971, 0.942248
45.925000, 0.502827, 0.944563
46.175000, 0.502689, 0.946878
46.425000, 0.502557, 0.949193
46.675000, 0.502430, 0.951508
46.925000, 0.502309, 0.953823
47.175000, 0.502192, 0.956138
47.425000, 0.502081, 0.958453
47.675000, 0.501975, 0.960768
47.925000, 0.501873, 0.963083
48.175000, 0.501775, 0.965398
48.425000, 0.501682, 0.967713
48.675000, 0.501593, 0.970028
48.925000, 0.501509, 0.972343
49.175000, 0.501428, 0.974658
49.425000, 0.501350, 0.976973
49.675000, 0.501277, 0.979288
49.925000, 0.501207, 0.981603
50.175000, 0.501140, 0.983918
50.425000, 0.501076, 0.986233
50.675000, 0.501016, 0.988548
50.925000, 0.500958, 0.984722
51.175000, 0.500903, 0.973907
51.425000, 0.500851, 0.963092
51.675000, 0.500802, 0.952277
51.925000, 0.500755, 0.941462
52.175000, 0.500710, 0.930648
52.425000, 0.500668, 0.919833
52.675000, 0.500628, 0.909018
52.925000, 0.500590, 0.898203
53.175000, 0.500554, 0.887388
53.425000, 0.500519, 0.876573
53.675000, 0.500487, 0.865758
53.925000, 0.500456, 0.854943
54.175000, 0.500427, 0.844128
54.425000, 0.500399, 0.833313
54.675000, 0.500373, 0.822498
54.925000, 0.500349, 0.811683
55.175000, 0.500325, 0.800868
55.425000, 0.500303, 0.790053
55.675000, 0.500282, 0.779238
55.925000, 0.500262, 0.768423
56.175000, 0.500243, 0.758904
56.425000, 0.500225, 0.758880
56.675000, 0.500208, 0.758856
56.925000, 0.500192, 0.758832
57.175000, 0.500176, 0.758808
57.425000, 0.500162, 0.758784
57.675000, 0.500148, 0.758760
57.925000, 0.500134, 0.758736
58.175000, 0.500122, 0.758712
58.425000, 0.500110, 0.758688
58.675000, 0.500099, 0.758664
58.925000, 0.500088, 0.758640
59.175000, 0.500077, 0.758616
59.425000, 0.500067, 0.758592
59.675000, 0.500058, 0.758568
59.925000, 0.500049, 0.758545
60.175000, 0.500040, 0.758521
60.425000, 0.500032, 0.758497
60.675000, 0.500025, 0.758473
60.925000, 0.500017, 0.758449
61.175000, 0.500010, 0.758425
61.425000, 0.500003, 0.758401
61.675000, 0.499997, 0.754717
61.925000, 0.499991, 0.749962
62.175000, 0.499985, 0.745207
62.425000, 0.499980, 0.740452
62.675000, 0.499974, 0.735696
62.925000, 0.499970, 0.730941
63.175000, 0.499965, 0.726186
63.425000, 0.499961, 0.721431
63.675000, 0.499957, 0.716676
63.925000, 0.499953, 0.711920
64.175000, 0.499949, 0.707165
64.425000, 0.499946, 0.702410
64.675000, 0.499943, 0.697655
64.925000, 0.499941, 0.692900
65.175000, 0.499938, 0.688144
65.425000, 0.499936, 0.683389
65.675000, 0.499934, 0.678634
65.925000, 0.499932, 0.673879
66.175000, 0.499931, 0.669123
66.425000, 0.499929, 0.664368
66.675000, 0.499928, 0.659613
66.925000, 0.499928, 0.659150
67.175000, 0.499927, 0.664513
67.425000, 0.499926, 0.669877
67.675000, 0.499926, 0.675241
67.925000, 0.499926, 0.680605
68.175000, 0.499926, 0.685968
68.425000, 0.499926, 0.691332
68.675000, 0.499926, 0.696696
68.925000, 0.499926, 0.702060
69.175000, 0.499926, 0.707423
69.425000, 0.499927, 0.712787
69.675000, 0.499927, 0.718151
69.925000, 0.499928, 0.723515
70.175000, 0.499928, 0.728878
70.425000, 0.499929, 0.734242
70.675000, 0.499929, 0.739606
70.925000, 0.499930, 0.744970
71.175000, 0.499930, 0.750333
71.425000, 0.499931, 0.755697
71.675000, 0.499931, 0.761061
71.925000, 0.499931, 0.766425
72.175000, 0.499931, 0.771639
72.425000, 0.499931, 0.775008
72.675000, 0.499931, 0.778377
72.925000, 0.499931, 0.781746
73.175000, 0.499930, 0.785116
73.425000, 0.499930, 0.788485
73.675000, 0.499929, 0.791854
73.925000, 0.499928, 0.795224
74.175000, 0.499927, 0.798593
74.425000, 0.499925, 0.801962
74.675000, 0.499924, 0.805331
74.925000, 0.499922, 0.808701
75.175000, 0.499920, 0.812070
75.425000, 0.499917, 0.815439
75.675000, 0.499915, 0.818809
75.925000, 0.499912, 0.822178
76.175000, 0.499909, 0.825547
76.425000, 0.499905, 0.828916
76.675000, 0.499902, 0.832286
76.925000, 0.499898, 0.835655
77.175000, 0.499893, 0.839024
77.425000, 0.499889, 0.842394
77.675000, 0.499884, 0.835463
77.925000, 0.499879, 0.824605
78.175000, 0.499874, 0.813746
78.425000, 0.499868, 0.802887
78.675000, 0.499862, 0.792028
78.925000, 0.499856, 0.781169
79.175000, 0.499849, 0.770310
79.425000, 0.499842, 0.759451
79.675000, 0.499835, 0.748592
79.925000, 0.499827, 0.737734
80.175000, 0.499819, 0.726875
80.425000, 0.499810, 0.716016
80.675000, 0.499802, 0.705157
80.925000, 0.499792, 0.694298
81.175000, 0.499782, 0.683439
81.425000, 0.499772, 0.672580
81.675000, 0.499761, 0.661721
81.925000, 0.499750, 0.650863
82.175000, 0.499738, 0.640004
82.425000, 0.499726, 0.629145
82.675000, 0.499713, 0.618286
82.925000, 0.499699, 0.613007
83.175000, 0.499685, 0.617024
83.425000, 0.499669, 0.621040
83.675000, 0.499653, 0.625057
83.925000, 0.499636, 0.629073
84.175000, 0.499619, 0.633090
84.425000, 0.499600, 0.637107
84.675000, 0.499580, 0.641123
84.925000, 0.499559, 0.645140
85.175000, 0.499537, 0.649156
85.425000, 0.499514, 0.653173
85.675000, 0.499489, 0.657189
85.925000, 0.499464, 0.661206
86.175000, 0.499436, 0.665222
86.425000, 0.499408, 0.669239
86.675000, 0.499377, 0.673255
86.925000, 0.499345, 0.677272
87.175000, 0.499311, 0.681288
87.425000, 0.499275, 0.685305
87.675000, 0.499238, 0.689322
87.925000, 0.499198, 0.693338
88.175000, 0.499156, 0.697246
88.425000, 0.499112, 0.697726
88.675000, 0.499066, 0.698206
88.925000, 0.499017, 0.698686
89.175000, 0.498965, 0.699166
89.425000, 0.498911, 0.699646
89.675000, 0.498854, 0.700126
89.925000, 0.498794, 0.700606
90.175000, 0.498731, 0.701086
90.425000, 0.498665, 0.701566
90.675000, 0.498595, 0.702046
90.925000, 0.498523, 0.702526
91.175000, 0.498446, 0.703006
91.425000, 0.498366, 0.703486
91.675000, 0.498282, 0.703966
91.925000, 0.498194, 0.704446
92.175000, 0.498102, 0.704926
92.425000, 0.498005, 0.705406
92.675000, 0.497905, 0.705886
92.925000, 0.497799, 0.706366
93.175000, 0.497689, 0.706846
93.425000, 0.497574, 0.707326
93.675000, 0.497454, 0.703128
93.925000, 0.497328, 0.696764
94.175000, 0.497197, 0.690400
94.425000, 0.497060, 0.684037
94.675000, 0.496918, 0.677673
94.925000, 0.496769, 0.671309
95.175000, 0.496615, 0.664945
95.425000, 0.496453, 0.658581
95.675000, 0.496286, 0.652217
95.925000, 0.496111, 0.645853
96.175000, 0.495929, 0.639489
96.425000, 0.495740, 0.633125
96.675000, 0.495543, 0.626762
96.925000, 0.495338, 0.620398
97.175000, 0.495126, 0.614034
97.425000, 0.494905, 0.607670
97.675000, 0.494675, 0.601306
97.925000, 0.494436, 0.594942
98.175000, 0.494188, 0.588578
98.425000, 0.493931, 0.582214
98.675000, 0.493664, 0.575851
98.925000, 0.493387, 0.570452
99.175000, 0.493099, 0.566966
99.425000, 0.492800, 0.563480
99.675000, 0.492490, 0.559994
99.925000, 0.492169, 0.556508
100.175000, 0.491836, 0.553022
100.425000, 0.491490, 0.549536
100.675000, 0.491132, 0.546049
100.925000, 0.490760, 0.542563
101.175000, 0.490375, 0.539077
101.425000, 0.489976, 0.535591
101.675000, 0.489563, 0.532105
101.925000, 0.489134, 0.528619
102.175000, 0.488690, 0.525133
102.425000, 0.488231, 0.521647
102.675000, 0.487755, 0.518161
102.925000, 0.487262, 0.514675
103.175000, 0.486751, 0.511189
103.425000, 0.486223, 0.507703
103.675000, 0.485676, 0.504217
103.925000, 0.485110, 0.500731
104.175000, 0.484524, 0.497245
104.425000, 0.483918, 0.500948
104.675000, 0.483291, 0.504756
104.925000, 0.482642, 0.508565
105.175000, 0.481972, 0.512373
105.425000, 0.481278, 0.516181
105.675000, 0.480561, 0.519990
105.925000, 0.479820, 0.523798
106.175000, 0.479054, 0.527607
106.425000, 0.478262, 0.531415
106.675000, 0.477444, 0.535224
106.925000, 0.476600, 0.539032
107.175000, 0.475727, 0.542841
107.425000, 0.474827, 0.546649
107.675000, 0.473897, 0.550458
107.925000, 0.472938, 0.554266
108.175000, 0.471948, 0.558075
108.425000, 0.470927, 0.561883
108.675000, 0.469875, 0.565692
108.925000, 0.468789, 0.569500
109.175000, 0.467671, 0.573308
109.425000, 0.466518, 0.577117
109.675000, 0.465331, 0.576556
109.925000, 0.464109, 0.573476
110.175000, 0.462850, 0.570396
110.425000, 0.461555, 0.567316
110.675000, 0.460223, 0.564235
110.925000, 0.458853, 0.561155
111.175000, 0.457445, 0.558075
111.425000, 0.455999, 0.554995
111.675000, 0.454512, 0.551915
111.925000, 0.452987, 0.548835
112.175000, 0.451421, 0.545755
112.425000, 0.449814, 0.542674
112.675000, 0.448167, 0.539594
112.925000, 0.446479, 0.536514
113.175000, 0.444749, 0.533434
113.425000, 0.442978, 0.530354
113.675000, 0.441166, 0.527274
113.925000, 0.439312, 0.524194
114.175000, 0.437417, 0.521113
114.425000, 0.435480, 0.518033
114.675000, 0.433502, 0.514953
114.925000, 0.431484, 0.510628
115.175000, 0.429425, 0.503277
115.425000, 0.427327, 0.495925
115.675000, 0.425189, 0.488574
115.925000, 0.423013, 0.481222
116.175000, 0.420799, 0.473871
116.425000, 0.418548, 0.466519
116.675000, 0.416262, 0.459168
116.925000, 0.413941, 0.451816
117.175000, 0.411586, 0.444465
117.425000, 0.409200, 0.437113
117.675000, 0.406783, 0.429762
117.925000, 0.404338, 0.422410
118.175000, 0.401866, 0.415059
118.425000, 0.399369, 0.407707
118.675000, 0.396850, 0.400356
118.925000, 0.394310, 0.393004
119.175000, 0.391751, 0.385653
119.425000, 0.389178, 0.378301
119.675000, 0.386591, 0.370950
119.925000, 0.383995, 0.363598
120.175000, 0.381391, 0.356247
120.425000, 0.378784, 0.361457
120.675000, 0.376176, 0.367412
120.925000, 0.373571, 0.373367
121.175000, 0.370973, 0.379323
121.425000, 0.368386, 0.385278
121.675000, 0.365812, 0.391233
121.925000, 0.363257, 0.397188
122.175000, 0.360725, 0.403143
122.425000, 0.358219, 0.409098
122.675000, 0.355745, 0.415054
122.925000, 0.353307, 0.421009
123.175000, 0.350910, 0.426964
123.425000, 0.348558, 0.432919
123.675000, 0.346256, 0.438874
123.925000, 0.344010, 0.444829
124.175000, 0.341824, 0.450785
124.425000, 0.339704, 0.456740
124.675000, 0.337655, 0.462695
124.925000, 0.335682, 0.468650
125.175000, 0.333791, 0.474605
125.425000, 0.331986, 0.480560
125.675000, 0.330274, 0.477442
125.925000, 0.328660, 0.468179
126.175000, 0.327149, 0.458916
126.425000, 0.325747, 0.449653
126.675000, 0.324458, 0.440390
126.925000, 0.323288, 0.431127
127.175000, 0.322243, 0.421864
127.425000, 0.321328, 0.412601
127.675000, 0.320547, 0.403338
127.925000, 0.319906, 0.394075
128.175000, 0.319409, 0.384812
128.425000, 0.319061, 0.375549
128.675000, 0.318867, 0.366286
128.925000, 0.318831, 0.357023
129.175000, 0.318957, 0.347760
129.425000, 0.319249, 0.338497
129.675000, 0.319711, 0.329234
129.925000, 0.320346, 0.319971
130.175000, 0.321157, 0.310709
130.425000, 0.322147, 0.301446
130.675000, 0.323320, 0.292183
130.925000, 0.324677, 0.285574
131.175000, 0.326221, 0.287003
131.425000, 0.327952, 0.288433
131.675000, 0.329873, 0.289862
131.925000, 0.331985, 0.291292
132.175000, 0.334288, 0.292721
132.425000, 0.336782, 0.294151
132.675000, 0.339468, 0.295580
132.925000, 0.342344, 0.297009
133.175000, 0.345411, 0.298439
133.425000, 0.348667, 0.299868
133.675000, 0.352110, 0.301298
133.925000, 0.355738, 0.302727
134.175000, 0.359549, 0.304157
134.425000, 0.363540, 0.305586
134.675000, 0.367707, 0.307016
134.925000, 0.372047, 0.308445
135.175000, 0.376556, 0.309874
135.425000, 0.381230, 0.311304
135.675000, 0.386063, 0.312733
135.925000, 0.391050, 0.314163
136.175000, 0.396186, 0.315592
136.425000, 0.401465, 0.316459
136.675000, 0.406881, 0.317263
136.925000, 0.412426, 0.318066
137.175000, 0.418094, 0.318870
137.425000, 0.423878, 0.319674
137.675000, 0.429770, 0.320478
137.925000, 0.435763, 0.321282
138.175000, 0.441847, 0.322085
138.425000, 0.448015, 0.322889
138.675000, 0.454259, 0.323693
138.925000, 0.460569, 0.324497
139.175000, 0.466937, 0.325301
139.425000, 0.473354, 0.326104
139.675000, 0.479810, 0.326908
139.925000, 0.486297, 0.327712
140.175000, 0.492804, 0.328516
140.425000, 0.499323, 0.329319
140.675000, 0.505844, 0.330123
140.925000, 0.512358, 0.330927
141.175000, 0.518854, 0.331731
141.425000, 0.525325, 0.332535
141.675000, 0.531760, 0.332257
141.925000, 0.538150, 0.331099
142.175000, 0.544486, 0.329941
142.425000, 0.550760, 0.328783
142.675000, 0.556962, 0.327625
142.925000, 0.563083, 0.326467
143.175000, 0.569116, 0.325309
143.425000, 0.575052, 0.324151
143.675000, 0.580883, 0.322993
143.925000, 0.586601, 0.321835
144.175000, 0.592199, 0.320677
144.425000, 0.597671, 0.319519
144.675000, 0.603008, 0.318361
144.925000, 0.608205, 0.317203
145.175000, 0.613255, 0.316045
145.425000, 0.618153, 0.314887
145.675000, 0.622894, 0.313729
145.925000, 0.627471, 0.312571
146.175000, 0.631881, 0.311413
146.425000, 0.636120, 0.310255
146.675000, 0.640183, 0.309097
146.925000, 0.644067, 0.308019
147.175000, 0.647769, 0.307261
147.425000, 0.651286, 0.306503
147.675000, 0.654617, 0.305744
147.925000, 0.657758, 0.304986
148.175000, 0.660709, 0.304228
148.425000, 0.663469, 0.303469
148.675000, 0.666037, 0.302711
148.925000, 0.668413, 0.301953
149.175000, 0.670597, 0.301194
149.425000, 0.672589, 0.300436
149.675000, 0.674391, 0.299678
149.925000, 0.676003, 0.298919
150.175000, 0.677427, 0.298161
150.425000, 0.678665, 0.297403
150.675000, 0.679719, 0.296644
150.925000, 0.680592, 0.295886
151.175000, 0.681287, 0.295127
151.425000, 0.681806, 0.294369
151.675000, 0.682154, 0.293611
151.925000, 0.682332, 0.292852
152.175000, 0.682347, 0.292094
152.425000, 0.682201, 0.287269
152.675000, 0.681899, 0.281739
152.925000, 0.681445, 0.276210
153.175000, 0.680844, 0.270681
153.425000, 0.680101, 0.265151
153.675000, 0.679220, 0.259622
153.925000, 0.678207, 0.254093
154.175000, 0.677067, 0.248563
154.425000, 0.675805, 0.243034
154.675000, 0.674426, 0.237505
154.925000, 0.672936, 0.231975
155.175000, 0.671340, 0.226446
155.425000, 0.669643, 0.220917
155.675000, 0.667852, 0.215387
155.925000, 0.665971, 0.209858
156.175000, 0.664006, 0.204329
156.425000, 0.661962, 0.198799
156.675000, 0.659844, 0.193270
156.925000, 0.657659, 0.187741
157.175000, 0.655411, 0.182211
157.425000, 0.653105, 0.176682
157.675000, 0.650746, 0.173397
157.925000, 0.648340, 0.172324
158.175000, 0.645891, 0.171251
158.425000, 0.643404, 0.170179
158.675000, 0.640884, 0.169106
158.925000, 0.638335, 0.168033
159.175000, 0.635762, 0.166960
159.425000, 0.633169, 0.165887
159.675000, 0.630560, 0.164815
159.925000, 0.627939, 0.163742
160.175000, 0.625311, 0.162669
160.425000, 0.622678, 0.161596
160.675000, 0.620044, 0.160523
160.925000, 0.617413, 0.159451
161.175000, 0.614788, 0.158378
161.425000, 0.612173, 0.157305
161.675000, 0.609569, 0.156232
161.925000, 0.606980, 0.155160
162.175000, 0.604408, 0.154087
162.425000, 0.601857, 0.153014
162.675000, 0.599328, 0.151941
162.925000, 0.596823, 0.151356
163.175000, 0.594345, 0.153347
163.425000, 0.591895, 0.155337
163.675000, 0.589476, 0.157328
163.925000, 0.587088, 0.159319
164.175000, 0.584733, 0.161309
164.425000, 0.582413, 0.163300
164.675000, 0.580129, 0.165291
164.925000, 0.577882, 0.167281
165.175000, 0.575673, 0.169272
165.425000, 0.573503, 0.171263
165.675000, 0.571372, 0.173253
165.925000, 0.569281, 0.175244
166.175000, 0.567231, 0.177235
166.425000, 0.565223, 0.179225
166.675000, 0.563255, 0.181216
166.925000, 0.561330, 0.183206
167.175000, 0.559446, 0.185197
167.425000, 0.557605, 0.187188
167.675000, 0.555805, 0.189178
167.925000, 0.554048, 0.191169
168.175000, 0.552332, 0.193160
168.425000, 0.550658, 0.188749
168.675000, 0.549026, 0.182931
168.925000, 0.547434, 0.177113
169.175000, 0.545884, 0.171295
169.425000, 0.544373, 0.165477
169.675000, 0.542903, 0.159659
169.925000, 0.541472, 0.153841
170.175000, 0.540081, 0.148023
170.425000, 0.538727, 0.142205
170.675000, 0.537412, 0.136387
170.925000, 0.536133, 0.130569
171.175000, 0.534892, 0.124751
171.425000, 0.533686, 0.118933
171.675000, 0.532516, 0.113115
171.925000, 0.531380, 0.107297
172.175000, 0.530278, 0.101479
172.425000, 0.529209, 0.095661
172.675000, 0.528173, 0.089842
172.925000, 0.527168, 0.084024
173.175000, 0.526195, 0.078206
173.425000, 0.525252, 0.072388
173.675000, 0.524338, 0.069287
173.925000, 0.523454, 0.069222
174.175000, 0.522597, 0.069157
174.425000, 0.521768, 0.069093
174.675000, 0.520966, 0.069028
174.925000, 0.520190, 0.068963
175.175000, 0.519439, 0.068898
175.425000, 0.518713, 0.068834
175.675000, 0.518010, 0.068769
175.925000, 0.517331, 0.068704
176.175000, 0.516675, 0.068640
176.425000, 0.516040, 0.068575
176.675000, 0.515427, 0.068510
176.925000, 0.514835, 0.068445
177.175000, 0.514262, 0.068381
177.425000, 0.513709, 0.068316
177.675000, 0.513175, 0.068251
177.925000, 0.512660, 0.068186
178.175000, 0.512162, 0.068122
178.425000, 0.511681, 0.068057
178.675000, 0.511217, 0.067992
178.925000, 0.510769, 0.067689
179.175000, 0.510337, 0.065706
179.425000, 0.509920, 0.063723
179.675000, 0.509518, 0.061739
179.925000, 0.509130, 0.059756
180.175000, 0.508755, 0.057773
180.425000, 0.508394, 0.055790
180.675000, 0.508046, 0.053807
180.925000, 0.507711, 0.051824
181.175000, 0.507387, 0.049840
181.425000, 0.507076, 0.047857
181.675000, 0.506775, 0.045874
181.925000, 0.506486, 0.043891
182.175000, 0.506207, 0.041908
182.425000, 0.505938, 0.039925
182.675000, 0.505680, 0.037941
182.925000, 0.505431, 0.035958
183.175000, 0.505191, 0.033975
183.425000, 0.504960, 0.031992
183.675000, 0.504738, 0.030009
183.925000, 0.504525, 0.028025
184.175000, 0.504320, 0.026042
184.425000, 0.504122, 0.025018
184.675000, 0.503933, 0.024270
184.925000, 0.503750, 0.023522
185.175000, 0.503575, 0.022773
185.425000, 0.503407, 0.022025
185.675000, 0.503245, 0.021277
185.925000, 0.503090, 0.020529
186.175000, 0.502941, 0.019780
186.425000, 0.502799, 0.019032
186.675000, 0.502662, 0.018284
186.925000, 0.502531, 0.017536
187.175000, 0.502405, 0.016787
187.425000, 0.502285, 0.016039
187.675000, 0.502169, 0.015291
187.925000, 0.502059, 0.014543
188.175000, 0.501954, 0.013794
188.425000, 0.501853, 0.013046
188.675000, 0.501756, 0.012298
188.925000, 0.501664, 0.011550
189.175000, 0.501576, 0.010801
189.425000, 0.501492, 0.010053
189.675000, 0.501412, 0.009559
189.925000, 0.501335, 0.009404
190.175000, 0.501262, 0.009249
190.425000, 0.501193, 0.009094
190.675000, 0.501127, 0.008939
190.925000, 0.501064, 0.008783
191.175000, 0.501004, 0.008628
191.425000, 0.500947, 0.008473
191.675000, 0.500893, 0.008318
191.925000, 0.500841, 0.008163
192.175000, 0.500792, 0.008008
192.425000, 0.500746, 0.007853
192.675000, 0.500702, 0.007698
192.925000, 0.500660, 0.007543
193.175000, 0.500620, 0.007388
193.425000, 0.500582, 0.007232
193.675000, 0.500547, 0.007077
193.925000, 0.500513, 0.006922
194.175000, 0.500481, 0.006767
194.425000, 0.500450, 0.006612
194.675000, 0.500421, 0.006457
194.925000, 0.500394, 0.006304
195.175000, 0.500368, 0.006174
195.425000, 0.500344, 0.006044
195.675000, 0.500320, 0.005913
195.925000, 0.500298, 0.005783
196.175000, 0.500278, 0.005653
196.425000, 0.500258, 0.005523
196.675000, 0.500239, 0.005393
196.925000, 0.500221, 0.005263
197.175000, 0.500204, 0.005133
197.425000, 0.500188, 0.005002
197.675000, 0.500173, 0.004872
197.925000, 0.500159, 0.004742
198.175000, 0.500145, 0.004612
198.425000, 0.500132, 0.004482
198.675000, 0.500119, 0.004352
198.925000, 0.500108, 0.004222
199.175000, 0.500096, 0.004092
199.425000, 0.500086, 0.003961
199.675000, 0.500075, 0.003831
199.925000, 0.500065, 0.003701
200.175000, 0.500056, 0.003571
200.425000, 0.500047, 0.003488
200.675000, 0.500039, 0.003422
200.925000, 0.500031, 0.003356
201.175000, 0.500023, 0.003290
201.425000, 0.500016, 0.003224
201.675000, 0.500009, 0.003158
201.925000, 0.500002, 0.003092
202.175000, 0.499996, 0.003026
202.425000, 0.499990, 0.002960
202.675000, 0.499984, 0.002894
202.925000, 0.499979, 0.002828
203.175000, 0.499973, 0.002762
203.425000, 0.499969, 0.002696
203.675000, 0.499964, 0.002631
203.925000, 0.499960, 0.002565
204.175000, 0.499956, 0.002499
204.425000, 0.499952, 0.002433
204.675000, 0.499949, 0.002367
204.925000, 0.499946, 0.002301
205.175000, 0.499943, 0.002235
205.425000, 0.499940, 0.002169
205.675000, 0.499938, 0.002112
205.925000, 0.499936, 0.002069
206.175000, 0.499934, 0.002025
206.425000, 0.499932, 0.001982
206.675000, 0.499931, 0.001939
206.925000, 0.499929, 0.001896
207.175000, 0.499928, 0.001853
207.425000, 0.499927, 0.001810
207.675000, 0.499927, 0.001767
207.925000, 0.499926, 0.001723
208.175000, 0.499926, 0.001680
208.425000, 0.499926, 0.001637
208.675000, 0.499926, 0.001594
208.925000, 0.499926, 0.001551
209.175000, 0.499926, 0.001508
209.425000, 0.499926, 0.001465
209.675000, 0.499927, 0.001421
209.925000, 0.499927, 0.001378
210.175000, 0.499927, 0.001335
210.425000, 0.499928, 0.001292
210.675000, 0.499928, 0.001249
210.925000, 0.499929, 0.001207
211.175000, 0.499929, 0.001218
211.425000, 0.499930, 0.001228
211.675000, 0.499930, 0.001239
211.925000, 0.499931, 0.001250
212.175000, 0.499931, 0.001260
212.425000, 0.499931, 0.001271
212.675000, 0.499931, 0.001282
212.925000, 0.499931, 0.001292
213.175000, 0.499931, 0.001303
213.425000, 0.499931, 0.001314
213.675000, 0.499930, 0.001324
213.925000, 0.499930, 0.001335
214.175000, 0.499929, 0.001346
214.425000, 0.499928, 0.001356
214.675000, 0.499926, 0.001367
214.925000, 0.499925, 0.001377
215.175000, 0.499923, 0.001388
215.425000, 0.499921, 0.001399
215.675000, 0.499919, 0.001409
215.925000, 0.499917, 0.001420
216.175000, 0.499914, 0.001431
216.425000, 0.499911, 0.001431
216.675000, 0.499908, 0.001426
216.925000, 0.499904, 0.001422
217.175000, 0.499901, 0.001418
217.425000, 0.499897, 0.001413
217.675000, 0.499893, 0.001409
217.925000, 0.499888, 0.001404
218.175000, 0.499883, 0.001400
218.425000, 0.499878, 0.001395
218.675000, 0.499873, 0.001391
218.925000, 0.499867, 0.001386
219.175000, 0.499861, 0.001382
219.425000, 0.499854, 0.001377
219.675000, 0.499848, 0.001373
219.925000, 0.499841, 0.001368
220.175000, 0.499833, 0.001364
220.425000, 0.499825, 0.001359
220.675000, 0.499817, 0.001355
220.925000, 0.499809, 0.001350
221.175000, 0.499800, 0.001346
221.425000, 0.499790, 0.001341
221.675000, 0.499780, 0.001323
221.925000, 0.499770, 0.001277
222.175000, 0.499759, 0.001232
222.425000, 0.499748, 0.001186
222.675000, 0.499736, 0.001140
222.925000, 0.499723, 0.001094
223.175000, 0.499710, 0.001049
223.425000, 0.499696, 0.001003
223.675000, 0.499681, 0.000957
223.925000, 0.499666, 0.000912
224.175000, 0.499650, 0.000866
224.425000, 0.499633, 0.000820
224.675000, 0.499615, 0.000774
224.925000, 0.499596, 0.000729
225.175000, 0.499576, 0.000683
225.425000, 0.499555, 0.000637
225.675000, 0.499533, 0.000592
225.925000, 0.499509, 0.000546
226.175000, 0.499484, 0.000500
226.425000, 0.499458, 0.000454
226.675000, 0.499431, 0.000409
226.925000, 0.499402, 0.000363
227.175000, 0.499371, 0.000346
227.425000, 0.499338, 0.000329
227.675000, 0.499304, 0.000312
227.925000, 0.499268, 0.000295
228.175000, 0.499230, 0.000278
228.425000, 0.499190, 0.000261
228.675000, 0.499148, 0.000244
228.925000, 0.499103, 0.000227
229.175000, 0.499056, 0.000210
229.425000, 0.499007, 0.000193
229.675000, 0.498954, 0.000176
229.925000, 0.498900, 0.000159
230.175000, 0.498842, 0.000142
230.425000, 0.498782, 0.000125
230.675000, 0.498718, 0.000108
230.925000, 0.498651, 0.000091
231.175000, 0.498581, 0.000074
231.425000, 0.498507, 0.000057
231.675000, 0.498430, 0.000040
231.925000, 0.498349, 0.000023
232.175000, 0.498264, 0.000006
232.425000, 0.498176, 0.000010
232.675000, 0.498083, 0.000025
232.925000, 0.497985, 0.000040
233.175000, 0.497884, 0.000056
233.425000, 0.497777, 0.000071
233.675000, 0.497666, 0.000086
233.925000, 0.497550, 0.000102
234.175000, 0.497429, 0.000117
234.425000, 0.497302, 0.000132
234.675000, 0.497170, 0.000148
234.925000, 0.497032, 0.000163
235.175000, 0.496888, 0.000178
235.425000, 0.496739, 0.000193
235.675000, 0.496583, 0.000209
235.925000, 0.496420, 0.000224
236.175000, 0.496251, 0.000239
236.425000, 0.496075, 0.000255
236.675000, 0.495891, 0.000270
236.925000, 0.495701, 0.000285
237.175000, 0.495502, 0.000301
237.425000, 0.495296, 0.000316
237.675000, 0.495082, 0.000336
237.925000, 0.494859, 0.000369
238.175000, 0.494627, 0.000401
238.425000, 0.494387, 0.000433
238.675000, 0.494137, 0.000465
238.925000, 0.493878, 0.000498
239.175000, 0.493609, 0.000530
239.425000, 0.493329, 0.000562
239.675000, 0.493039, 0.000595
239.925000, 0.492738, 0.000627
240.175000, 0.492426, 0.000659
240.425000, 0.492102, 0.000692
240.675000, 0.491767, 0.000724
240.925000, 0.491419, 0.000756
241.175000, 0.491058, 0.000788
241.425000, 0.490683, 0.000821
241.675000, 0.490296, 0.000853
241.925000, 0.489894, 0.000885
242.175000, 0.489477, 0.000918
242.425000, 0.489046, 0.000950
242.675000, 0.488599, 0.000982
242.925000, 0.488136, 0.001015
243.175000, 0.487656, 0.000980
243.425000, 0.487160, 0.000942
243.675000, 0.486646, 0.000903
243.925000, 0.486114, 0.000865
244.175000, 0.485563, 0.000827
244.425000, 0.484993, 0.000788
244.675000, 0.484403, 0.000750
244.925000, 0.483793, 0.000711
245.175000, 0.483161, 0.000673
245.425000, 0.482508, 0.000634
245.675000, 0.481833, 0.000596
245.925000, 0.481135, 0.000557
246.175000, 0.480413, 0.000519
246.425000, 0.479667, 0.000481
246.675000, 0.478896, 0.000442
246.925000, 0.478099, 0.000404
247.175000, 0.477276, 0.000365
247.425000, 0.476426, 0.000327
247.675000, 0.475548, 0.000288
247.925000, 0.474641, 0.000250
248.175000, 0.473706, 0.000212
248.425000, 0.472740, 0.000000
248.675000, 0.471744, 0.000000
248.925000, 0.470717, 0.000000
249.175000, 0.469658, 0.000000
249.425000, 0.468566, 0.000000
249.675000, 0.467440, 0.000000
249.925000, 0.466281, 0.000000
250.175000, 0.465087, 0.000000
250.425000, 0.463857, 0.000000
250.675000, 0.462591, 0.000000
250.925000, 0.461289, 0.000000
251.175000, 0.459949, 0.000000
251.425000, 0.458572, 0.000000
251.675000, 0.457156, 0.000000
251.925000, 0.455701, 0.000000
252.175000, 0.454207, 0.000000
252.425000, 0.452673, 0.000000
252.675000, 0.451099, 0.000000
252.925000, 0.449484, 0.000000
253.175000, 0.447829, 0.000000
253.425000, 0.446132, 0.000000
253.675000, 0.444394, 0.000000
253.925000, 0.442615, 0.000000
254.175000, 0.440794, 0.000000
254.425000, 0.438932, 0.000000
254.675000, 0.437028, 0.000000
254.925000, 0.435083, 0.000000
255.175000, 0.433097, 0.000000
255.425000, 0.431071, 0.000000
255.675000, 0.429004, 0.000000
255.925000, 0.426898, 0.000000
256.175000, 0.424752, 0.000000
256.425000, 0.422568, 0.000000
256.675000, 0.420347, 0.000000
256.925000, 0.418089, 0.000000
257.175000, 0.415795, 0.000000
257.425000, 0.413467, 0.000000
257.675000, 0.411106, 0.000000
257.925000, 0.408714, 0.000000
258.175000, 0.406291, 0.000000
258.425000, 0.403840, 0.000000
258.675000, 0.401363, 0.000000
258.925000, 0.398862, 0.000000
259.175000, 0.396338, 0.000000
259.425000, 0.393794, 0.000000
259.675000, 0.391232, 0.000000
259.925000, 0.388655, 0.000000
260.175000, 0.386067, 0.000000
260.425000, 0.383468, 0.000000
260.675000, 0.380864, 0.000000
260.925000, 0.378256, 0.000000
261.175000, 0.375649, 0.000000
261.425000, 0.373045, 0.000000
261.675000, 0.370449, 0.000000
261.925000, 0.367864, 0.000000
262.175000, 0.365294, 0.000000
262.425000, 0.362743, 0.000000
262.675000, 0.360216, 0.000000
262.925000, 0.357716, 0.000000
263.175000, 0.355249, 0.000000
263.425000, 0.352819, 0.000000
263.675000, 0.350430, 0.000000
263.925000, 0.348088, 0.000000
264.175000, 0.345797, 0.000000
264.425000, 0.343563, 0.000000
264.675000, 0.341390, 0.000000
264.925000, 0.339284, 0.000000
265.175000, 0.337250, 0.000000
265.425000, 0.335293, 0.000000
265.675000, 0.333419, 0.000000
265.925000, 0.331632, 0.000000
266.175000, 0.329940, 0.000000
266.425000, 0.328346, 0.000000
266.675000, 0.326856, 0.000000
266.925000, 0.325477, 0.000000
267.175000, 0.324212, 0.000000
267.425000, 0.323067, 0.000000
267.675000, 0.322048, 0.000000
267.925000, 0.321159, 0.000000
268.175000, 0.320406, 0.000000
268.425000, 0.319794, 0.000000
268.675000, 0.319327, 0.000000
268.925000, 0.319010, 0.000000
269.175000, 0.318847, 0.000000
269.425000, 0.318843, 0.000000
269.675000, 0.319003, 0.000000
269.925000, 0.319329, 0.000000
270.175000, 0.319825, 0.000000
270.425000, 0.320495, 0.000000
270.675000, 0.321343, 0.000000
270.925000, 0.322370, 0.000000
271.175000, 0.323580, 0.000000
271.425000, 0.324974, 0.000000
271.675000, 0.326556, 0.000000
271.925000, 0.328325, 0.000000
272.175000, 0.330285, 0.000000
272.425000, 0.332435, 0.000000
272.675000, 0.334777, 0.000000
272.925000, 0.337310, 0.000000
273.175000, 0.340034, 0.000000
273.425000, 0.342949, 0.000000
273.675000, 0.346055, 0.000000
273.925000, 0.349348, 0.000000
274.175000, 0.352829, 0.000000
274.425000, 0.356494, 0.000000
274.675000, 0.360342, 0.000000
274.925000, 0.364368, 0.000000
275.175000, 0.368571, 0.000000
275.425000, 0.372946, 0.000000
275.675000, 0.377488, 0.000000
275.925000, 0.382194, 0.000000
276.175000, 0.387059, 0.000000
276.425000, 0.392077, 0.000000
276.675000, 0.397243, 0.000000
276.925000, 0.402550, 0.000000
277.175000, 0.407992, 0.000000
277.425000, 0.413563, 0.000000
277.675000, 0.419255, 0.000000
277.925000, 0.425061, 0.000000
278.175000, 0.430974, 0.000000
278.425000, 0.436986, 0.000000
278.675000, 0.443088, 0.000000
278.925000, 0.449272, 0.000000
279.175000, 0.455530, 0.000000
279.425000, 0.461853, 0.000000
279.675000, 0.468232, 0.000000
279.925000, 0.474657, 0.000000
280.175000, 0.481120, 0.000000
280.425000, 0.487612, 0.000000
280.675000, 0.494122, 0.000000
280.925000, 0.500642, 0.000000
281.175000, 0.507162, 0.000000
281.425000, 0.513673, 0.000000
281.675000, 0.520166, 0.000000
281.925000, 0.526630, 0.000000
282.175000, 0.533056, 0.000000
282.425000, 0.539436, 0.000000
282.675000, 0.545761, 0.000000
282.925000, 0.552020, 0.000000
283.175000, 0.558206, 0.000000
283.425000, 0.564311, 0.000000
283.675000, 0.570324, 0.000000
283.925000, 0.576240, 0.000000
284.175000, 0.582048, 0.000000
284.425000, 0.587743, 0.000000
284.675000, 0.593316, 0.000000
284.925000, 0.598761, 0.000000
285.175000, 0.604070, 0.000000
285.425000, 0.609238, 0.000000
285.675000, 0.614258, 0.000000
285.925000, 0.619125, 0.000000
286.175000, 0.623833, 0.000000
286.425000, 0.628377, 0.000000
286.675000, 0.632753, 0.000000
286.925000, 0.636956, 0.000000
287.175000, 0.640983, 0.000000
287.425000, 0.644831, 0.000000
287.675000, 0.648495, 0.000000
287.925000, 0.651975, 0.000000
288.175000, 0.655267, 0.000000
288.425000, 0.658370, 0.000000
288.675000, 0.661283, 0.000000
288.925000, 0.664004, 0.000000
289.175000, 0.666534, 0.000000
289.425000, 0.668870, 0.000000
289.675000, 0.671015, 0.000000
289.925000, 0.672969, 0.000000
290.175000, 0.674732, 0.000000
290.425000, 0.676306, 0.000000
290.675000, 0.677692, 0.000000
290.925000, 0.678893, 0.000000
291.175000, 0.679910, 0.000000
291.425000, 0.680747, 0.000000
291.675000, 0.681406, 0.000000
291.925000, 0.681890, 0.000000
292.175000, 0.682203, 0.000000
292.425000, 0.682348, 0.000000
292.675000, 0.682330, 0.000000
292.925000, 0.682152, 0.000000
293.175000, 0.681819, 0.000000
293.425000, 0.681335, 0.000000
293.675000, 0.680705, 0.000000
293.925000, 0.679933, 0.000000
294.175000, 0.679026, 0.000000
294.425000, 0.677986, 0.000000
294.675000, 0.676821, 0.000000
294.925000, 0.675535, 0.000000
295.175000, 0.674133, 0.000000
295.425000, 0.672621, 0.000000
295.675000, 0.671005, 0.000000
295.925000, 0.669289, 0.000000
296.175000, 0.667479, 0.000000
296.425000, 0.665580, 0.000000
296.675000, 0.663599, 0.000000
296.925000, 0.661539, 0.000000
297.175000, 0.659408, 0.000000
297.425000, 0.657209, 0.000000
297.675000, 0.654949, 0.000000
297.925000, 0.652632, 0.000000
298.175000, 0.650263, 0.000000
298.425000, 0.647848, 0.000000
298.675000, 0.645391, 0.000000
298.925000, 0.642897, 0.000000
299.175000, 0.640370, 0.000000
299.425000, 0.637816, 0.000000
299.675000, 0.635239, 0.000000
299.925000, 0.632642, 0.000000
300.175000, 0.630031, 0.000000
300.425000, 0.627408, 0.000000
300.675000, 0.624778, 0.000000
300.925000, 0.622145, 0.000000
301.175000, 0.619512, 0.000000
301.425000, 0.616882, 0.000000
301.675000, 0.614258, 0.000000
301.925000, 0.611645, 0.000000
302.175000, 0.609044, 0.000000
302.425000, 0.606458, 0.000000
302.675000, 0.603891, 0.000000
302.925000, 0.601344, 0.000000
303.175000, 0.598819, 0.000000
303.425000, 0.596320, 0.000000
303.675000, 0.593847, 0.000000
303.925000, 0.591403, 0.000000
304.175000, 0.588990, 0.000000
304.425000, 0.586609, 0.000000
304.675000, 0.584261, 0.000000
304.925000, 0.581949, 0.000000
305.175000, 0.579672, 0.000000
305.425000, 0.577433, 0.000000
305.675000, 0.575231, 0.000000
305.925000, 0.573069, 0.000000
306.175000, 0.570946, 0.000000
306.425000, 0.568863, 0.000000
306.675000, 0.566822, 0.000000
306.925000, 0.564821, 0.000000
307.175000, 0.562863, 0.000000
307.425000, 0.560945, 0.000000
307.675000, 0.559070, 0.000000
307.925000, 0.557237, 0.000000
308.175000, 0.555446, 0.000000
308.425000, 0.553697, 0.000000
308.675000, 0.551990, 0.000000
308.925000, 0.550325, 0.000000
309.175000, 0.548700, 0.000000
309.425000, 0.547117, 0.000000
309.675000, 0.545575, 0.000000
309.925000, 0.544073, 0.000000
310.175000, 0.542611, 0.000000
310.425000, 0.541188, 0.000000
310.675000, 0.539804, 0.000000
310.925000, 0.538458, 0.000000
311.175000, 0.537150, 0.000000
311.425000, 0.535879, 0.000000
311.675000, 0.534645, 0.000000
311.925000, 0.533446, 0.000000
312.175000, 0.532283, 0.000000
312.425000, 0.531154, 0.000000
312.675000, 0.530059, 0.000000
312.925000, 0.528997, 0.000000
313.175000, 0.527967, 0.000000
313.425000, 0.526969, 0.000000
313.675000, 0.526002, 0.000000
313.925000, 0.525065, 0.000000
314.175000, 0.524157, 0.000000
314.425000, 0.523278, 0.000000
314.675000, 0.522427, 0.000000
314.925000, 0.521604, 0.000000
315.175000, 0.520807, 0.000000
315.425000, 0.520036, 0.000000
315.675000, 0.519290, 0.000000
315.925000, 0.518569, 0.000000
316.175000, 0.517871, 0.000000
316.425000, 0.517197, 0.000000
316.675000, 0.516545, 0.000000
316.925000, 0.515914, 0.000000
317.175000, 0.515306, 0.000000
317.425000, 0.514717, 0.000000
317.675000, 0.514149, 0.000000
317.925000, 0.513600, 0.000000
318.175000, 0.513070, 0.000000
318.425000, 0.512558, 0.000000
318.675000, 0.512063, 0.000000
318.925000, 0.511586, 0.000000
319.175000, 0.511125, 0.000000
319.425000, 0.510681, 0.000000
319.675000, 0.510252, 0.000000
319.925000, 0.509838, 0.000000
320.175000, 0.509438, 0.000000
320.425000, 0.509053, 0.000000
320.675000, 0.508681, 0.000000
320.925000, 0.508323, 0.000000
321.175000, 0.507977, 0.000000
321.425000, 0.507644, 0.000000
321.675000, 0.507323, 0.000000
321.925000, 0.507014, 0.000000
322.175000, 0.506716, 0.000000
322.425000, 0.506428, 0.000000
322.675000, 0.506152, 0.000000
322.925000, 0.505885, 0.000000
323.175000, 0.505629, 0.000000
323.425000, 0.505382, 0.000000
323.675000, 0.505144, 0.000000
323.925000, 0.504915, 0.000000
324.175000, 0.504695, 0.000000
324.425000, 0.504483, 0.000000
324.675000, 0.504279, 0.000000
324.925000, 0.504083, 0.000000
325.175000, 0.503895, 0.000000
325.425000, 0.503714, 0.000000
325.675000, 0.503540, 0.000000
325.925000, 0.503374, 0.000000
326.175000, 0.503213, 0.000000
326.425000, 0.503060, 0.000000
326.675000, 0.502912, 0.000000
326.925000, 0.502771, 0.000000
327.175000, 0.502635, 0.000000
327.425000, 0.502505, 0.000000
327.675000, 0.502380, 0.000000
327.925000, 0.502261, 0.000000
328.175000, 0.502147, 0.000000
328.425000, 0.502037, 0.000000
328.675000, 0.501933, 0.000000
328.925000, 0.501833, 0.000000
329.175000, 0.501737, 0.000000
329.425000, 0.501646, 0.000000
329.675000, 0.501559, 0.000000
329.925000, 0.501475, 0.000000
330.175000, 0.501396, 0.000000
330.425000, 0.501320, 0.000000
330.675000, 0.501248, 0.000000
330.925000, 0.501179, 0.000000
331.175000, 0.501114, 0.000000
331.425000, 0.501051, 0.000000
331.675000, 0.500992, 0.000000
331.925000, 0.500936, 0.000000
332.175000, 0.500882, 0.000000
332.425000, 0.500831, 0.000000
332.675000, 0.500783, 0.000000
332.925000, 0.500737, 0.000000
333.175000, 0.500693, 0.000000
333.425000, 0.500651, 0.000000
333.675000, 0.500612, 0.000000
333.925000, 0.500575, 0.000000
334.175000, 0.500540, 0.000000
334.425000, 0.500506, 0.000000
334.675000, 0.500474, 0.000000
334.925000, 0.500444, 0.000000
335.175000, 0.500416, 0.000000
335.425000, 0.500389, 0.000000
335.675000, 0.500363, 0.000000
335.925000, 0.500339, 0.000000
336.175000, 0.500316, 0.000000
336.425000, 0.500294, 0.000000
336.675000, 0.500274, 0.000000
336.925000, 0.500254, 0.000000
337.175000, 0.500235, 0.000000
337.425000, 0.500218, 0.000000
337.675000, 0.500201, 0.000000
337.925000, 0.500185, 0.000000
338.175000, 0.500170, 0.000000
338.425000, 0.500156, 0.000000
338.675000, 0.500142, 0.000000
338.925000, 0.500129, 0.000000
339.175000, 0.500117, 0.000000
339.425000, 0.500105, 0.000000
339.675000, 0.500094, 0.000000
339.925000, 0.500083, 0.000000
340.175000, 0.500073, 0.000000
340.425000, 0.500064, 0.000000
340.675000, 0.500054, 0.000000
340.925000, 0.500046, 0.000000
341.175000, 0.500037, 0.000000
341.425000, 0.500029, 0.000000
341.675000, 0.500021, 0.000000
341.925000, 0.500014, 0.000000
342.175000, 0.500007, 0.000000
342.425000, 0.500001, 0.000000
342.675000, 0.499994, 0.000000
342.925000, 0.499988, 0.000000
343.175000, 0.499983, 0.000000
343.425000, 0.499977, 0.000000
343.675000, 0.499972, 0.000000
343.925000, 0.499968, 0.000000
344.175000, 0.499963, 0.000000
344.425000, 0.499959, 0.000000
344.675000, 0.499955, 0.000000
344.925000, 0.499952, 0.000000
345.175000, 0.499948, 0.000000
345.425000, 0.499945, 0.000000
345.675000, 0.499942, 0.000000
345.925000, 0.499940, 0.000000
346.175000, 0.499937, 0.000000
346.425000, 0.499935, 0.000000
346.675000, 0.499933, 0.000000
346.925000, 0.499932, 0.000000
347.175000, 0.499930, 0.000000
347.425000, 0.499929, 0.000000
347.675000, 0.499928, 0.000000
347.925000, 0.499927, 0.000000
348.175000, 0.499927, 0.000000
348.425000, 0.499926, 0.000000
348.675000, 0.499926, 0.000000
348.925000, 0.499926, 0.000000
349.175000, 0.499926, 0.000000
349.425000, 0.499926, 0.000000
349.675000, 0.499926, 0.000000
349.925000, 0.499926, 0.000000
350.175000, 0.499927, 0.000000
350.425000, 0.499927, 0.000000
350.675000, 0.499928, 0.000000
350.925000, 0.499928, 0.000000
351.175000, 0.499929, 0.000000
351.425000, 0.499929, 0.000000
351.675000, 0.499930, 0.000000
351.925000, 0.499930, 0.000000
352.175000, 0.499930, 0.000000
352.425000, 0.499931, 0.000000
352.675000, 0.499931, 0.000000
352.925000, 0.499931, 0.000000
353.175000, 0.499931, 0.000000
353.425000, 0.499931, 0.000000
353.675000, 0.499931, 0.000000
353.925000, 0.499931, 0.000000
354.175000, 0.499930, 0.000000
354.425000, 0.499929, 0.000000
354.675000, 0.499928, 0.000000
354.925000, 0.499927, 0.000000
355.175000, 0.499926, 0.000000
355.425000, 0.499925, 0.000000
355.675000, 0.499923, 0.000000
355.925000, 0.499921, 0.000000
356.175000, 0.499919, 0.000000
356.425000, 0.499916, 0.000000
356.675000, 0.499913, 0.000000
356.925000, 0.499910, 0.000000
357.175000, 0.499907, 0.000000
357.425000, 0.499904, 0.000000
357.675000, 0.499900, 0.000000
357.925000, 0.499896, 0.000000
358.175000, 0.499892, 0.000000
358.425000, 0.499887, 0.000000
358.675000, 0.499882, 0.000000
358.925000, 0.499877, 0.000000
359.175000, 0.499871, 0.000000
359.425000, 0.499866, 0.000000
359.675000, 0.499859, 0.000000
359.925000, 0.499853, 0.000000
360.175000, 0.499846, 0.000000
360.425000, 0.499839, 0.000000
360.675000, 0.499832, 0.000000
360.925000, 0.499824, 0.000000
361.175000, 0.499816, 0.000000
361.425000, 0.499807, 0.000000
361.675000, 0.499798, 0.000000
361.925000, 0.499788, 0.000000
362.175000, 0.499778, 0.000000
362.425000, 0.499768, 0.000000
362.675000, 0.499757, 0.000000
362.925000, 0.499745, 0.000000
363.175000, 0.499733, 0.000000
363.425000, 0.499721, 0.000000
363.675000, 0.499707, 0.000000
363.925000, 0.499693, 0.000000
364.175000, 0.499678, 0.000000
364.425000, 0.499663, 0.000000
364.675000, 0.499647, 0.000000
364.925000, 0.499629, 0.000000
365.175000, 0.499611, 0.000000
365.425000, 0.499592, 0.000000
365.675000, 0.499572, 0.000000
365.925000, 0.499550, 0.000000
366.175000, 0.499528, 0.000000
366.425000, 0.499504, 0.000000
366.675000, 0.499479, 0.000000
366.925000, 0.499453, 0.000000
367.175000, 0.499425, 0.000000
367.425000, 0.499395, 0.000000
367.675000, 0.499364, 0.000000
367.925000, 0.499332, 0.000000
368.175000, 0.499297, 0.000000
368.425000, 0.499260, 0.000000
368.675000, 0.499222, 0.000000
368.925000, 0.499181, 0.000000
369.175000, 0.499139, 0.000000
369.425000, 0.499094, 0.000000
369.675000, 0.499046, 0.000000
369.925000, 0.498996, 0.000000
370.175000, 0.498944, 0.000000
370.425000, 0.498888, 0.000000
370.675000, 0.498830, 0.000000
370.925000, 0.498769, 0.000000
371.175000, 0.498705, 0.000000
371.425000, 0.498637, 0.000000
371.675000, 0.498566, 0.000000
371.925000, 0.498492, 0.000000
372.175000, 0.498414, 0.000000
372.425000, 0.498332, 0.000000
372.675000, 0.498247, 0.000000
372.925000, 0.498157, 0.000000
373.175000, 0.498063, 0.000000
373.425000, 0.497965, 0.000000
373.675000, 0.497863, 0.000000
373.925000, 0.497755, 0.000000
374.175000, 0.497643, 0.000000
374.425000, 0.497526, 0.000000
374.675000, 0.497403, 0.000000
374.925000, 0.497276, 0.000000
375.175000, 0.497142, 0.000000
375.425000, 0.497003, 0.000000
375.675000, 0.496859, 0.000000
375.925000, 0.496708, 0.000000
376.175000, 0.496550, 0.000000
376.425000, 0.496386, 0.000000
376.675000, 0.496216, 0.000000
376.925000, 0.496038, 0.000000
377.175000, 0.495853, 0.000000
377.425000, 0.495661, 0.000000
377.675000, 0.495461, 0.000000
377.925000, 0.495253, 0.000000
378.175000, 0.495037, 0.000000
378.425000, 0.494813, 0.000000
378.675000, 0.494580, 0.000000
378.925000, 0.494337, 0.000000
379.175000, 0.494086, 0.000000
379.425000, 0.493824, 0.000000
379.675000, 0.493553, 0.000000
379.925000, 0.493271, 0.000000
380.175000, 0.492979, 0.000000
380.425000, 0.492676, 0.000000
380.675000, 0.492362, 0.000000
380.925000, 0.492036, 0.000000
381.175000, 0.491697, 0.000000
381.425000, 0.491347, 0.000000
381.675000, 0.490983, 0.000000
381.925000, 0.490606, 0.000000
382.175000, 0.490215, 0.000000
382.425000, 0.489811, 0.000000
382.675000, 0.489391, 0.000000
382.925000, 0.488957, 0.000000
383.175000, 0.488506, 0.000000
383.425000, 0.488040, 0.000000
383.675000, 0.487557, 0.000000
383.925000, 0.487057, 0.000000
384.175000, 0.486540, 0.000000
384.425000, 0.486004, 0.000000
384.675000, 0.485449, 0.000000
384.925000, 0.484875, 0.000000
385.175000, 0.484281, 0.000000
385.425000, 0.483667, 0.000000
385.675000, 0.483031, 0.000000
385.925000, 0.482374, 0.000000
386.175000, 0.481694, 0.000000
386.425000, 0.480991, 0.000000
386.675000, 0.480264, 0.000000
386.925000, 0.479513, 0.000000
387.175000, 0.478737, 0.000000
387.425000, 0.477935, 0.000000
387.675000, 0.477106, 0.000000
387.925000, 0.476250, 0.000000
388.175000, 0.475367, 0.000000
388.425000, 0.474454, 0.000000
388.675000, 0.473513, 0.000000
388.925000, 0.472541, 0.000000
389.175000, 0.471539, 0.000000
389.425000, 0.470505, 0.000000
389.675000, 0.469440, 0.000000
389.925000, 0.468341, 0.000000
390.175000, 0.467209, 0.000000
390.425000, 0.466042, 0.000000
390.675000, 0.464841, 0.000000
390.925000, 0.463604, 0.000000
391.175000, 0.462331, 0.000000
391.425000, 0.461021, 0.000000
391.675000, 0.459674, 0.000000
391.925000, 0.458289, 0.000000
392.175000, 0.456865, 0.000000
392.425000, 0.455402, 0.000000
392.675000, 0.453900, 0.000000
392.925000, 0.452358, 0.000000
393.175000, 0.450776, 0.000000
393.425000, 0.449153, 0.000000
393.675000, 0.447489, 0.000000
393.925000, 0.445784, 0.000000
394.175000, 0.444038, 0.000000
394.425000, 0.442250, 0.000000
394.675000, 0.440421, 0.000000
394.925000, 0.438550, 0.000000
395.175000, 0.436638, 0.000000
395.425000, 0.434685, 0.000000
395.675000, 0.432691, 0.000000
395.925000, 0.430656, 0.000000
396.175000, 0.428581, 0.000000
396.425000, 0.426467, 0.000000
396.675000, 0.424313, 0.000000
396.925000, 0.422122, 0.000000
397.175000, 0.419893, 0.000000
397.425000, 0.417628, 0.000000
397.675000, 0.415327, 0.000000
397.925000, 0.412992, 0.000000
398.175000, 0.410625, 0.000000
398.425000, 0.408226, 0.000000
398.675000, 0.405798, 0.000000
398.925000, 0.403341, 0.000000
399.175000, 0.400859, 0.000000
399.425000, 0.398353, 0.000000
399.675000, 0.395825, 0.000000
399.925000, 0.393277, 0.000000
400.175000, 0.390712, 0.000000
400.425000, 0.388133, 0.000000
400.675000, 0.385542, 0.000000
400.925000, 0.382942, 0.000000
401.175000, 0.380337, 0.000000
401.425000, 0.377729, 0.000000
401.675000, 0.375122, 0.000000
401.925000, 0.372519, 0.000000
402.175000, 0.369925, 0.000000
402.425000, 0.367343, 0.000000
402.675000, 0.364776, 0.000000
402.925000, 0.362230, 0.000000
403.175000, 0.359708, 0.000000
403.425000, 0.357215, 0.000000
403.675000, 0.354754, 0.000000
403.925000, 0.352332, 0.000000
404.175000, 0.349953, 0.000000
404.425000, 0.347620, 0.000000
404.675000, 0.345340, 0.000000
404.925000, 0.343118, 0.000000
405.175000, 0.340958, 0.000000
405.425000, 0.338866, 0.000000
405.675000, 0.336847, 0.000000
405.925000, 0.334907, 0.000000
406.175000, 0.333050, 0.000000
406.425000, 0.331282, 0.000000
406.675000, 0.329609, 0.000000
406.925000, 0.328036, 0.000000
407.175000, 0.326568, 0.000000
407.425000, 0.325211, 0.000000
407.675000, 0.323970, 0.000000
407.925000, 0.322850, 0.000000
408.175000, 0.321857, 0.000000
408.425000, 0.320996, 0.000000
408.675000, 0.320271, 0.000000
408.925000, 0.319687, 0.000000
409.175000, 0.319250, 0.000000
409.425000, 0.318964, 0.000000
409.675000, 0.318833, 0.000000
409.925000, 0.318862, 0.000000
410.175000, 0.319055, 0.000000
410.425000, 0.319415, 0.000000
410.675000, 0.319946, 0.000000
410.925000, 0.320652, 0.000000
411.175000, 0.321536, 0.000000
411.425000, 0.322600, 0.000000
411.675000, 0.323847, 0.000000
411.925000, 0.325279, 0.000000
412.175000, 0.326898, 0.000000
412.425000, 0.328706, 0.000000
412.675000, 0.330704, 0.000000
412.925000, 0.332893, 0.000000
413.175000, 0.335273, 0.000000
413.425000, 0.337845, 0.000000
413.675000, 0.340608, 0.000000
413.925000, 0.343562, 0.000000
414.175000, 0.346706, 0.000000
414.425000, 0.350037, 0.000000
414.675000, 0.353555, 0.000000
414.925000, 0.357258, 0.000000
415.175000, 0.361142, 0.000000
415.425000, 0.365204, 0.000000
415.675000, 0.369442, 0.000000
415.925000, 0.373851, 0.000000
416.175000, 0.378427, 0.000000
416.425000, 0.383166, 0.000000
416.675000, 0.388062, 0.000000
416.925000, 0.393110, 0.000000
417.175000, 0.398305, 0.000000
417.425000, 0.403640, 0.000000
417.675000, 0.409109, 0.000000
417.925000, 0.414704, 0.000000
418.175000, 0.420420, 0.000000
418.425000, 0.426249, 0.000000
418.675000, 0.432182, 0.000000
418.925000, 0.438213, 0.000000
419.175000, 0.444332, 0.000000
419.425000, 0.450532, 0.000000
419.675000, 0.456804, 0.000000
419.925000, 0.463139, 0.000000
420.175000, 0.469528, 0.000000
420.425000, 0.475961, 0.000000
420.675000, 0.482431, 0.000000
420.925000, 0.488927, 0.000000
421.175000, 0.495440, 0.000000
421.425000, 0.501961, 0.000000
421.675000, 0.508480, 0.000000
421.925000, 0.514988, 0.000000
422.175000, 0.521475, 0.000000
422.425000, 0.527933, 0.000000
422.675000, 0.534351, 0.000000
422.925000, 0.540720, 0.000000
423.175000, 0.547032, 0.000000
423.425000, 0.553278, 0.000000
423.675000, 0.559448, 0.000000
423.925000, 0.565534, 0.000000
424.175000, 0.571529, 0.000000
424.425000, 0.577423, 0.000000
424.675000, 0.583210, 0.000000
424.925000, 0.588880, 0.000000
425.175000, 0.594428, 0.000000
425.425000, 0.599846, 0.000000
425.675000, 0.605127, 0.000000
425.925000, 0.610266, 0.000000
426.175000, 0.615255, 0.000000
426.425000, 0.620090, 0.000000
426.675000, 0.624765, 0.000000
426.925000, 0.629276, 0.000000
427.175000, 0.633617, 0.000000
427.425000, 0.637785, 0.000000
427.675000, 0.641776, 0.000000
427.925000, 0.645587, 0.000000
428.175000, 0.649214, 0.000000
428.425000, 0.652656, 0.000000
428.675000, 0.655910, 0.000000
428.925000, 0.658975, 0.000000
429.175000, 0.661849, 0.000000
429.425000, 0.664531, 0.000000
429.675000, 0.667022, 0.000000
429.925000, 0.669320, 0.000000
430.175000, 0.671426, 0.000000
430.425000, 0.673341, 0.000000
430.675000, 0.675066, 0.000000
430.925000, 0.676601, 0.000000
431.175000, 0.677950, 0.000000
431.425000, 0.679114, 0.000000
431.675000, 0.680094, 0.000000
431.925000, 0.680895, 0.000000
432.175000, 0.681518, 0.000000
432.425000, 0.681967, 0.000000
432.675000, 0.682246, 0.000000
432.925000, 0.682358, 0.000000
433.175000, 0.682307, 0.000000
433.425000, 0.682097, 0.000000
433.675000, 0.681733, 0.000000
433.925000, 0.681219, 0.000000
434.175000, 0.680560, 0.000000
434.425000, 0.679761, 0.000000
434.675000, 0.678826, 0.000000
434.925000, 0.677761, 0.000000
435.175000, 0.676571, 0.000000
435.425000, 0.675261, 0.000000
435.675000, 0.673836, 0.000000
435.925000, 0.672303, 0.000000
436.175000, 0.670666, 0.000000
436.425000, 0.668930, 0.000000
436.675000, 0.667102, 0.000000
436.925000, 0.665186, 0.000000
437.175000, 0.663188, 0.000000
437.425000, 0.661114, 0.000000
437.675000, 0.658968, 0.000000
437.925000, 0.656757, 0.000000
438.175000, 0.654484, 0.000000
438.425000, 0.652157, 0.000000
438.675000, 0.649778, 0.000000
438.925000, 0.647354, 0.000000
439.175000, 0.644889, 0.000000
439.425000, 0.642388, 0.000000
439.675000, 0.639856, 0.000000
439.925000, 0.637297, 0.000000
440.175000, 0.634715, 0.000000
440.425000, 0.632115, 0.000000
440.675000, 0.629501, 0.000000
440.925000, 0.626877, 0.000000
441.175000, 0.624246, 0.000000
441.425000, 0.621612, 0.000000
441.675000, 0.618979, 0.000000
441.925000, 0.616351, 0.000000
442.175000, 0.613729, 0.000000
442.425000, 0.611118, 0.000000
442.675000, 0.608520, 0.000000
442.925000, 0.605937, 0.000000
443.175000, 0.603374, 0.000000
443.425000, 0.600831, 0.000000
443.675000, 0.598312, 0.000000
443.925000, 0.595817, 0.000000
444.175000, 0.593350, 0.000000
444.425000, 0.590913, 0.000000
444.675000, 0.588506, 0.000000
444.925000, 0.586131, 0.000000
445.175000, 0.583791, 0.000000
445.425000, 0.581485, 0.000000
445.675000, 0.579216, 0.000000
445.925000, 0.576984, 0.000000
446.175000, 0.574791, 0.000000
446.425000, 0.572636, 0.000000
446.675000, 0.570521, 0.000000
446.925000, 0.568447, 0.000000
447.175000, 0.566414, 0.000000
447.425000, 0.564422, 0.000000
447.675000, 0.562471, 0.000000
447.925000, 0.560563, 0.000000
448.175000, 0.558696, 0.000000
448.425000, 0.556872, 0.000000
448.675000, 0.555089, 0.000000
448.925000, 0.553349, 0.000000
449.175000, 0.551650, 0.000000
449.425000, 0.549993, 0.000000
449.675000, 0.548377, 0.000000
449.925000, 0.546802, 0.000000
450.175000, 0.545268, 0.000000
450.425000, 0.543774, 0.000000
450.675000, 0.542320, 0.000000
450.925000, 0.540905, 0.000000
451.175000, 0.539529, 0.000000
451.425000, 0.538191, 0.000000
451.675000, 0.536890, 0.000000
451.925000, 0.535627, 0.000000
452.175000, 0.534400, 0.000000
452.425000, 0.533208, 0.000000
452.675000, 0.532052, 0.000000
452.925000, 0.530930, 0.000000
453.175000, 0.529841, 0.000000
453.425000, 0.528786, 0.000000
453.675000, 0.527763, 0.000000
453.925000, 0.526771, 0.000000
454.175000, 0.525810, 0.000000
454.425000, 0.524879, 0.000000
454.675000, 0.523977, 0.000000
454.925000, 0.523104, 0.000000
455.175000, 0.522259, 0.000000
455.425000, 0.521441, 0.000000
455.675000, 0.520649, 0.000000
455.925000, 0.519883, 0.000000
456.175000, 0.519142, 0.000000
456.425000, 0.518426, 0.000000
456.675000, 0.517733, 0.000000
456.925000, 0.517063, 0.000000
457.175000, 0.516415, 0.000000
457.425000, 0.515790, 0.000000
457.675000, 0.515185, 0.000000
457.925000, 0.514601, 0.000000
458.175000, 0.514036, 0.000000
458.425000, 0.513491, 0.000000
458.675000, 0.512965, 0.000000
458.925000, 0.512456, 0.000000
459.175000, 0.511965, 0.000000
459.425000, 0.511491, 0.000000
459.675000, 0.511034, 0.000000
459.925000, 0.510593, 0.000000
460.175000, 0.510167, 0.000000
460.425000, 0.509756, 0.000000
460.675000, 0.509359, 0.000000
460.925000, 0.508977, 0.000000
461.175000, 0.508608, 0.000000
461.425000, 0.508252, 0.000000
461.675000, 0.507909, 0.000000
461.925000, 0.507579, 0.000000
462.175000, 0.507260, 0.000000
462.425000, 0.506953, 0.000000
462.675000, 0.506657, 0.000000
462.925000, 0.506372, 0.000000
463.175000, 0.506097, 0.000000
463.425000, 0.505833, 0.000000
463.675000, 0.505578, 0.000000
463.925000, 0.505333, 0.000000
464.175000, 0.505097, 0.000000
464.425000, 0.504870, 0.000000
464.675000, 0.504651, 0.000000
464.925000, 0.504441, 0.000000
465.175000, 0.504239, 0.000000
465.425000, 0.504045, 0.000000
465.675000, 0.503858, 0.000000
465.925000, 0.503679, 0.000000
466.175000, 0.503506, 0.000000
466.425000, 0.503341, 0.000000
466.675000, 0.503182, 0.000000
466.925000, 0.503029, 0.000000
467.175000, 0.502883, 0.000000
467.425000, 0.502743, 0.000000
467.675000, 0.502608, 0.000000
467.925000, 0.502479, 0.000000
468.175000, 0.502356, 0.000000
468.425000, 0.502237, 0.000000
468.675000, 0.502124, 0.000000
468.925000, 0.502016, 0.000000
469.175000, 0.501912, 0.000000
469.425000, 0.501813, 0.000000
469.675000, 0.501718, 0.000000
469.925000, 0.501628, 0.000000
470.175000, 0.501542, 0.000000
470.425000, 0.501459, 0.000000
470.675000, 0.501380, 0.000000
470.925000, 0.501305, 0.000000
471.175000, 0.501234, 0.000000
471.425000, 0.501166, 0.000000
471.675000, 0.501101, 0.000000
471.925000, 0.501039, 0.000000
472.175000, 0.500980, 0.000000
472.425000, 0.500925, 0.000000
472.675000, 0.500871, 0.000000
472.925000, 0.500821, 0.000000
473.175000, 0.500773, 0.000000
473.425000, 0.500728, 0.000000
473.675000, 0.500684, 0.000000
473.925000, 0.500643, 0.000000
474.175000, 0.500604, 0.000000
474.425000, 0.500568, 0.000000
474.675000, 0.500533, 0.000000
474.925000, 0.500499, 0.000000
475.175000, 0.500468, 0.000000
475.425000, 0.500438, 0.000000
475.675000, 0.500410, 0.000000
475.925000, 0.500383, 0.000000
476.175000, 0.500358, 0.000000
476.425000, 0.500334, 0.000000
476.675000, 0.500311, 0.000000
476.925000, 0.500290, 0.000000
477.175000, 0.500270, 0.000000
477.425000, 0.500250, 0.000000
477.675000, 0.500232, 0.000000
477.925000, 0.500214, 0.000000
478.175000, 0.500198, 0.000000
478.425000, 0.500182, 0.000000
478.675000, 0.500167, 0.000000
478.925000, 0.500153, 0.000000
479.175000, 0.500140, 0.000000
479.425000, 0.500127, 0.000000
479.675000, 0.500115, 0.000000
479.925000, 0.500103, 0.000000
480.175000, 0.500092, 0.000000
480.425000, 0.500081, 0.000000
480.675000, 0.500071, 0.000000
480.925000, 0.500062, 0.000000
481.175000, 0.500053, 0.000000
481.425000, 0.500044, 0.000000
481.675000, 0.500035, 0.000000
481.925000, 0.500028, 0.000000
482.175000, 0.500020, 0.000000
482.425000, 0.500013, 0.000000
482.675000, 0.500006, 0.000000
482.925000, 0.499999, 0.000000
483.175000, 0.499993, 0.000000
483.425000, 0.499987, 0.000000
483.675000, 0.499982, 0.000000
483.925000, 0.499976, 0.000000
484.175000, 0.499971, 0.000000
484.425000, 0.499967, 0.000000
484.675000, 0.499962, 0.000000
484.925000, 0.499958, 0.000000
485.175000, 0.499954, 0.000000
485.425000, 0.499951, 0.000000
485.675000, 0.499948, 0.000000
485.925000, 0.499944, 0.000000
486.175000, 0.499942, 0.000000
486.425000, 0.499939, 0.000000
486.675000, 0.499937, 0.000000
486.925000, 0.499935, 0.000000
487.175000, 0.499933, 0.000000
487.425000, 0.499931, 0.000000
487.675000, 0.499930, 0.000000
487.925000, 0.499929, 0.000000
488.175000, 0.499928, 0.000000
488.425000, 0.499927, 0.000000
488.675000, 0.499926, 0.000000
488.925000, 0.499926, 0.000000
489.175000, 0.499926, 0.000000
489.425000, 0.499926, 0.000000
489.675000, 0.499926, 0.000000
489.925000, 0.499926, 0.000000
490.175000, 0.499926, 0.000000
490.425000, 0.499926, 0.000000
490.675000, 0.499927, 0.000000
490.925000, 0.499927, 0.000000
491.175000, 0.499928, 0.000000
491.425000, 0.499928, 0.000000
491.675000, 0.499929, 0.000000
491.925000, 0.499929, 0.000000
492.175000, 0.499930, 0.000000
492.425000, 0.499930, 0.000000
492.675000, 0.499931, 0.000000
492.925000, 0.499931, 0.000000
493.175000, 0.499931, 0.000000
493.425000, 0.499931, 0.000000
493.675000, 0.499931, 0.000000
493.925000, 0.499931, 0.000000
494.175000, 0.499931, 0.000000
494.425000, 0.499931, 0.000000
494.675000, 0.499930, 0.000000
494.925000, 0.499929, 0.000000
495.175000, 0.499928, 0.000000
495.425000, 0.499927, 0.000000
495.675000, 0.499926, 0.000000
495.925000, 0.499924, 0.000000
496.175000, 0.499922, 0.000000
496.425000, 0.499920, 0.000000
496.675000, 0.499918, 0.000000
496.925000, 0.499916, 0.000000
497.175000, 0.499913, 0.000000
497.425000, 0.499910, 0.000000
497.675000, 0.499907, 0.000000
497.925000, 0.499903, 0.000000
498.175000, 0.499899, 0.000000
498.425000, 0.499895, 0.000000
498.675000, 0.499891, 0.000000
498.925000, 0.499886, 0.000000
499.175000, 0.499881, 0.000000
499.425000, 0.499876, 0.000000
499.675000, 0.499870, 0.000000
499.925000, 0.499864, 0.000000
500.175000, 0.499858, 0.000000
500.425000, 0.499852, 0.000000
500.675000, 0.499845, 0.000000
500.925000, 0.499838, 0.000000
501.175000, 0.499830, 0.000000
501.425000, 0.499822, 0.000000
501.675000, 0.499814, 0.000000
501.925000, 0.499805, 0.000000
502.175000, 0.499796, 0.000000
502.425000, 0.499786, 0.000000
502.675000, 0.499776, 0.000000
502.925000, 0.499766, 0.000000
503.175000, 0.499755, 0.000000
503.425000, 0.499743, 0.000000
503.675000, 0.499731, 0.000000
503.925000, 0.499718, 0.000000
504.175000, 0.499704, 0.000000
504.425000, 0.499690, 0.000000
504.675000, 0.499675, 0.000000
504.925000, 0.499660, 0.000000
505.175000, 0.499643, 0.000000
505.425000, 0.499626, 0.000000
505.675000, 0.499607, 0.000000
505.925000, 0.499588, 0.000000
506.175000, 0.499568, 0.000000
506.425000, 0.499546, 0.000000
506.675000, 0.499523, 0.000000
506.925000, 0.499499, 0.000000
507.175000, 0.499474, 0.000000
507.425000, 0.499447, 0.000000
507.675000, 0.499419, 0.000000
507.925000, 0.499389, 0.000000
508.175000, 0.499358, 0.000000
508.425000, 0.499325, 0.000000
508.675000, 0.499290, 0.000000
508.925000, 0.499253, 0.000000
509.175000, 0.499214, 0.000000
509.425000, 0.499173, 0.000000
509.675000, 0.499130, 0.000000
509.925000, 0.499084, 0.000000
510.175000, 0.499036, 0.000000
510.425000, 0.498986, 0.000000
510.675000, 0.498933, 0.000000
510.925000, 0.498877, 0.000000
511.175000, 0.498818, 0.000000
511.425000, 0.498756, 0.000000
511.675000, 0.498691, 0.000000
511.925000, 0.498623, 0.000000
512.175000, 0.498552, 0.000000
512.425000, 0.498477, 0.000000
512.675000, 0.498398, 0.000000
512.925000, 0.498315, 0.000000
513.175000, 0.498229, 0.000000
513.425000, 0.498139, 0.000000
513.675000, 0.498044, 0.000000
513.925000, 0.497945, 0.000000
514.175000, 0.497841, 0.000000
514.425000, 0.497733, 0.000000
514.675000, 0.497620, 0.000000
514.925000, 0.497501, 0.000000
515.175000, 0.497378, 0.000000
515.425000, 0.497249, 0.000000
515.675000, 0.497115, 0.000000
515.925000, 0.496975, 0.000000
516.175000, 0.496829, 0.000000
516.425000, 0.496676, 0.000000
516.675000, 0.496518, 0.000000
516.925000, 0.496352, 0.000000
517.175000, 0.496180, 0.000000
517.425000, 0.496001, 0.000000
517.675000, 0.495815, 0.000000
517.925000, 0.495621, 0.000000
518.175000, 0.495420, 0.000000
518.425000, 0.495210, 0.000000
518.675000, 0.494993, 0.000000
518.925000, 0.494766, 0.000000
519.175000, 0.494531, 0.000000
519.425000, 0.494287, 0.000000
519.675000, 0.494033, 0.000000
519.925000, 0.493770, 0.000000
520.175000, 0.493497, 0.000000
520.425000, 0.493213, 0.000000
520.675000, 0.492919, 0.000000
520.925000, 0.492613, 0.000000
521.175000, 0.492297, 0.000000
521.425000, 0.491968, 0.000000
521.675000, 0.491627, 0.000000
521.925000, 0.491274, 0.000000
522.175000, 0.490908, 0.000000
522.425000, 0.490528, 0.000000
522.675000, 0.490135, 0.000000
522.925000, 0.489727, 0.000000
523.175000, 0.489305, 0.000000
523.425000, 0.488867, 0.000000
523.675000, 0.488414, 0.000000
523.925000, 0.487944, 0.000000
524.175000, 0.487458, 0.000000
524.425000, 0.486954, 0.000000
524.675000, 0.486433, 0.000000
524.925000, 0.485893, 0.000000
525.175000, 0.485335, 0.000000
525.425000, 0.484757, 0.000000
525.675000, 0.484159, 0.000000
525.925000, 0.483540, 0.000000
526.175000, 0.482900, 0.000000
526.425000, 0.482238, 0.000000
526.675000, 0.481553, 0.000000
526.925000, 0.480846, 0.000000
527.175000, 0.480114, 0.000000
527.425000, 0.479358, 0.000000
527.675000, 0.478576, 0.000000
527.925000, 0.477769, 0.000000
528.175000, 0.476935, 0.000000
528.425000, 0.476074, 0.000000
528.675000, 0.475185, 0.000000
528.925000, 0.474266, 0.000000
529.175000, 0.473319, 0.000000
529.425000, 0.472341, 0.000000
529.675000, 0.471333, 0.000000
529.925000, 0.470292, 0.000000
530.175000, 0.469220, 0.000000
530.425000, 0.468115, 0.000000
530.675000, 0.466975, 0.000000
530.925000, 0.465802, 0.000000
531.175000, 0.464594, 0.000000
531.425000, 0.463349, 0.000000
531.675000, 0.462069, 0.000000
531.925000, 0.460752, 0.000000
532.175000, 0.459397, 0.000000
532.425000, 0.458004, 0.000000
532.675000, 0.456572, 0.000000
532.925000, 0.455102, 0.000000
533.175000, 0.453591, 0.000000
533.425000, 0.452041, 0.000000
533.675000, 0.450451, 0.000000
533.925000, 0.448820, 0.000000
534.175000, 0.447147, 0.000000
534.425000, 0.445434, 0.000000
534.675000, 0.443680, 0.000000
534.925000, 0.441883, 0.000000
535.175000, 0.440046, 0.000000
535.425000, 0.438167, 0.000000
535.675000, 0.436246, 0.000000
535.925000, 0.434285, 0.000000
536.175000, 0.432283, 0.000000
536.425000, 0.430240, 0.000000
536.675000, 0.428157, 0.000000
536.925000, 0.426034, 0.000000
537.175000, 0.423873, 0.000000
537.425000, 0.421674, 0.000000
537.675000, 0.419438, 0.000000
537.925000, 0.417165, 0.000000
538.175000, 0.414857, 0.000000
538.425000, 0.412516, 0.000000
538.675000, 0.410142, 0.000000
538.925000, 0.407737, 0.000000
539.175000, 0.405303, 0.000000
539.425000, 0.402841, 0.000000
539.675000, 0.400354, 0.000000
539.925000, 0.397843, 0.000000
540.175000, 0.395311, 0.000000
540.425000, 0.392759, 0.000000
540.675000, 0.390191, 0.000000
540.925000, 0.387610, 0.000000
541.175000, 0.385017, 0.000000
541.425000, 0.382416, 0.000000
541.675000, 0.379809, 0.000000
541.925000, 0.377201, 0.000000
542.175000, 0.374595, 0.000000
542.425000, 0.371994, 0.000000
542.675000, 0.369402, 0.000000
542.925000, 0.366822, 0.000000
543.175000, 0.364260, 0.000000
543.425000, 0.361718, 0.000000
543.675000, 0.359201, 0.000000
543.925000, 0.356714, 0.000000
544.175000, 0.354261, 0.000000
544.425000, 0.351847, 0.000000
544.675000, 0.349477, 0.000000
544.925000, 0.347155, 0.000000
545.175000, 0.344886, 0.000000
545.425000, 0.342676, 0.000000
545.675000, 0.340530, 0.000000
545.925000, 0.338452, 0.000000
546.175000, 0.336448, 0.000000
546.425000, 0.334524, 0.000000
546.675000, 0.332685, 0.000000
546.925000, 0.330936, 0.000000
547.175000, 0.329283, 0.000000
547.425000, 0.327731, 0.000000
547.675000, 0.326285, 0.000000
547.925000, 0.324951, 0.000000
548.175000, 0.323734, 0.000000
548.425000, 0.322639, 0.000000
548.675000, 0.321672, 0.000000
548.925000, 0.320838, 0.000000
549.175000, 0.320141, 0.000000
549.425000, 0.319587, 0.000000
549.675000, 0.319180, 0.000000
549.925000, 0.318925, 0.000000
550.175000, 0.318826, 0.000000
550.425000, 0.318888, 0.000000
550.675000, 0.319114, 0.000000
550.925000, 0.319509, 0.000000
551.175000, 0.320075, 0.000000
551.425000, 0.320817, 0.000000
551.675000, 0.321736, 0.000000
551.925000, 0.322837, 0.000000
552.175000, 0.324121, 0.000000
552.425000, 0.325591, 0.000000
552.675000, 0.327249, 0.000000
552.925000, 0.329095, 0.000000
553.175000, 0.331132, 0.000000
553.425000, 0.333359, 0.000000
553.675000, 0.335778, 0.000000
553.925000, 0.338389, 0.000000
554.175000, 0.341190, 0.000000
554.425000, 0.344183, 0.000000
554.675000, 0.347364, 0.000000
554.925000, 0.350734, 0.000000
555.175000, 0.354289, 0.000000
555.425000, 0.358029, 0.000000
555.675000, 0.361949, 0.000000
555.925000, 0.366047, 0.000000
556.175000, 0.370320, 0.000000
556.425000, 0.374763, 0.000000
556.675000, 0.379372, 0.000000
556.925000, 0.384143, 0.000000
557.175000, 0.389071, 0.000000
557.425000, 0.394149, 0.000000
557.675000, 0.399373, 0.000000
557.925000, 0.404735, 0.000000
558.175000, 0.410230, 0.000000
558.425000, 0.415851, 0.000000
558.675000, 0.421590, 0.000000
558.925000, 0.427441, 0.000000
559.175000, 0.433395, 0.000000
559.425000, 0.439444, 0.000000
559.675000, 0.445580, 0.000000
559.925000, 0.451795, 0.000000
560.175000, 0.458080, 0.000000
560.425000, 0.464427, 0.000000
560.675000, 0.470826, 0.000000
560.925000, 0.477267, 0.000000
561.175000, 0.483743, 0.000000
561.425000, 0.490243, 0.000000
561.675000, 0.496759, 0.000000
561.925000, 0.503280, 0.000000
562.175000, 0.509798, 0.000000
562.425000, 0.516302, 0.000000
562.675000, 0.522784, 0.000000
562.925000, 0.529234, 0.000000
563.175000, 0.535643, 0.000000
563.425000, 0.542002, 0.000000
563.675000, 0.548301, 0.000000
563.925000, 0.554532, 0.000000
564.175000, 0.560686, 0.000000
564.425000, 0.566755, 0.000000
564.675000, 0.572729, 0.000000
564.925000, 0.578603, 0.000000
565.175000, 0.584366, 0.000000
565.425000, 0.590012, 0.000000
565.675000, 0.595535, 0.000000
565.925000, 0.600925, 0.000000
566.175000, 0.606178, 0.000000
566.425000, 0.611287, 0.000000
566.675000, 0.616246, 0.000000
566.925000, 0.621049, 0.000000
567.175000, 0.625691, 0.000000
567.425000, 0.630167, 0.000000
567.675000, 0.634474, 0.000000
567.925000, 0.638606, 0.000000
568.175000, 0.642561, 0.000000
568.425000, 0.646335, 0.000000
568.675000, 0.649925, 0.000000
568.925000, 0.653329, 0.000000
569.175000, 0.656545, 0.000000
569.425000, 0.659572, 0.000000
569.675000, 0.662407, 0.000000
569.925000, 0.665051, 0.000000
570.175000, 0.667502, 0.000000
570.425000, 0.669761, 0.000000
570.675000, 0.671829, 0.000000
570.925000, 0.673705, 0.000000
571.175000, 0.675391, 0.000000
571.425000, 0.676889, 0.000000
571.675000, 0.678200, 0.000000
571.925000, 0.679327, 0.000000
572.175000, 0.680271, 0.000000
572.425000, 0.681035, 0.000000
572.675000, 0.681623, 0.000000
572.925000, 0.682037, 0.000000
573.175000, 0.682282, 0.000000
573.425000, 0.682361, 0.000000
573.675000, 0.682277, 0.000000
573.925000, 0.682036, 0.000000
574.175000, 0.681641, 0.000000
574.425000, 0.681097, 0.000000
574.675000, 0.680409, 0.000000
574.925000, 0.679582, 0.000000
575.175000, 0.678621, 0.000000
575.425000, 0.677530, 0.000000
575.675000, 0.676315, 0.000000
575.925000, 0.674982, 0.000000
576.175000, 0.673535, 0.000000
576.425000, 0.671980, 0.000000
576.675000, 0.670322, 0.000000
576.925000, 0.668568, 0.000000
577.175000, 0.666721, 0.000000
577.425000, 0.664788, 0.000000
577.675000, 0.662775, 0.000000
577.925000, 0.660685, 0.000000
578.175000, 0.658526, 0.000000
578.425000, 0.656302, 0.000000
578.675000, 0.654018, 0.000000
578.925000, 0.651679, 0.000000
579.175000, 0.649291, 0.000000
579.425000, 0.646859, 0.000000
579.675000, 0.644386, 0.000000
579.925000, 0.641878, 0.000000
580.175000, 0.639340, 0.000000
580.425000, 0.636776, 0.000000
580.675000, 0.634191, 0.000000
580.925000, 0.631588, 0.000000
581.175000, 0.628971, 0.000000
581.425000, 0.626345, 0.000000
581.675000, 0.623713, 0.000000
581.925000, 0.621080, 0.000000
582.175000, 0.618447, 0.000000
582.425000, 0.615820, 0.000000
582.675000, 0.613200, 0.000000
582.925000, 0.610591, 0.000000
583.175000, 0.607996, 0.000000
583.425000, 0.605417, 0.000000
583.675000, 0.602858, 0.000000
583.925000, 0.600320, 0.000000
584.175000, 0.597805, 0.000000
584.425000, 0.595316, 0.000000
584.675000, 0.592855, 0.000000
584.925000, 0.590423, 0.000000
585.175000, 0.588023, 0.000000
585.425000, 0.585655, 0.000000
585.675000, 0.583322, 0.000000
585.925000, 0.581023, 0.000000
586.175000, 0.578762, 0.000000
586.425000, 0.576537, 0.000000
586.675000, 0.574352, 0.000000
586.925000, 0.572205, 0.000000
587.175000, 0.570099, 0.000000
587.425000, 0.568033, 0.000000
587.675000, 0.566008, 0.000000
587.925000, 0.564024, 0.000000
588.175000, 0.562082, 0.000000
588.425000, 0.560182, 0.000000
588.675000, 0.558324, 0.000000
588.925000, 0.556508, 0.000000
589.175000, 0.554734, 0.000000
589.425000, 0.553002, 0.000000
589.675000, 0.551311, 0.000000
589.925000, 0.549663, 0.000000
590.175000, 0.548055, 0.000000
590.425000, 0.546489, 0.000000
590.675000, 0.544963, 0.000000
590.925000, 0.543477, 0.000000
591.175000, 0.542030, 0.000000
591.425000, 0.540623, 0.000000
591.675000, 0.539255, 0.000000
591.925000, 0.537925, 0.000000
592.175000, 0.536632, 0.000000
592.425000, 0.535376, 0.000000
592.675000, 0.534156, 0.000000
592.925000, 0.532972, 0.000000
593.175000, 0.531822, 0.000000
593.425000, 0.530707, 0.000000
593.675000, 0.529625, 0.000000
593.925000, 0.528576, 0.000000
594.175000, 0.527560, 0.000000
594.425000, 0.526574, 0.000000
594.675000, 0.525619, 0.000000
594.925000, 0.524694, 0.000000
595.175000, 0.523798, 0.000000
595.425000, 0.522931, 0.000000
595.675000, 0.522091, 0.000000
595.925000, 0.521278, 0.000000
596.175000, 0.520492, 0.000000
596.425000, 0.519731, 0.000000
596.675000, 0.518995, 0.000000
596.925000, 0.518284, 0.000000
597.175000, 0.517595, 0.000000
597.425000, 0.516930, 0.000000
597.675000, 0.516287, 0.000000
597.925000, 0.515666, 0.000000
598.175000, 0.515065, 0.000000
598.425000, 0.514485, 0.000000
598.675000, 0.513924, 0.000000
598.925000, 0.513383, 0.000000
599.175000, 0.512860, 0.000000
599.425000, 0.512355, 0.000000
599.675000, 0.511868, 0.000000
599.925000, 0.511398, 0.000000
