-370.000000 0.500000
-369.260000 0.500000
-368.520000 0.500000
-367.780000 0.500000
-367.040000 0.500000
-366.300000 0.500000
-365.560000 0.500000
-364.820000 0.500000
-364.080000 0.500000
-363.340000 0.500000
-362.600000 0.500000
-361.860000 0.500000
-361.120000 0.500000
-360.380000 0.500000
-359.640000 0.500001
-358.900000 0.500001
-358.160000 0.500001
-357.420000 0.500001
-356.680000 0.500001
-355.940000 0.500001
-355.200000 0.500001
-354.460000 0.500001
-353.720000 0.500001
-352.980000 0.500002
-352.240000 0.500002
-351.500000 0.500002
-350.760000 0.500002
-350.020000 0.500002
-349.280000 0.500003
-348.540000 0.500003
-347.800000 0.500003
-347.060000 0.500003
-346.320000 0.500004
-345.580000 0.500004
-344.840000 0.500004
-344.100000 0.500004
-343.360000 0.500005
-342.620000 0.500005
-341.880000 0.500006
-341.140000 0.500006
-340.400000 0.500006
-339.660000 0.500007
-338.920000 0.500007
-338.180000 0.500008
-337.440000 0.500008
-336.700000 0.500009
-335.960000 0.500009
-335.220000 0.500010
-334.480000 0.500010
-333.740000 0.500011
-333.000000 0.500012
-332.260000 0.500012
-331.520000 0.500013
-330.780000 0.500014
-330.040000 0.500015
-329.300000 0.500015
-328.560000 0.500016
-327.820000 0.500017
-327.080000 0.500018
-326.340000 0.500019
-325.600000 0.500020
-324.860000 0.500021
-324.120000 0.500022
-323.380000 0.500023
-322.640000 0.500024
-321.900000 0.500025
-321.160000 0.500027
-320.420000 0.500028
-319.680000 0.500029
-318.940000 0.500031
-318.200000 0.500032
-317.460000 0.500034
-316.720000 0.500035
-315.980000 0.500037
-315.240000 0.500039
-314.500000 0.500040
-313.760000 0.500042
-313.020000 0.500044
-312.280000 0.500046
-311.540000 0.500048
-310.800000 0.500050
-310.060000 0.500053
-309.320000 0.500055
-308.580000 0.500057
-307.840000 0.500060
-307.100000 0.500062
-306.360000 0.500065
-305.620000 0.500068
-304.880000 0.500071
-304.140000 0.500074
-303.400000 0.500077
-302.660000 0.500080
-301.920000 0.500083
-301.180000 0.500087
-300.440000 0.500090
-299.700000 0.500094
-298.960000 0.500098
-298.220000 0.500102
-297.480000 0.500106
-296.740000 0.500111
-296.000000 0.500115
-295.260000 0.500120
-294.520000 0.500125
-293.780000 0.500130
-293.040000 0.500135
-292.300000 0.500140
-291.560000 0.500146
-290.820000 0.500151
-290.080000 0.500157
-289.340000 0.500164
-288.600000 0.500170
-287.860000 0.500177
-287.120000 0.500183
-286.380000 0.500191
-285.640000 0.500198
-284.900000 0.500206
-284.160000 0.500213
-283.420000 0.500222
-282.680000 0.500230
-281.940000 0.500239
-281.200000 0.500248
-280.460000 0.500257
-279.720000 0.500267
-278.980000 0.500277
-278.240000 0.500287
-277.500000 0.500298
-276.760000 0.500309
-276.020000 0.500321
-275.280000 0.500333
-274.540000 0.500345
-273.800000 0.500358
-273.060000 0.500371
-272.320000 0.500385
-271.580000 0.500399
-270.840000 0.500413
-270.100000 0.500428
-269.360000 0.500444
-268.620000 0.500460
-267.880000 0.500477
-267.140000 0.500494
-266.400000 0.500512
-265.660000 0.500530
-264.920000 0.500549
-264.180000 0.500568
-263.440000 0.500589
-262.700000 0.500610
-261.960000 0.500631
-261.220000 0.500653
-260.480000 0.500676
-259.740000 0.500700
-259.000000 0.500725
-258.260000 0.500750
-257.520000 0.500776
-256.780000 0.500803
-256.040000 0.500831
-255.300000 0.500860
-254.560000 0.500890
-253.820000 0.500920
-253.080000 0.500952
-252.340000 0.500984
-251.600000 0.501018
-250.860000 0.501053
-250.120000 0.501088
-249.380000 0.501125
-248.640000 0.501163
-247.900000 0.501203
-247.160000 0.501243
-246.420000 0.501285
-245.680000 0.501328
-244.940000 0.501372
-244.200000 0.501418
-243.460000 0.501465
-242.720000 0.501513
-241.980000 0.501563
-241.240000 0.501615
-240.500000 0.501668
-239.760000 0.501722
-239.020000 0.501779
-238.280000 0.501837
-237.540000 0.501896
-236.800000 0.501958
-236.060000 0.502021
-235.320000 0.502086
-234.580000 0.502153
-233.840000 0.502222
-233.100000 0.502293
-232.360000 0.502367
-231.620000 0.502442
-230.880000 0.502519
-230.140000 0.502599
-229.400000 0.502681
-228.660000 0.502765
-227.920000 0.502852
-227.180000 0.502941
-226.440000 0.503033
-225.700000 0.503127
-224.960000 0.503224
-224.220000 0.503324
-223.480000 0.503427
-222.740000 0.503532
-222.000000 0.503640
-221.260000 0.503752
-220.520000 0.503866
-219.780000 0.503984
-219.040000 0.504105
-218.300000 0.504229
-217.560000 0.504356
-216.820000 0.504487
-216.080000 0.504622
-215.340000 0.504760
-214.600000 0.504902
-213.860000 0.505047
-213.120000 0.505197
-212.380000 0.505350
-211.640000 0.505508
-210.900000 0.505670
-210.160000 0.505836
-209.420000 0.506006
-208.680000 0.506181
-207.940000 0.506360
-207.200000 0.506544
-206.460000 0.506733
-205.720000 0.506926
-204.980000 0.507125
-204.240000 0.507328
-203.500000 0.507537
-202.760000 0.507751
-202.020000 0.507970
-201.280000 0.508195
-200.540000 0.508426
-199.800000 0.508662
-199.060000 0.508904
-198.320000 0.509152
-197.580000 0.509406
-196.840000 0.509667
-196.100000 0.509934
-195.360000 0.510207
-194.620000 0.510487
-193.880000 0.510773
-193.140000 0.511066
-192.400000 0.511367
-191.660000 0.511674
-190.920000 0.511989
-190.180000 0.512311
-189.440000 0.512641
-188.700000 0.512979
-187.960000 0.513324
-187.220000 0.513677
-186.480000 0.514039
-185.740000 0.514408
-185.000000 0.514786
-184.260000 0.515173
-183.520000 0.515568
-182.780000 0.515973
-182.040000 0.516386
-181.300000 0.516809
-180.560000 0.517240
-179.820000 0.517682
-179.080000 0.518133
-178.340000 0.518594
-177.600000 0.519065
-176.860000 0.519546
-176.120000 0.520037
-175.380000 0.520539
-174.640000 0.521051
-173.900000 0.521575
-173.160000 0.522109
-172.420000 0.522654
-171.680000 0.523211
-170.940000 0.523780
-170.200000 0.524360
-169.460000 0.524951
-168.720000 0.525555
-167.980000 0.526171
-167.240000 0.526799
-166.500000 0.527440
-165.760000 0.528094
-165.020000 0.528760
-164.280000 0.529439
-163.540000 0.530132
-162.800000 0.530838
-162.060000 0.531557
-161.320000 0.532291
-160.580000 0.533038
-159.840000 0.533799
-159.100000 0.534574
-158.360000 0.535363
-157.620000 0.536167
-156.880000 0.536986
-156.140000 0.537819
-155.400000 0.538668
-154.660000 0.539531
-153.920000 0.540410
-153.180000 0.541304
-152.440000 0.542214
-151.700000 0.543140
-150.960000 0.544081
-150.220000 0.545038
-149.480000 0.546011
-148.740000 0.547000
-148.000000 0.548006
-147.260000 0.549028
-146.520000 0.550067
-145.780000 0.551122
-145.040000 0.552194
-144.300000 0.553283
-143.560000 0.554388
-142.820000 0.555511
-142.080000 0.556651
-141.340000 0.557807
-140.600000 0.558981
-139.860000 0.560173
-139.120000 0.561381
-138.380000 0.562607
-137.640000 0.563850
-136.900000 0.565110
-136.160000 0.566388
-135.420000 0.567683
-134.680000 0.568996
-133.940000 0.570325
-133.200000 0.571672
-132.460000 0.573037
-131.720000 0.574418
-130.980000 0.575817
-130.240000 0.577233
-129.500000 0.578666
-128.760000 0.580116
-128.020000 0.581582
-127.280000 0.583066
-126.540000 0.584566
-125.800000 0.586082
-125.060000 0.587615
-124.320000 0.589164
-123.580000 0.590728
-122.840000 0.592309
-122.100000 0.593905
-121.360000 0.595516
-120.620000 0.597143
-119.880000 0.598784
-119.140000 0.600440
-118.400000 0.602111
-117.660000 0.603795
-116.920000 0.605494
-116.180000 0.607205
-115.440000 0.608930
-114.700000 0.610668
-113.960000 0.612418
-113.220000 0.614180
-112.480000 0.615954
-111.740000 0.617739
-111.000000 0.619535
-110.260000 0.621341
-109.520000 0.623158
-108.780000 0.624984
-108.040000 0.626819
-107.300000 0.628663
-106.560000 0.630515
-105.820000 0.632375
-105.080000 0.634242
-104.340000 0.636116
-103.600000 0.637996
-102.860000 0.639882
-102.120000 0.641772
-101.380000 0.643667
-100.640000 0.645567
-99.900000 0.647469
-99.160000 0.649375
-98.420000 0.651282
-97.680000 0.653192
-96.940000 0.655102
-96.200000 0.657013
-95.460000 0.658924
-94.720000 0.660834
-93.980000 0.662742
-93.240000 0.664649
-92.500000 0.666553
-91.760000 0.668454
-91.020000 0.670351
-90.280000 0.672244
-89.540000 0.674132
-88.800000 0.676014
-88.060000 0.677890
-87.320000 0.679758
-86.580000 0.681620
-85.840000 0.683473
-85.100000 0.685318
-84.360000 0.687154
-83.620000 0.688980
-82.880000 0.690795
-82.140000 0.692600
-81.400000 0.694393
-80.660000 0.696174
-79.920000 0.697942
-79.180000 0.699698
-78.440000 0.701440
-77.700000 0.703167
-76.960000 0.704881
-76.220000 0.706579
-75.480000 0.708261
-74.740000 0.709928
-74.000000 0.711578
-73.260000 0.713212
-72.520000 0.714828
-71.780000 0.716427
-71.040000 0.718007
-70.300000 0.719570
-69.560000 0.721113
-68.820000 0.722638
-68.080000 0.724143
-67.340000 0.725628
-66.600000 0.727094
-65.860000 0.728539
-65.120000 0.729964
-64.380000 0.731369
-63.640000 0.732752
-62.900000 0.734114
-62.160000 0.735455
-61.420000 0.736774
-60.680000 0.738072
-59.940000 0.739348
-59.200000 0.740602
-58.460000 0.741834
-57.720000 0.743044
-56.980000 0.744231
-56.240000 0.745397
-55.500000 0.746540
-54.760000 0.747660
-54.020000 0.748758
-53.280000 0.749833
-52.540000 0.750886
-51.800000 0.751917
-51.060000 0.752924
-50.320000 0.753910
-49.580000 0.754873
-48.840000 0.755813
-48.100000 0.756731
-47.360000 0.757627
-46.620000 0.758501
-45.880000 0.759352
-45.140000 0.760181
-44.400000 0.760989
-43.660000 0.761774
-42.920000 0.762537
-42.180000 0.763279
-41.440000 0.763999
-40.700000 0.764698
-39.960000 0.765375
-39.220000 0.766031
-38.480000 0.766666
-37.740000 0.767280
-37.000000 0.767873
-36.260000 0.768446
-35.520000 0.768998
-34.780000 0.769529
-34.040000 0.770040
-33.300000 0.770531
-32.560000 0.771002
-31.820000 0.771453
-31.080000 0.771885
-30.340000 0.772297
-29.600000 0.772689
-28.860000 0.773063
-28.120000 0.773417
-27.380000 0.773753
-26.640000 0.774069
-25.900000 0.774367
-25.160000 0.774647
-24.420000 0.774908
-23.680000 0.775152
-22.940000 0.775377
-22.200000 0.775584
-21.460000 0.775774
-20.720000 0.775946
-19.980000 0.776101
-19.240000 0.776238
-18.500000 0.776358
-17.760000 0.776462
-17.020000 0.776548
-16.280000 0.776618
-15.540000 0.776671
-14.800000 0.776708
-14.060000 0.776729
-13.320000 0.776733
-12.580000 0.776722
-11.840000 0.776694
-11.100000 0.776651
-10.360000 0.776593
-9.620000 0.776519
-8.880000 0.776429
-8.140000 0.776325
-7.400000 0.776205
-6.660000 0.776071
-5.920000 0.775922
-5.180000 0.775758
-4.440000 0.775580
-3.700000 0.775387
-2.960000 0.775181
-2.220000 0.774960
-1.480000 0.774725
-0.740000 0.774477
0.000000 0.774215
0.740000 0.773940
1.480000 0.773651
2.220000 0.773350
2.960000 0.773035
3.700000 0.772708
4.440000 0.772368
5.180000 0.772015
5.920000 0.771651
6.660000 0.771274
7.400000 0.770886
8.140000 0.770485
8.880000 0.770074
9.620000 0.769651
10.360000 0.769217
11.100000 0.768772
11.840000 0.768317
12.580000 0.767851
13.320000 0.767375
14.060000 0.766889
14.800000 0.766393
15.540000 0.765888
16.280000 0.765374
17.020000 0.764851
17.760000 0.764319
18.500000 0.763778
19.240000 0.763230
19.980000 0.762673
20.720000 0.762109
21.460000 0.761538
22.200000 0.760960
22.940000 0.760375
23.680000 0.759783
24.420000 0.759186
25.160000 0.758582
25.900000 0.757973
26.640000 0.757359
27.380000 0.756740
28.120000 0.756117
28.860000 0.755489
29.600000 0.754858
30.340000 0.754222
31.080000 0.753584
31.820000 0.752942
32.560000 0.752298
33.300000 0.751652
34.040000 0.751004
34.780000 0.750353
35.520000 0.749702
36.260000 0.749050
37.000000 0.748396
37.740000 0.747743
38.480000 0.747089
39.220000 0.746435
39.960000 0.745782
40.700000 0.745129
41.440000 0.744477
42.180000 0.743827
42.920000 0.743177
43.660000 0.742530
44.400000 0.741884
45.140000 0.741241
45.880000 0.740600
46.620000 0.739961
47.360000 0.739325
48.100000 0.738692
48.840000 0.738062
49.580000 0.737435
50.320000 0.736812
51.060000 0.736191
51.800000 0.735575
52.540000 0.734961
53.280000 0.734352
54.020000 0.733746
54.760000 0.733144
55.500000 0.732545
56.240000 0.731951
56.980000 0.731360
57.720000 0.730772
58.460000 0.730189
59.200000 0.729608
59.940000 0.729032
60.680000 0.728459
61.420000 0.727889
62.160000 0.727322
62.900000 0.726758
63.640000 0.726197
64.380000 0.725639
65.120000 0.725083
65.860000 0.724529
66.600000 0.723978
67.340000 0.723428
68.080000 0.722879
68.820000 0.722332
69.560000 0.721786
70.300000 0.721241
71.040000 0.720696
71.780000 0.720151
72.520000 0.719605
73.260000 0.719059
74.000000 0.718512
74.740000 0.717964
75.480000 0.717413
76.220000 0.716861
76.960000 0.716306
77.700000 0.715747
78.440000 0.715186
79.180000 0.714620
79.920000 0.714050
80.660000 0.713475
81.400000 0.712895
82.140000 0.712309
82.880000 0.711717
83.620000 0.711118
84.360000 0.710512
85.100000 0.709898
85.840000 0.709276
86.580000 0.708645
87.320000 0.708005
88.060000 0.707355
88.800000 0.706694
89.540000 0.706023
90.280000 0.705340
91.020000 0.704646
91.760000 0.703939
92.500000 0.703219
93.240000 0.702485
93.980000 0.701737
94.720000 0.700975
95.460000 0.700198
96.200000 0.699405
96.940000 0.698595
97.680000 0.697769
98.420000 0.696926
99.160000 0.696065
99.900000 0.695186
100.640000 0.694288
101.380000 0.693370
102.120000 0.692433
102.860000 0.691476
103.600000 0.690498
104.340000 0.689498
105.080000 0.688477
105.820000 0.687434
106.560000 0.686368
107.300000 0.685279
108.040000 0.684166
108.780000 0.683030
109.520000 0.681869
110.260000 0.680684
111.000000 0.679473
111.740000 0.678238
112.480000 0.676976
113.220000 0.675688
113.960000 0.674374
114.700000 0.673033
115.440000 0.671666
116.180000 0.670271
116.920000 0.668848
117.660000 0.667398
118.400000 0.665920
119.140000 0.664414
119.880000 0.662879
120.620000 0.661316
121.360000 0.659725
122.100000 0.658105
122.840000 0.656457
123.580000 0.654779
124.320000 0.653073
125.060000 0.651338
125.800000 0.649575
126.540000 0.647783
127.280000 0.645962
128.020000 0.644113
128.760000 0.642235
129.500000 0.640329
130.240000 0.638396
130.980000 0.636434
131.720000 0.634445
132.460000 0.632428
133.200000 0.630385
133.940000 0.628315
134.680000 0.626219
135.420000 0.624096
136.160000 0.621949
136.900000 0.619776
137.640000 0.617578
138.380000 0.615357
139.120000 0.613112
139.860000 0.610843
140.600000 0.608553
141.340000 0.606240
142.080000 0.603906
142.820000 0.601552
143.560000 0.599178
144.300000 0.596784
145.040000 0.594373
145.780000 0.591943
146.520000 0.589497
147.260000 0.587034
148.000000 0.584557
148.740000 0.582065
149.480000 0.579559
150.220000 0.577041
150.960000 0.574511
151.700000 0.571971
152.440000 0.569420
153.180000 0.566861
153.920000 0.564294
154.660000 0.561721
155.400000 0.559142
156.140000 0.556557
156.880000 0.553970
157.620000 0.551380
158.360000 0.548788
159.100000 0.546196
159.840000 0.543605
160.580000 0.541015
161.320000 0.538429
162.060000 0.535847
162.800000 0.533270
163.540000 0.530699
164.280000 0.528136
165.020000 0.525582
165.760000 0.523038
166.500000 0.520505
167.240000 0.517984
167.980000 0.515476
168.720000 0.512983
169.460000 0.510506
170.200000 0.508045
170.940000 0.505603
171.680000 0.503179
172.420000 0.500776
173.160000 0.498394
173.900000 0.496035
174.640000 0.493700
175.380000 0.491389
176.120000 0.489104
176.860000 0.486846
177.600000 0.484615
178.340000 0.482414
179.080000 0.480243
179.820000 0.478103
180.560000 0.475995
181.300000 0.473920
182.040000 0.471879
182.780000 0.469874
183.520000 0.467904
184.260000 0.465971
185.000000 0.464075
185.740000 0.462218
186.480000 0.460401
187.220000 0.458624
187.960000 0.456888
188.700000 0.455194
189.440000 0.453542
190.180000 0.451934
190.920000 0.450370
191.660000 0.448851
192.400000 0.447377
193.140000 0.445949
193.880000 0.444568
194.620000 0.443234
195.360000 0.441948
196.100000 0.440710
196.840000 0.439521
197.580000 0.438381
198.320000 0.437291
199.060000 0.436251
199.800000 0.435262
200.540000 0.434323
201.280000 0.433436
202.020000 0.432600
202.760000 0.431816
203.500000 0.431084
204.240000 0.430404
204.980000 0.429777
205.720000 0.429202
206.460000 0.428680
207.200000 0.428211
207.940000 0.427794
208.680000 0.427431
209.420000 0.427120
210.160000 0.426863
210.900000 0.426658
211.640000 0.426506
212.380000 0.426406
213.120000 0.426359
213.860000 0.426365
214.600000 0.426422
215.340000 0.426532
216.080000 0.426693
216.820000 0.426905
217.560000 0.427169
218.300000 0.427483
219.040000 0.427848
219.780000 0.428263
220.520000 0.428727
221.260000 0.429240
222.000000 0.429802
222.740000 0.430412
223.480000 0.431070
224.220000 0.431775
224.960000 0.432527
225.700000 0.433324
226.440000 0.434167
227.180000 0.435054
227.920000 0.435985
228.660000 0.436960
229.400000 0.437977
230.140000 0.439036
230.880000 0.440135
231.620000 0.441276
232.360000 0.442455
233.100000 0.443673
233.840000 0.444929
234.580000 0.446222
235.320000 0.447551
236.060000 0.448915
236.800000 0.450313
237.540000 0.451744
238.280000 0.453208
239.020000 0.454703
239.760000 0.456228
240.500000 0.457783
241.240000 0.459365
241.980000 0.460975
242.720000 0.462611
243.460000 0.464272
244.200000 0.465957
244.940000 0.467665
245.680000 0.469395
246.420000 0.471146
247.160000 0.472916
247.900000 0.474704
248.640000 0.476510
249.380000 0.478331
250.120000 0.480168
250.860000 0.482018
251.600000 0.483881
252.340000 0.485756
253.080000 0.487640
253.820000 0.489534
254.560000 0.491435
255.300000 0.493343
256.040000 0.495256
256.780000 0.497174
257.520000 0.499094
258.260000 0.501016
259.000000 0.502939
259.740000 0.504861
260.480000 0.506781
261.220000 0.508698
261.960000 0.510610
262.700000 0.512518
263.440000 0.514418
264.180000 0.516311
264.920000 0.518194
265.660000 0.520068
266.400000 0.521930
267.140000 0.523779
267.880000 0.525615
268.620000 0.527435
269.360000 0.529240
270.100000 0.531028
270.840000 0.532797
271.580000 0.534547
272.320000 0.536276
273.060000 0.537984
273.800000 0.539670
274.540000 0.541331
275.280000 0.542968
276.020000 0.544580
276.760000 0.546164
277.500000 0.547721
278.240000 0.549249
278.980000 0.550748
279.720000 0.552216
280.460000 0.553653
281.200000 0.555057
281.940000 0.556428
282.680000 0.557765
283.420000 0.559067
284.160000 0.560334
284.900000 0.561564
285.640000 0.562756
286.380000 0.563911
287.120000 0.565027
287.860000 0.566103
288.600000 0.567139
289.340000 0.568135
290.080000 0.569089
290.820000 0.570001
291.560000 0.570871
292.300000 0.571698
293.040000 0.572481
293.780000 0.573220
294.520000 0.573914
295.260000 0.574564
296.000000 0.575168
296.740000 0.575727
297.480000 0.576239
298.220000 0.576705
298.960000 0.577124
299.700000 0.577496
300.440000 0.577821
301.180000 0.578099
301.920000 0.578329
302.660000 0.578511
303.400000 0.578645
304.140000 0.578732
304.880000 0.578770
305.620000 0.578760
306.360000 0.578703
307.100000 0.578597
307.840000 0.578443
308.580000 0.578242
309.320000 0.577993
310.060000 0.577696
310.800000 0.577352
311.540000 0.576960
312.280000 0.576522
313.020000 0.576036
313.760000 0.575505
314.500000 0.574927
315.240000 0.574304
315.980000 0.573635
316.720000 0.572921
317.460000 0.572163
318.200000 0.571361
318.940000 0.570515
319.680000 0.569626
320.420000 0.568694
321.160000 0.567721
321.900000 0.566706
322.640000 0.565650
323.380000 0.564554
324.120000 0.563419
324.860000 0.562245
325.600000 0.561033
326.340000 0.559784
327.080000 0.558498
327.820000 0.557177
328.560000 0.555820
329.300000 0.554430
330.040000 0.553006
330.780000 0.551550
331.520000 0.550062
332.260000 0.548544
333.000000 0.546996
333.740000 0.545419
334.480000 0.543815
335.220000 0.542183
335.960000 0.540526
336.700000 0.538845
337.440000 0.537139
338.180000 0.535411
338.920000 0.533661
339.660000 0.531891
340.400000 0.530101
341.140000 0.528292
341.880000 0.526467
342.620000 0.524625
343.360000 0.522768
344.100000 0.520897
344.840000 0.519014
345.580000 0.517119
346.320000 0.515213
347.060000 0.513298
347.800000 0.511375
348.540000 0.509445
349.280000 0.507510
350.020000 0.505570
350.760000 0.503626
351.500000 0.501680
352.240000 0.499733
352.980000 0.497786
353.720000 0.495841
354.460000 0.493898
355.200000 0.491959
355.940000 0.490025
356.680000 0.488097
357.420000 0.486176
358.160000 0.484264
358.900000 0.482361
359.640000 0.480470
360.380000 0.478590
361.120000 0.476723
361.860000 0.474870
362.600000 0.473033
363.340000 0.471213
364.080000 0.469410
364.820000 0.467625
365.560000 0.465861
366.300000 0.464117
367.040000 0.462396
367.780000 0.460697
368.520000 0.459023
369.260000 0.457373
369.510000 0.456822
369.760000 0.456273
370.010000 0.455728
370.260000 0.455186
370.510000 0.454646
370.760000 0.454111
371.010000 0.453578
371.260000 0.453048
371.510000 0.452522
371.760000 0.451999
372.010000 0.451480
372.260000 0.450963
372.510000 0.450451
372.760000 0.449941
373.010000 0.449436
373.260000 0.448933
373.510000 0.448435
373.760000 0.447940
374.010000 0.447448
374.260000 0.446960
374.510000 0.446476
374.760000 0.445996
375.010000 0.445519
375.260000 0.445046
375.510000 0.444578
375.760000 0.444112
376.010000 0.443651
376.260000 0.443194
376.510000 0.442741
376.760000 0.442292
377.010000 0.441846
377.260000 0.441405
377.510000 0.440968
377.760000 0.440535
378.010000 0.440106
378.260000 0.439682
378.510000 0.439261
378.760000 0.438845
379.010000 0.438433
379.260000 0.438026
379.510000 0.437622
379.760000 0.437223
380.010000 0.436829
380.260000 0.436439
380.510000 0.436053
380.760000 0.435672
381.010000 0.435295
381.260000 0.434923
381.510000 0.434555
381.760000 0.434192
382.010000 0.433834
382.260000 0.433480
382.510000 0.433131
382.760000 0.432786
383.010000 0.432446
383.260000 0.432111
383.510000 0.431781
383.760000 0.431455
384.010000 0.431134
384.260000 0.430818
384.510000 0.430507
384.760000 0.430201
385.010000 0.429899
385.260000 0.429602
385.510000 0.429311
385.760000 0.429024
386.010000 0.428742
386.260000 0.428465
386.510000 0.428194
386.760000 0.427927
387.010000 0.427665
387.260000 0.427408
387.510000 0.427157
387.760000 0.426910
388.010000 0.426669
388.260000 0.426432
388.510000 0.426201
388.760000 0.425975
389.010000 0.425754
389.260000 0.425539
389.510000 0.425328
389.760000 0.425123
390.010000 0.424923
390.260000 0.424728
390.510000 0.424538
390.760000 0.424354
391.010000 0.424175
391.260000 0.424001
391.510000 0.423833
391.760000 0.423670
392.010000 0.423512
392.260000 0.423360
392.510000 0.423213
392.760000 0.423071
393.010000 0.422935
393.260000 0.422804
393.510000 0.422678
393.760000 0.422558
394.010000 0.422443
394.260000 0.422334
394.510000 0.422230
394.760000 0.422132
395.010000 0.422039
395.260000 0.421951
395.510000 0.421869
395.760000 0.421792
396.010000 0.421721
396.260000 0.421655
396.510000 0.421595
396.760000 0.421540
397.010000 0.421491
397.260000 0.421447
397.510000 0.421409
397.760000 0.421376
398.010000 0.421349
398.260000 0.421327
398.510000 0.421310
398.760000 0.421299
399.010000 0.421294
399.260000 0.421294
399.510000 0.421300
399.760000 0.421311
400.010000 0.421327
400.260000 0.421350
400.510000 0.421377
400.760000 0.421410
401.010000 0.421449
401.260000 0.421493
401.510000 0.421542
401.760000 0.421597
402.010000 0.421658
402.260000 0.421724
402.510000 0.421795
402.760000 0.421872
403.010000 0.421954
403.260000 0.422042
403.510000 0.422135
403.760000 0.422234
404.010000 0.422338
404.260000 0.422448
404.510000 0.422563
404.760000 0.422683
405.010000 0.422809
405.260000 0.422940
405.510000 0.423076
405.760000 0.423218
406.010000 0.423365
406.260000 0.423518
406.510000 0.423676
406.760000 0.423839
407.010000 0.424008
407.260000 0.424182
407.510000 0.424361
407.760000 0.424545
408.010000 0.424735
408.260000 0.424930
408.510000 0.425130
408.760000 0.425336
409.010000 0.425546
409.260000 0.425762
409.510000 0.425983
409.760000 0.426210
410.010000 0.426441
410.260000 0.426678
410.510000 0.426919
410.760000 0.427166
411.010000 0.427418
411.260000 0.427675
411.510000 0.427937
411.760000 0.428204
412.010000 0.428476
412.260000 0.428753
412.510000 0.429035
412.760000 0.429321
413.010000 0.429613
413.260000 0.429910
413.510000 0.430212
413.760000 0.430518
414.010000 0.430830
414.260000 0.431146
414.510000 0.431467
414.760000 0.431793
415.010000 0.432123
415.260000 0.432459
415.510000 0.432799
415.760000 0.433143
416.010000 0.433493
416.260000 0.433847
416.510000 0.434206
416.760000 0.434569
417.010000 0.434937
417.260000 0.435309
417.510000 0.435686
417.760000 0.436067
418.010000 0.436453
418.260000 0.436843
418.510000 0.437238
418.760000 0.437637
419.010000 0.438041
419.260000 0.438448
419.510000 0.438860
419.760000 0.439277
420.010000 0.439697
420.260000 0.440122
420.510000 0.440551
420.760000 0.440984
421.010000 0.441421
421.260000 0.441863
421.510000 0.442308
421.760000 0.442758
422.010000 0.443211
422.260000 0.443668
422.510000 0.444130
422.760000 0.444595
423.010000 0.445064
423.260000 0.445537
423.510000 0.446014
423.760000 0.446494
424.010000 0.446978
424.260000 0.447466
424.510000 0.447958
424.760000 0.448453
425.010000 0.448952
425.260000 0.449454
425.510000 0.449960
425.760000 0.450470
426.010000 0.450982
426.260000 0.451499
426.510000 0.452018
426.760000 0.452541
427.010000 0.453068
427.260000 0.453597
427.510000 0.454130
427.760000 0.454666
428.010000 0.455206
428.260000 0.455748
428.510000 0.456293
428.760000 0.456842
429.010000 0.457393
429.260000 0.457948
429.510000 0.458505
429.760000 0.459066
430.010000 0.459629
430.260000 0.460195
430.510000 0.460764
430.760000 0.461335
431.010000 0.461909
431.260000 0.462486
431.510000 0.463066
431.760000 0.463648
432.010000 0.464233
432.260000 0.464820
432.510000 0.465409
432.760000 0.466001
433.010000 0.466596
433.260000 0.467192
433.510000 0.467791
433.760000 0.468393
434.010000 0.468996
434.260000 0.469602
434.510000 0.470209
434.760000 0.470819
435.010000 0.471431
435.260000 0.472045
435.510000 0.472661
435.760000 0.473278
436.010000 0.473898
436.260000 0.474519
436.510000 0.475143
436.760000 0.475768
437.010000 0.476394
437.260000 0.477022
437.510000 0.477652
437.760000 0.478284
438.010000 0.478917
438.260000 0.479551
438.510000 0.480187
438.760000 0.480824
439.010000 0.481463
439.260000 0.482103
439.510000 0.482744
439.760000 0.483386
440.010000 0.484029
440.260000 0.484674
440.510000 0.485320
440.760000 0.485966
441.010000 0.486614
441.260000 0.487263
441.510000 0.487912
441.760000 0.488562
442.010000 0.489214
442.260000 0.489865
442.510000 0.490518
442.760000 0.491171
443.010000 0.491825
443.260000 0.492480
443.510000 0.493135
443.760000 0.493790
444.010000 0.494446
444.260000 0.495102
444.510000 0.495759
444.760000 0.496416
445.010000 0.497073
445.260000 0.497730
445.510000 0.498388
445.760000 0.499045
446.010000 0.499703
446.260000 0.500361
446.510000 0.501018
446.760000 0.501676
447.010000 0.502334
447.260000 0.502991
447.510000 0.503648
447.760000 0.504305
448.010000 0.504962
448.260000 0.505618
448.510000 0.506274
448.760000 0.506929
449.010000 0.507584
449.260000 0.508238
449.510000 0.508892
449.760000 0.509545
450.010000 0.510198
450.260000 0.510850
450.510000 0.511501
450.760000 0.512151
451.010000 0.512800
451.260000 0.513449
451.510000 0.514096
451.760000 0.514743
452.010000 0.515389
452.260000 0.516033
452.510000 0.516676
452.760000 0.517319
453.010000 0.517960
453.260000 0.518599
453.510000 0.519238
453.760000 0.519875
454.010000 0.520511
454.260000 0.521145
454.510000 0.521778
454.760000 0.522409
455.010000 0.523039
455.260000 0.523667
455.510000 0.524293
455.760000 0.524918
456.010000 0.525541
456.260000 0.526162
456.510000 0.526782
456.760000 0.527399
457.010000 0.528015
457.260000 0.528628
457.510000 0.529240
457.760000 0.529850
458.010000 0.530457
458.260000 0.531063
458.510000 0.531666
458.760000 0.532267
459.010000 0.532866
459.260000 0.533462
459.510000 0.534056
459.760000 0.534648
460.010000 0.535237
460.260000 0.535824
460.510000 0.536409
460.760000 0.536991
461.010000 0.537570
461.260000 0.538146
461.510000 0.538720
461.760000 0.539292
462.010000 0.539860
462.260000 0.540426
462.510000 0.540989
462.760000 0.541549
463.010000 0.542106
463.260000 0.542660
463.510000 0.543211
463.760000 0.543760
464.010000 0.544305
464.260000 0.544847
464.510000 0.545386
464.760000 0.545922
465.010000 0.546454
465.260000 0.546983
465.510000 0.547510
465.760000 0.548032
466.010000 0.548552
466.260000 0.549068
466.510000 0.549580
466.760000 0.550089
467.010000 0.550595
467.260000 0.551097
467.510000 0.551595
467.760000 0.552090
468.010000 0.552581
468.260000 0.553069
468.510000 0.553553
468.760000 0.554033
469.010000 0.554509
469.260000 0.554982
469.510000 0.555451
469.760000 0.555915
470.010000 0.556376
470.260000 0.556833
470.510000 0.557286
470.760000 0.557735
471.010000 0.558180
471.260000 0.558621
471.510000 0.559058
471.760000 0.559491
472.010000 0.559919
472.260000 0.560344
472.510000 0.560764
472.760000 0.561180
473.010000 0.561591
473.260000 0.561999
473.510000 0.562402
473.760000 0.562800
474.010000 0.563195
474.260000 0.563585
474.510000 0.563970
474.760000 0.564351
475.010000 0.564727
475.260000 0.565099
475.510000 0.565467
475.760000 0.565829
476.010000 0.566188
476.260000 0.566541
476.510000 0.566890
476.760000 0.567235
477.010000 0.567574
477.260000 0.567909
477.510000 0.568239
477.760000 0.568564
478.010000 0.568885
478.260000 0.569201
478.510000 0.569512
478.760000 0.569818
479.010000 0.570119
479.260000 0.570415
479.510000 0.570707
479.760000 0.570993
480.010000 0.571275
480.260000 0.571551
480.510000 0.571823
480.760000 0.572089
481.010000 0.572351
481.260000 0.572607
481.510000 0.572858
481.760000 0.573105
482.010000 0.573346
482.260000 0.573582
482.510000 0.573813
482.760000 0.574038
483.010000 0.574259
483.260000 0.574474
483.510000 0.574684
483.760000 0.574889
484.010000 0.575089
484.260000 0.575284
484.510000 0.575473
484.760000 0.575657
485.010000 0.575835
485.260000 0.576009
485.510000 0.576177
485.760000 0.576340
486.010000 0.576497
486.260000 0.576649
486.510000 0.576796
486.760000 0.576937
487.010000 0.577073
487.260000 0.577204
487.510000 0.577329
487.760000 0.577449
488.010000 0.577563
488.260000 0.577672
488.510000 0.577776
488.760000 0.577874
489.010000 0.577967
489.260000 0.578054
489.510000 0.578136
489.760000 0.578212
490.010000 0.578283
490.260000 0.578348
490.510000 0.578408
490.760000 0.578463
491.010000 0.578512
491.260000 0.578555
491.510000 0.578593
491.760000 0.578626
492.010000 0.578653
492.260000 0.578674
492.510000 0.578690
492.760000 0.578701
493.010000 0.578706
493.260000 0.578706
493.510000 0.578700
493.760000 0.578688
494.010000 0.578671
494.260000 0.578649
494.510000 0.578621
494.760000 0.578588
495.010000 0.578549
495.260000 0.578504
495.510000 0.578455
495.760000 0.578399
496.010000 0.578338
496.260000 0.578272
496.510000 0.578200
496.760000 0.578123
497.010000 0.578041
497.260000 0.577952
497.510000 0.577859
497.760000 0.577760
498.010000 0.577655
498.260000 0.577546
498.510000 0.577430
498.760000 0.577310
499.010000 0.577184
499.260000 0.577052
499.510000 0.576915
499.760000 0.576773
500.010000 0.576626
500.260000 0.576473
500.510000 0.576314
500.760000 0.576151
501.010000 0.575982
501.260000 0.575808
501.510000 0.575628
501.760000 0.575443
502.010000 0.575253
502.260000 0.575058
502.510000 0.574857
502.760000 0.574652
503.010000 0.574441
503.260000 0.574225
503.510000 0.574003
503.760000 0.573777
504.010000 0.573545
504.260000 0.573308
504.510000 0.573066
504.760000 0.572819
505.010000 0.572567
505.260000 0.572310
505.510000 0.572047
505.760000 0.571780
506.010000 0.571508
506.260000 0.571231
506.510000 0.570948
506.760000 0.570661
507.010000 0.570369
507.260000 0.570072
507.510000 0.569770
507.760000 0.569463
508.010000 0.569151
508.260000 0.568835
508.510000 0.568514
508.760000 0.568187
509.010000 0.567857
509.260000 0.567521
509.510000 0.567181
509.760000 0.566836
510.010000 0.566486
510.260000 0.566132
510.510000 0.565773
510.760000 0.565409
511.010000 0.565041
511.260000 0.564668
511.510000 0.564291
511.760000 0.563910
512.010000 0.563524
512.260000 0.563133
512.510000 0.562738
512.760000 0.562339
513.010000 0.561935
513.260000 0.561527
513.510000 0.561115
513.760000 0.560698
514.010000 0.560277
514.260000 0.559852
514.510000 0.559423
514.760000 0.558990
515.010000 0.558552
515.260000 0.558111
515.510000 0.557665
515.760000 0.557215
516.010000 0.556762
516.260000 0.556304
516.510000 0.555843
516.760000 0.555377
517.010000 0.554908
517.260000 0.554435
517.510000 0.553958
517.760000 0.553477
518.010000 0.552993
518.260000 0.552504
518.510000 0.552013
518.760000 0.551517
519.010000 0.551018
519.260000 0.550515
519.510000 0.550009
519.760000 0.549500
520.010000 0.548987
520.260000 0.548470
520.510000 0.547950
520.760000 0.547427
521.010000 0.546900
521.260000 0.546371
521.510000 0.545838
521.760000 0.545301
522.010000 0.544762
522.260000 0.544219
522.510000 0.543674
522.760000 0.543125
523.010000 0.542573
523.260000 0.542019
523.510000 0.541461
523.760000 0.540900
524.010000 0.540337
524.260000 0.539771
524.510000 0.539202
524.760000 0.538630
525.010000 0.538056
525.260000 0.537479
525.510000 0.536899
525.760000 0.536317
526.010000 0.535732
526.260000 0.535145
526.510000 0.534555
526.760000 0.533963
527.010000 0.533368
527.260000 0.532772
527.510000 0.532173
527.760000 0.531571
528.010000 0.530968
528.260000 0.530362
528.510000 0.529754
528.760000 0.529144
529.010000 0.528532
529.260000 0.527918
529.510000 0.527302
529.760000 0.526684
530.010000 0.526065
530.260000 0.525443
530.510000 0.524820
530.760000 0.524195
531.010000 0.523568
531.260000 0.522940
531.510000 0.522310
531.760000 0.521678
532.010000 0.521045
532.260000 0.520411
532.510000 0.519775
532.760000 0.519137
533.010000 0.518499
533.260000 0.517859
533.510000 0.517218
533.760000 0.516575
534.010000 0.515932
534.260000 0.515287
534.510000 0.514641
534.760000 0.513995
535.010000 0.513347
535.260000 0.512698
535.510000 0.512049
535.760000 0.511398
536.010000 0.510747
536.260000 0.510095
536.510000 0.509443
536.760000 0.508789
537.010000 0.508135
537.260000 0.507481
537.510000 0.506826
537.760000 0.506171
538.010000 0.505515
538.260000 0.504858
538.510000 0.504202
538.760000 0.503545
539.010000 0.502888
539.260000 0.502230
539.510000 0.501573
539.760000 0.500915
540.010000 0.500257
540.260000 0.499600
540.510000 0.498942
540.760000 0.498284
541.010000 0.497627
541.260000 0.496970
541.510000 0.496312
541.760000 0.495656
542.010000 0.494999
542.260000 0.494343
542.510000 0.493687
542.760000 0.493032
543.010000 0.492377
543.260000 0.491722
543.510000 0.491069
543.760000 0.490415
544.010000 0.489763
544.260000 0.489111
544.510000 0.488460
544.760000 0.487810
545.010000 0.487161
545.260000 0.486512
545.510000 0.485865
545.760000 0.485218
546.010000 0.484573
546.260000 0.483928
546.510000 0.483285
546.760000 0.482643
547.010000 0.482002
547.260000 0.481362
547.510000 0.480724
547.760000 0.480087
548.010000 0.479451
548.260000 0.478817
548.510000 0.478184
548.760000 0.477553
549.010000 0.476924
549.260000 0.476296
549.510000 0.475669
549.760000 0.475045
550.010000 0.474422
550.260000 0.473801
550.510000 0.473181
550.760000 0.472564
551.010000 0.471948
551.260000 0.471335
551.510000 0.470723
551.760000 0.470114
552.010000 0.469506
552.260000 0.468901
552.510000 0.468298
552.760000 0.467697
553.010000 0.467098
553.260000 0.466502
553.510000 0.465908
553.760000 0.465316
554.010000 0.464727
554.260000 0.464140
554.510000 0.463556
554.760000 0.462975
555.010000 0.462395
555.260000 0.461819
555.510000 0.461245
555.760000 0.460674
556.010000 0.460106
556.260000 0.459540
556.510000 0.458977
556.760000 0.458418
557.010000 0.457861
557.260000 0.457307
557.510000 0.456755
557.760000 0.456207
558.010000 0.455662
558.260000 0.455121
558.510000 0.454582
558.760000 0.454046
559.010000 0.453514
559.260000 0.452985
559.510000 0.452459
559.760000 0.451936
560.010000 0.451417
560.260000 0.450902
560.510000 0.450389
560.760000 0.449880
561.010000 0.449375
561.260000 0.448873
561.510000 0.448375
561.760000 0.447880
562.010000 0.447389
562.260000 0.446902
562.510000 0.446418
562.760000 0.445938
563.010000 0.445462
563.260000 0.444990
563.510000 0.444521
563.760000 0.444057
564.010000 0.443596
564.260000 0.443139
564.510000 0.442687
564.760000 0.442238
565.010000 0.441793
565.260000 0.441352
565.510000 0.440916
565.760000 0.440483
566.010000 0.440055
566.260000 0.439631
566.510000 0.439211
566.760000 0.438795
567.010000 0.438384
567.260000 0.437977
567.510000 0.437574
567.760000 0.437176
568.010000 0.436782
568.260000 0.436392
568.510000 0.436007
568.760000 0.435626
569.010000 0.435250
569.260000 0.434878
569.510000 0.434511
569.760000 0.434149
570.010000 0.433791
570.260000 0.433438
570.510000 0.433089
570.760000 0.432745
571.010000 0.432406
571.260000 0.432071
571.510000 0.431741
571.760000 0.431416
572.010000 0.431096
572.260000 0.430780
572.510000 0.430470
572.760000 0.430164
573.010000 0.429863
573.260000 0.429567
573.510000 0.429276
573.760000 0.428990
574.010000 0.428709
574.260000 0.428432
574.510000 0.428161
574.760000 0.427895
575.010000 0.427634
575.260000 0.427378
575.510000 0.427127
575.760000 0.426881
576.010000 0.426640
576.260000 0.426404
576.510000 0.426174
576.760000 0.425948
577.010000 0.425728
577.260000 0.425513
577.510000 0.425303
577.760000 0.425098
578.010000 0.424899
578.260000 0.424705
578.510000 0.424516
578.760000 0.424332
579.010000 0.424154
579.260000 0.423981
579.510000 0.423813
579.760000 0.423651
580.010000 0.423494
580.260000 0.423342
580.510000 0.423195
580.760000 0.423054
581.010000 0.422919
581.260000 0.422788
581.510000 0.422664
581.760000 0.422544
582.010000 0.422430
582.260000 0.422321
582.510000 0.422218
582.760000 0.422120
583.010000 0.422028
583.260000 0.421941
583.510000 0.421860
583.760000 0.421784
584.010000 0.421713
584.260000 0.421648
584.510000 0.421588
584.760000 0.421534
585.010000 0.421485
585.260000 0.421442
585.510000 0.421405
585.760000 0.421372
586.010000 0.421346
586.260000 0.421324
586.510000 0.421309
586.760000 0.421299
587.010000 0.421294
587.260000 0.421295
587.510000 0.421301
587.760000 0.421313
588.010000 0.421330
588.260000 0.421353
588.510000 0.421381
588.760000 0.421415
589.010000 0.421454
589.260000 0.421498
589.510000 0.421549
589.760000 0.421604
590.010000 0.421665
590.260000 0.421732
590.510000 0.421804
590.760000 0.421882
591.010000 0.421965
591.260000 0.422053
591.510000 0.422147
591.760000 0.422246
592.010000 0.422351
592.260000 0.422461
592.510000 0.422577
592.760000 0.422698
593.010000 0.422824
593.260000 0.422956
593.510000 0.423093
593.760000 0.423236
594.010000 0.423383
594.260000 0.423537
594.510000 0.423695
594.760000 0.423859
595.010000 0.424028
595.260000 0.424203
595.510000 0.424383
595.760000 0.424568
596.010000 0.424758
596.260000 0.424954
596.510000 0.425155
596.760000 0.425361
597.010000 0.425572
597.260000 0.425789
597.510000 0.426010
597.760000 0.426237
598.010000 0.426469
598.260000 0.426706
598.510000 0.426949
598.760000 0.427196
599.010000 0.427448
599.260000 0.427706
599.510000 0.427968
599.760000 0.428236
600.010000 0.428509
600.260000 0.428786
600.510000 0.429069
600.760000 0.429356
601.010000 0.429649
601.260000 0.429946
601.510000 0.430248
601.760000 0.430556
602.010000 0.430867
602.260000 0.431184
602.510000 0.431506
602.760000 0.431832
603.010000 0.432163
603.260000 0.432499
603.510000 0.432840
603.760000 0.433185
604.010000 0.433535
604.260000 0.433890
604.510000 0.434249
604.760000 0.434613
605.010000 0.434981
605.260000 0.435354
605.510000 0.435732
605.760000 0.436113
606.010000 0.436500
606.260000 0.436891
606.510000 0.437286
606.760000 0.437685
607.010000 0.438089
607.260000 0.438498
607.510000 0.438910
607.760000 0.439327
608.010000 0.439748
608.260000 0.440173
608.510000 0.440603
608.760000 0.441037
609.010000 0.441474
609.260000 0.441916
609.510000 0.442362
609.760000 0.442812
610.010000 0.443266
610.260000 0.443724
610.510000 0.444185
610.760000 0.444651
611.010000 0.445121
611.260000 0.445594
611.510000 0.446071
611.760000 0.446552
612.010000 0.447037
612.260000 0.447525
612.510000 0.448017
612.760000 0.448513
613.010000 0.449012
613.260000 0.449515
613.510000 0.450021
613.760000 0.450531
614.010000 0.451044
614.260000 0.451561
614.510000 0.452081
614.760000 0.452605
615.010000 0.453131
615.260000 0.453661
615.510000 0.454195
615.760000 0.454731
616.010000 0.455271
616.260000 0.455813
616.510000 0.456359
616.760000 0.456908
617.010000 0.457460
617.260000 0.458015
617.510000 0.458573
617.760000 0.459133
618.010000 0.459697
618.260000 0.460263
618.510000 0.460832
618.760000 0.461404
619.010000 0.461979
619.260000 0.462556
619.510000 0.463136
619.760000 0.463718
620.010000 0.464303
620.260000 0.464891
620.510000 0.465480
620.760000 0.466073
621.010000 0.466667
621.260000 0.467264
621.510000 0.467864
621.760000 0.468465
622.010000 0.469069
622.260000 0.469675
622.510000 0.470283
622.760000 0.470893
623.010000 0.471505
623.260000 0.472119
623.510000 0.472735
623.760000 0.473353
624.010000 0.473973
624.260000 0.474594
624.510000 0.475218
624.760000 0.475843
625.010000 0.476470
625.260000 0.477098
625.510000 0.477728
625.760000 0.478360
626.010000 0.478993
626.260000 0.479627
626.510000 0.480263
626.760000 0.480901
627.010000 0.481540
627.260000 0.482180
627.510000 0.482821
627.760000 0.483463
628.010000 0.484107
628.260000 0.484752
628.510000 0.485397
628.760000 0.486044
629.010000 0.486692
629.260000 0.487341
629.510000 0.487990
629.760000 0.488641
630.010000 0.489292
630.260000 0.489944
630.510000 0.490597
630.760000 0.491250
631.010000 0.491904
631.260000 0.492558
631.510000 0.493213
631.760000 0.493869
632.010000 0.494525
632.260000 0.495181
632.510000 0.495838
632.760000 0.496495
633.010000 0.497152
633.260000 0.497809
633.510000 0.498467
633.760000 0.499124
634.010000 0.499782
634.260000 0.500440
634.510000 0.501098
634.760000 0.501755
635.010000 0.502413
635.260000 0.503070
635.510000 0.503727
635.760000 0.504384
636.010000 0.505041
636.260000 0.505697
636.510000 0.506352
636.760000 0.507008
637.010000 0.507663
637.260000 0.508317
637.510000 0.508971
637.760000 0.509624
638.010000 0.510276
638.260000 0.510928
638.510000 0.511579
638.760000 0.512229
639.010000 0.512878
639.260000 0.513527
639.510000 0.514174
639.760000 0.514821
640.010000 0.515466
640.260000 0.516111
640.510000 0.516754
640.760000 0.517396
641.010000 0.518037
641.260000 0.518676
641.510000 0.519315
641.760000 0.519951
642.010000 0.520587
642.260000 0.521221
642.510000 0.521854
642.760000 0.522485
643.010000 0.523114
643.260000 0.523742
643.510000 0.524368
643.760000 0.524993
644.010000 0.525616
644.260000 0.526237
644.510000 0.526856
644.760000 0.527473
645.010000 0.528089
645.260000 0.528702
645.510000 0.529314
645.760000 0.529923
646.010000 0.530530
646.260000 0.531135
646.510000 0.531738
646.760000 0.532339
647.010000 0.532938
647.260000 0.533534
647.510000 0.534128
647.760000 0.534719
648.010000 0.535308
648.260000 0.535895
648.510000 0.536479
648.760000 0.537060
649.010000 0.537639
649.260000 0.538216
649.510000 0.538789
649.760000 0.539360
650.010000 0.539928
650.260000 0.540494
650.510000 0.541056
650.760000 0.541616
651.010000 0.542173
651.260000 0.542727
651.510000 0.543278
651.760000 0.543825
652.010000 0.544370
652.260000 0.544912
652.510000 0.545450
652.760000 0.545986
653.010000 0.546518
653.260000 0.547047
653.510000 0.547573
653.760000 0.548095
654.010000 0.548614
654.260000 0.549129
654.510000 0.549642
654.760000 0.550150
655.010000 0.550655
655.260000 0.551157
655.510000 0.551655
655.760000 0.552149
656.010000 0.552640
656.260000 0.553127
656.510000 0.553611
656.760000 0.554090
657.010000 0.554566
657.260000 0.555038
657.510000 0.555507
657.760000 0.555971
658.010000 0.556431
658.260000 0.556888
658.510000 0.557341
658.760000 0.557789
659.010000 0.558234
659.260000 0.558674
659.510000 0.559110
659.760000 0.559543
660.010000 0.559971
660.260000 0.560394
660.510000 0.560814
660.760000 0.561230
661.010000 0.561641
661.260000 0.562047
661.510000 0.562450
661.760000 0.562848
662.010000 0.563242
662.260000 0.563631
662.510000 0.564016
662.760000 0.564396
663.010000 0.564772
663.260000 0.565144
663.510000 0.565511
663.760000 0.565873
664.010000 0.566230
664.260000 0.566584
664.510000 0.566932
664.760000 0.567276
665.010000 0.567615
665.260000 0.567949
665.510000 0.568278
665.760000 0.568603
666.010000 0.568923
666.260000 0.569238
666.510000 0.569549
666.760000 0.569854
667.010000 0.570155
667.260000 0.570451
667.510000 0.570741
667.760000 0.571027
668.010000 0.571308
668.260000 0.571584
668.510000 0.571855
668.760000 0.572121
669.010000 0.572382
669.260000 0.572637
669.510000 0.572888
669.760000 0.573134
670.010000 0.573374
670.260000 0.573610
670.510000 0.573840
670.760000 0.574065
671.010000 0.574285
671.260000 0.574500
671.510000 0.574709
671.760000 0.574914
672.010000 0.575113
672.260000 0.575307
672.510000 0.575495
672.760000 0.575679
673.010000 0.575857
673.260000 0.576029
673.510000 0.576197
673.760000 0.576359
674.010000 0.576516
674.260000 0.576667
674.510000 0.576813
674.760000 0.576954
675.010000 0.577089
675.260000 0.577219
675.510000 0.577344
675.760000 0.577463
676.010000 0.577577
676.260000 0.577685
676.510000 0.577788
676.760000 0.577885
677.010000 0.577977
677.260000 0.578064
677.510000 0.578145
677.760000 0.578221
678.010000 0.578291
678.260000 0.578356
678.510000 0.578415
678.760000 0.578469
679.010000 0.578517
679.260000 0.578560
679.510000 0.578597
679.760000 0.578629
680.010000 0.578656
680.260000 0.578677
680.510000 0.578692
680.760000 0.578702
681.010000 0.578706
681.260000 0.578705
681.510000 0.578699
681.760000 0.578687
682.010000 0.578669
682.260000 0.578646
682.510000 0.578617
682.760000 0.578583
683.010000 0.578544
683.260000 0.578499
683.510000 0.578448
683.760000 0.578392
684.010000 0.578331
684.260000 0.578264
684.510000 0.578191
684.760000 0.578114
685.010000 0.578030
685.260000 0.577941
685.510000 0.577847
685.760000 0.577748
686.010000 0.577643
686.260000 0.577532
686.510000 0.577416
686.760000 0.577295
687.010000 0.577168
687.260000 0.577036
687.510000 0.576899
687.760000 0.576756
688.010000 0.576607
688.260000 0.576454
688.510000 0.576295
688.760000 0.576131
689.010000 0.575961
689.260000 0.575786
689.510000 0.575606
689.760000 0.575421
690.010000 0.575230
690.260000 0.575034
690.510000 0.574833
690.760000 0.574627
691.010000 0.574415
691.260000 0.574198
691.510000 0.573976
691.760000 0.573749
692.010000 0.573517
692.260000 0.573279
692.510000 0.573037
692.760000 0.572789
693.010000 0.572536
693.260000 0.572278
693.510000 0.572016
693.760000 0.571748
694.010000 0.571475
694.260000 0.571197
694.510000 0.570914
694.760000 0.570626
695.010000 0.570333
695.260000 0.570036
695.510000 0.569733
695.760000 0.569426
696.010000 0.569114
696.260000 0.568796
696.510000 0.568475
696.760000 0.568148
697.010000 0.567816
697.260000 0.567480
697.510000 0.567139
697.760000 0.566794
698.010000 0.566444
698.260000 0.566089
698.510000 0.565729
698.760000 0.565365
699.010000 0.564996
699.260000 0.564623
699.510000 0.564246
699.760000 0.563863
700.010000 0.563477
700.260000 0.563086
700.510000 0.562690
700.760000 0.562290
701.010000 0.561886
701.260000 0.561478
701.510000 0.561065
701.760000 0.560648
702.010000 0.560226
702.260000 0.559801
702.510000 0.559371
702.760000 0.558937
703.010000 0.558499
703.260000 0.558057
703.510000 0.557611
703.760000 0.557161
704.010000 0.556707
704.260000 0.556249
704.510000 0.555787
704.760000 0.555321
705.010000 0.554851
705.260000 0.554377
705.510000 0.553900
705.760000 0.553419
706.010000 0.552934
706.260000 0.552445
706.510000 0.551953
706.760000 0.551457
707.010000 0.550958
707.260000 0.550455
707.510000 0.549948
707.760000 0.549438
708.010000 0.548925
708.260000 0.548408
708.510000 0.547887
708.760000 0.547364
709.010000 0.546837
709.260000 0.546307
709.510000 0.545773
709.760000 0.545237
710.010000 0.544697
710.260000 0.544154
710.510000 0.543608
710.760000 0.543059
711.010000 0.542507
711.260000 0.541952
711.510000 0.541394
711.760000 0.540833
712.010000 0.540269
712.260000 0.539703
712.510000 0.539133
712.760000 0.538561
713.010000 0.537987
713.260000 0.537409
713.510000 0.536829
713.760000 0.536247
714.010000 0.535662
714.260000 0.535074
714.510000 0.534484
714.760000 0.533892
715.010000 0.533297
715.260000 0.532700
715.510000 0.532100
715.760000 0.531499
716.010000 0.530895
716.260000 0.530289
716.510000 0.529681
716.760000 0.529070
717.010000 0.528458
717.260000 0.527844
717.510000 0.527228
717.760000 0.526610
718.010000 0.525990
718.260000 0.525368
718.510000 0.524745
718.760000 0.524119
719.010000 0.523493
719.260000 0.522864
719.510000 0.522234
719.760000 0.521602
720.010000 0.520969
720.260000 0.520334
720.510000 0.519698
720.760000 0.519061
721.010000 0.518422
721.260000 0.517782
721.510000 0.517141
721.760000 0.516498
722.010000 0.515854
722.260000 0.515210
722.510000 0.514564
722.760000 0.513917
723.010000 0.513269
723.260000 0.512620
723.510000 0.511971
723.760000 0.511320
724.010000 0.510669
724.260000 0.510017
724.510000 0.509364
724.760000 0.508711
725.010000 0.508057
725.260000 0.507402
725.510000 0.506747
725.760000 0.506092
726.010000 0.505436
726.260000 0.504779
726.510000 0.504123
726.760000 0.503466
727.010000 0.502809
727.260000 0.502151
727.510000 0.501494
727.760000 0.500836
728.010000 0.500178
728.260000 0.499521
728.510000 0.498863
728.760000 0.498205
729.010000 0.497548
729.260000 0.496890
729.510000 0.496233
729.760000 0.495577
730.010000 0.494920
730.260000 0.494264
730.510000 0.493608
730.760000 0.492953
731.010000 0.492298
731.260000 0.491644
731.510000 0.490990
731.760000 0.490337
732.010000 0.489684
732.260000 0.489033
732.510000 0.488382
732.760000 0.487732
733.010000 0.487083
733.260000 0.486434
733.510000 0.485787
733.760000 0.485140
734.010000 0.484495
734.260000 0.483851
734.510000 0.483208
734.760000 0.482566
735.010000 0.481925
735.260000 0.481285
735.510000 0.480647
735.760000 0.480010
736.010000 0.479375
736.260000 0.478741
736.510000 0.478108
736.760000 0.477477
737.010000 0.476848
737.260000 0.476220
737.510000 0.475594
737.760000 0.474969
738.010000 0.474347
738.260000 0.473726
738.510000 0.473107
738.760000 0.472490
739.010000 0.471874
739.260000 0.471261
739.510000 0.470650
739.760000 0.470041
740.010000 0.469433
740.260000 0.468828
740.510000 0.468226
740.760000 0.467625
741.010000 0.467027
741.260000 0.466430
741.510000 0.465837
741.760000 0.465245
742.010000 0.464657
742.260000 0.464070
742.510000 0.463486
742.760000 0.462905
743.010000 0.462326
743.260000 0.461750
743.510000 0.461176
743.760000 0.460606
744.010000 0.460038
744.260000 0.459472
